#
# A fatal error has been detected by the Java Runtime Environment:
#
#  SIGSEGV (0xb) at pc=0x000000010a8461c4, pid=39120, tid=29451
#
# JRE version: Java(TM) SE Runtime Environment (8.0_66-b17) (build 1.8.0_66-b17)
# Java VM: Java HotSpot(TM) 64-Bit Server VM (25.66-b17 mixed mode bsd-amd64 compressed oops)
# Problematic frame:
# V  [libjvm.dylib+0x4461c4]  Method::checked_resolve_jmethod_id(_jmethodID*)+0x22
#
# Failed to write core dump. Core dumps have been disabled. To enable core dumping, try "ulimit -c unlimited" before starting Java again
#
# If you would like to submit a bug report, please visit:
#   http://bugreport.java.com/bugreport/crash.jsp
#

---------------  T H R E A D  ---------------

Current thread (0x00007f8de1bed000):  JavaThread "*** Profiler Agent Communication Thread" daemon [_thread_in_vm, id=29451, stack(0x000070000238f000,0x000070000248f000)]

siginfo: si_signo: 11 (SIGSEGV), si_code: 1 (SEGV_MAPERR), si_addr: 0x000000000000001b

Registers:
RAX=0x000000000000000b, RBX=0x000000012cd74248, RCX=0x000000010ac14310, RDX=0x000070000248e698
RSP=0x000070000248e5d0, RBP=0x000070000248e5e0, RSI=0x00007f8de1bed000, RDI=0x000000012cd74248
R8 =0x0000000000000000, R9 =0x00007f8de755a030, R10=0x000000005549cd8d, R11=0x00007f8de7500000
R12=0x00007f8de1bed000, R13=0x00007f8de23047c0, R14=0x00007f8de765acd0, R15=0x00007f8de724eaf0
RIP=0x000000010a8461c4, EFLAGS=0x0000000000010206, ERR=0x0000000000000004
  TRAPNO=0x000000000000000e

Top of Stack: (sp=0x000070000248e5d0)
0x000070000248e5d0:   000070000248e698 000070000248e698
0x000070000248e5e0:   000070000248e640 000000010a755e77
0x000070000248e5f0:   00007f8de1bed000 0000000000000000
0x000070000248e600:   0000700000000000 0000000000000000
0x000070000248e610:   00007f8de1bed000 00007f8de1bed000
0x000070000248e620:   00007f8de765acd0 00007fff78051bd0
0x000070000248e630:   0000000000000070 000000000000033b
0x000070000248e640:   000070000248e6d0 0000000129c48da7
0x000070000248e650:   0000000129c4c420 00007f8de2304600
0x000070000248e660:   000070000248e760 00007f8de1bed1f8
0x000070000248e670:   0000000000000000 00007f8de0d35a30
0x000070000248e680:   00007f8de75af270 0000000000000000
0x000070000248e690:   00007f8de7580ef0 00007f8de2838e58
0x000070000248e6a0:   00000001a85f8390 00000001a85f8390
0x000070000248e6b0:   0000000000000000 00000001a85f8390
0x000070000248e6c0:   000070000248e770 00007f8de1bed000
0x000070000248e6d0:   000070000248e740 000000010b39b954
0x000070000248e6e0:   000070000248e740 000000010b39b6d9
0x000070000248e6f0:   000000010b3a7823 000000010b39b6a2
0x000070000248e700:   000070000248e700 00000001a85f8390
0x000070000248e710:   000070000248e770 00000001a85f8650
0x000070000248e720:   0000000000000000 00000001a85f8390
0x000070000248e730:   0000000000000000 000070000248e760
0x000070000248e740:   000070000248e7b8 000000010b38d9d0
0x000070000248e750:   00000006c027dfb0 000000010b39557b
0x000070000248e760:   000000076ac491e8 000000076ac484a0
0x000070000248e770:   000000000000033b 000070000248e778
0x000070000248e780:   00000001a85cdbf2 000070000248e7e8
0x000070000248e790:   00000001a85d2828 0000000000000000
0x000070000248e7a0:   00000001a85cdc10 000070000248e760
0x000070000248e7b0:   000070000248e7e8 000070000248e838
0x000070000248e7c0:   000000010b38d9d0 0000000000000000 

Instructions: (pc=0x000000010a8461c4)
0x000000010a8461a4:   89 e5 53 48 83 ec 08 48 85 ff 74 24 48 8b 1f 48
0x000000010a8461b4:   85 db 74 1c 48 83 fb 37 74 16 48 8b 03 48 89 df
0x000000010a8461c4:   ff 50 10 84 c0 b8 00 00 00 00 48 0f 45 c3 eb 02
0x000000010a8461d4:   31 c0 48 83 c4 08 5b 5d c3 90 55 48 89 e5 48 8b 

Register to memory mapping:

RAX=0x000000000000000b is an unknown value
RBX=0x000000012cd74248 is pointing into metadata
RCX=0x000000010ac14310: UseMembar+0 in /Library/Internet Plug-Ins/JavaAppletPlugin.plugin/Contents/Home/lib/server/libjvm.dylib at 0x000000010a400000
RDX=0x000070000248e698 is pointing into the stack for thread: 0x00007f8de1bed000
RSP=0x000070000248e5d0 is pointing into the stack for thread: 0x00007f8de1bed000
RBP=0x000070000248e5e0 is pointing into the stack for thread: 0x00007f8de1bed000
RSI=0x00007f8de1bed000 is a thread
RDI=0x000000012cd74248 is pointing into metadata
R8 =0x0000000000000000 is an unknown value
R9 =0x00007f8de755a030 is an unknown value
R10=0x000000005549cd8d is an unknown value
R11=0x00007f8de7500000 is an unknown value
R12=0x00007f8de1bed000 is a thread
R13=0x00007f8de23047c0 is an unknown value
R14=0x00007f8de765acd0 is an unknown value
R15=0x00007f8de724eaf0 is an unknown value


Stack: [0x000070000238f000,0x000070000248f000],  sp=0x000070000248e5d0,  free space=1021k
Native frames: (J=compiled Java code, j=interpreted, Vv=VM code, C=native code)
V  [libjvm.dylib+0x4461c4]  Method::checked_resolve_jmethod_id(_jmethodID*)+0x22
V  [libjvm.dylib+0x355e77]  jvmti_GetMethodDeclaringClass+0xa1
C  [libprofilerinterface.jnilib+0x3da7]  Java_org_netbeans_lib_profiler_server_system_Stacks_getMethodNamesForJMethodIds+0xf3
j  org.netbeans.lib.profiler.server.system.Stacks.getMethodNamesForJMethodIds(I[I[I)[B+0
j  org.netbeans.lib.profiler.server.ProfilerInterface.getMethodNamesForJMethodIds([I)Lorg/netbeans/lib/profiler/wireprotocol/MethodNamesResponse;+18
j  org.netbeans.lib.profiler.server.ProfilerServer.handleClientCommand(Lorg/netbeans/lib/profiler/wireprotocol/Command;)V+675
j  org.netbeans.lib.profiler.server.ProfilerServer.listenToClient()V+48
j  org.netbeans.lib.profiler.server.ProfilerServer.run()V+22
v  ~StubRoutines::call_stub
V  [libjvm.dylib+0x2ea35e]  JavaCalls::call_helper(JavaValue*, methodHandle*, JavaCallArguments*, Thread*)+0x6ae
V  [libjvm.dylib+0x2eaaec]  JavaCalls::call_virtual(JavaValue*, KlassHandle, Symbol*, Symbol*, JavaCallArguments*, Thread*)+0x164
V  [libjvm.dylib+0x2eac98]  JavaCalls::call_virtual(JavaValue*, Handle, KlassHandle, Symbol*, Symbol*, Thread*)+0x4a
V  [libjvm.dylib+0x345215]  thread_entry(JavaThread*, Thread*)+0x7c
V  [libjvm.dylib+0x560b83]  JavaThread::thread_main_inner()+0x9b
V  [libjvm.dylib+0x56227e]  JavaThread::run()+0x1c2
V  [libjvm.dylib+0x482cd6]  java_start(Thread*)+0xf6
C  [libsystem_pthread.dylib+0x3c13]  _pthread_body+0x83
C  [libsystem_pthread.dylib+0x3b90]  _pthread_body+0x0
C  [libsystem_pthread.dylib+0x1375]  thread_start+0xd
C  0x0000000000000000

Java frames: (J=compiled Java code, j=interpreted, Vv=VM code)
j  org.netbeans.lib.profiler.server.system.Stacks.getMethodNamesForJMethodIds(I[I[I)[B+0
j  org.netbeans.lib.profiler.server.ProfilerInterface.getMethodNamesForJMethodIds([I)Lorg/netbeans/lib/profiler/wireprotocol/MethodNamesResponse;+18
j  org.netbeans.lib.profiler.server.ProfilerServer.handleClientCommand(Lorg/netbeans/lib/profiler/wireprotocol/Command;)V+675
j  org.netbeans.lib.profiler.server.ProfilerServer.listenToClient()V+48
j  org.netbeans.lib.profiler.server.ProfilerServer.run()V+22
v  ~StubRoutines::call_stub

---------------  P R O C E S S  ---------------

Java Threads: ( => current thread )
  0x00007f8de1bde800 JavaThread "RMI TCP Connection(4)-192.168.1.6" daemon [_thread_in_native, id=65295, stack(0x000070000279b000,0x000070000289b000)]
  0x00007f8de32c4000 JavaThread "*** Profiler Agent Special Execution Thread 3" daemon [_thread_blocked, id=65547, stack(0x0000700002698000,0x0000700002798000)]
  0x00007f8de20c8800 JavaThread "process reaper" daemon [_thread_blocked, id=63823, stack(0x0000700000097000,0x00007000000bf000)]
  0x00007f8de20a7000 JavaThread "*** Profiler Agent Special Execution Thread 6" daemon [_thread_blocked, id=64523, stack(0x0000700002595000,0x0000700002695000)]
  0x00007f8de20a6800 JavaThread "*** JFluid Monitor thread ***" daemon [_thread_blocked, id=42503, stack(0x0000700002492000,0x0000700002592000)]
=>0x00007f8de1bed000 JavaThread "*** Profiler Agent Communication Thread" daemon [_thread_in_vm, id=29451, stack(0x000070000238f000,0x000070000248f000)]
  0x00007f8de3068000 JavaThread "RMI TCP Connection(3)-192.168.1.6" daemon [_thread_in_native, id=41495, stack(0x000070000228c000,0x000070000238c000)]
  0x00007f8de183a000 JavaThread "RMI TCP Connection(2)-192.168.1.6" daemon [_thread_blocked, id=4879, stack(0x0000700002189000,0x0000700002289000)]
  0x00007f8de5000000 JavaThread "JMX server connection timeout 23" daemon [_thread_blocked, id=29959, stack(0x0000700002086000,0x0000700002186000)]
  0x00007f8de3212000 JavaThread "RMI Scheduler(0)" daemon [_thread_blocked, id=36871, stack(0x0000700001f83000,0x0000700002083000)]
  0x00007f8de3064000 JavaThread "RMI TCP Connection(1)-192.168.1.6" daemon [_thread_in_native, id=16647, stack(0x0000700001e80000,0x0000700001f80000)]
  0x00007f8de30c0800 JavaThread "RMI TCP Accept-0" daemon [_thread_in_native, id=15627, stack(0x00007000017e5000,0x00007000018e5000)]
  0x00007f8de3215800 JavaThread "Attach Listener" daemon [_thread_blocked, id=47651, stack(0x00007000014d6000,0x00007000015d6000)]
  0x00007f8de11b5000 JavaThread "TimerQueue" daemon [_thread_blocked, id=59703, stack(0x0000700001cfa000,0x0000700001dfa000)]
  0x00007f8de223e000 JavaThread "Java2D Disposer" daemon [_thread_blocked, id=56339, stack(0x0000700001bf7000,0x0000700001cf7000)]
  0x00007f8de1952800 JavaThread "Java2D Queue Flusher" daemon [_thread_blocked, id=55047, stack(0x0000700001af4000,0x0000700001bf4000)]
  0x00007f8de1011000 JavaThread "DestroyJavaVM" [_thread_blocked, id=5891, stack(0x000070000011a000,0x000070000021a000)]
  0x00007f8de1007000 JavaThread "AWT-EventQueue-0" [_thread_blocked, id=45839, stack(0x00007000019f1000,0x0000700001af1000)]
  0x00007f8de21ac000 JavaThread "AWT-Shutdown" [_thread_blocked, id=32275, stack(0x00007000016e2000,0x00007000017e2000)]
  0x00007f8de21ad800 JavaThread "AppKit Thread" daemon [_thread_in_native, id=1295, stack(0x00007fff563bc000,0x00007fff56bbc000)]
  0x00007f8de184d800 JavaThread "Service Thread" daemon [_thread_blocked, id=20995, stack(0x00007000012d0000,0x00007000013d0000)]
  0x00007f8de3008000 JavaThread "C1 CompilerThread3" daemon [_thread_blocked, id=20483, stack(0x00007000011cd000,0x00007000012cd000)]
  0x00007f8de100d800 JavaThread "C2 CompilerThread2" daemon [_thread_blocked, id=19971, stack(0x00007000010ca000,0x00007000011ca000)]
  0x00007f8de182a800 JavaThread "C2 CompilerThread1" daemon [_thread_blocked, id=19459, stack(0x0000700000fc7000,0x00007000010c7000)]
  0x00007f8de2065000 JavaThread "C2 CompilerThread0" daemon [_thread_blocked, id=18947, stack(0x0000700000ec4000,0x0000700000fc4000)]
  0x00007f8de2072800 JavaThread "Signal Dispatcher" daemon [_thread_blocked, id=14863, stack(0x0000700000dc1000,0x0000700000ec1000)]
  0x00007f8de181f800 JavaThread "Finalizer" daemon [_thread_blocked, id=14339, stack(0x0000700000c3b000,0x0000700000d3b000)]
  0x00007f8de2001000 JavaThread "Reference Handler" daemon [_thread_blocked, id=13827, stack(0x0000700000b38000,0x0000700000c38000)]

Other Threads:
  0x00007f8de181f000 VMThread [stack: 0x0000700000a35000,0x0000700000b35000] [id=13315]
  0x00007f8de1856800 WatcherThread [stack: 0x00007000013d3000,0x00007000014d3000] [id=21507]

VM state:not at safepoint (normal execution)

VM Mutex/Monitor currently owned by a thread: None

Heap:
 PSYoungGen      total 76288K, used 3008K [0x000000076ab00000, 0x0000000770000000, 0x00000007c0000000)
  eden space 65536K, 4% used [0x000000076ab00000,0x000000076adf0100,0x000000076eb00000)
  from space 10752K, 0% used [0x000000076eb00000,0x000000076eb00000,0x000000076f580000)
  to   space 10752K, 0% used [0x000000076f580000,0x000000076f580000,0x0000000770000000)
 ParOldGen       total 73728K, used 5671K [0x00000006c0000000, 0x00000006c4800000, 0x000000076ab00000)
  object space 73728K, 7% used [0x00000006c0000000,0x00000006c0589c38,0x00000006c4800000)
 Metaspace       used 34942K, capacity 35472K, committed 35752K, reserved 1081344K
  class space    used 3138K, capacity 3310K, committed 3376K, reserved 1048576K

Card table byte_map: [0x000000011a746000,0x000000011af47000] byte_map_base: 0x0000000117146000

Marking Bits: (ParMarkBitMap*) 0x000000010acdde20
 Begin Bits: [0x000000011b49d000, 0x000000011f49d000)
 End Bits:   [0x000000011f49d000, 0x000000012349d000)

Polling page: 0x000000010933f000

CodeCache: size=245760Kb used=2883Kb max_used=5375Kb free=242876Kb
 bounds [0x000000010b386000, 0x000000010b8d6000, 0x000000011a386000]
 total_blobs=1426 nmethods=838 adapters=501
 compilation: enabled

Compilation events (10 events):
Event: 53.721 Thread 0x00007f8de3008000 nmethod 2113 0x000000010b7633d0 code [0x000000010b763520, 0x000000010b763630]
Event: 53.721 Thread 0x00007f8de3008000 2114       1       java.lang.Enum::name (5 bytes)
Event: 53.721 Thread 0x00007f8de3008000 nmethod 2114 0x000000010b79c850 code [0x000000010b79c9a0, 0x000000010b79cab0]
Event: 53.721 Thread 0x00007f8de100d800 nmethod 2116 0x000000010b490fd0 code [0x000000010b491120, 0x000000010b4911f8]
Event: 53.721 Thread 0x00007f8de3008000 2118       3       java.util.TreeMap::writeObject (65 bytes)
Event: 53.722 Thread 0x00007f8de2065000 nmethod 2117 0x000000010b59ac50 code [0x000000010b59adc0, 0x000000010b59aeb8]
Event: 53.722 Thread 0x00007f8de3008000 nmethod 2118 0x000000010b740bd0 code [0x000000010b740e20, 0x000000010b741b98]
Event: 53.722 Thread 0x00007f8de182a800 nmethod 2115 0x000000010b4a2950 code [0x000000010b4a2ac0, 0x000000010b4a2d78]
Event: 53.749 Thread 0x00007f8de3008000 2119       3       java.lang.String::substring (111 bytes)
Event: 53.750 Thread 0x00007f8de3008000 nmethod 2119 0x000000010b488250 code [0x000000010b488460, 0x000000010b488ad8]

GC Heap History (10 events):
Event: 36.033 GC heap before
{Heap before GC invocations=2 (full 1):
 PSYoungGen      total 76288K, used 10740K [0x000000076ab00000, 0x0000000770000000, 0x00000007c0000000)
  eden space 65536K, 0% used [0x000000076ab00000,0x000000076ab00000,0x000000076eb00000)
  from space 10752K, 99% used [0x000000076eb00000,0x000000076f57d320,0x000000076f580000)
  to   space 10752K, 0% used [0x000000076f580000,0x000000076f580000,0x0000000770000000)
 ParOldGen       total 175104K, used 3728K [0x00000006c0000000, 0x00000006cab00000, 0x000000076ab00000)
  object space 175104K, 2% used [0x00000006c0000000,0x00000006c03a4098,0x00000006cab00000)
 Metaspace       used 20789K, capacity 21250K, committed 21296K, reserved 1069056K
  class space    used 2389K, capacity 2567K, committed 2608K, reserved 1048576K
Event: 36.063 GC heap after
Heap after GC invocations=2 (full 1):
 PSYoungGen      total 76288K, used 0K [0x000000076ab00000, 0x0000000770000000, 0x00000007c0000000)
  eden space 65536K, 0% used [0x000000076ab00000,0x000000076ab00000,0x000000076eb00000)
  from space 10752K, 0% used [0x000000076eb00000,0x000000076eb00000,0x000000076f580000)
  to   space 10752K, 0% used [0x000000076f580000,0x000000076f580000,0x0000000770000000)
 ParOldGen       total 83456K, used 13816K [0x00000006c0000000, 0x00000006c5180000, 0x000000076ab00000)
  object space 83456K, 16% used [0x00000006c0000000,0x00000006c0d7e088,0x00000006c5180000)
 Metaspace       used 20789K, capacity 21250K, committed 21296K, reserved 1069056K
  class space    used 2389K, capacity 2567K, committed 2608K, reserved 1048576K
}
Event: 39.425 GC heap before
{Heap before GC invocations=3 (full 1):
 PSYoungGen      total 76288K, used 16018K [0x000000076ab00000, 0x0000000770000000, 0x00000007c0000000)
  eden space 65536K, 24% used [0x000000076ab00000,0x000000076baa4bd0,0x000000076eb00000)
  from space 10752K, 0% used [0x000000076eb00000,0x000000076eb00000,0x000000076f580000)
  to   space 10752K, 0% used [0x000000076f580000,0x000000076f580000,0x0000000770000000)
 ParOldGen       total 83456K, used 13816K [0x00000006c0000000, 0x00000006c5180000, 0x000000076ab00000)
  object space 83456K, 16% used [0x00000006c0000000,0x00000006c0d7e088,0x00000006c5180000)
 Metaspace       used 34917K, capacity 35378K, committed 35496K, reserved 1081344K
  class space    used 3136K, capacity 3305K, committed 3376K, reserved 1048576K
Event: 39.428 GC heap after
Heap after GC invocations=3 (full 1):
 PSYoungGen      total 76288K, used 544K [0x000000076ab00000, 0x0000000770000000, 0x00000007c0000000)
  eden space 65536K, 0% used [0x000000076ab00000,0x000000076ab00000,0x000000076eb00000)
  from space 10752K, 5% used [0x000000076f580000,0x000000076f608000,0x0000000770000000)
  to   space 10752K, 0% used [0x000000076eb00000,0x000000076eb00000,0x000000076f580000)
 ParOldGen       total 83456K, used 13816K [0x00000006c0000000, 0x00000006c5180000, 0x000000076ab00000)
  object space 83456K, 16% used [0x00000006c0000000,0x00000006c0d7e088,0x00000006c5180000)
 Metaspace       used 34917K, capacity 35378K, committed 35496K, reserved 1081344K
  class space    used 3136K, capacity 3305K, committed 3376K, reserved 1048576K
}
Event: 39.428 GC heap before
{Heap before GC invocations=4 (full 2):
 PSYoungGen      total 76288K, used 544K [0x000000076ab00000, 0x0000000770000000, 0x00000007c0000000)
  eden space 65536K, 0% used [0x000000076ab00000,0x000000076ab00000,0x000000076eb00000)
  from space 10752K, 5% used [0x000000076f580000,0x000000076f608000,0x0000000770000000)
  to   space 10752K, 0% used [0x000000076eb00000,0x000000076eb00000,0x000000076f580000)
 ParOldGen       total 83456K, used 13816K [0x00000006c0000000, 0x00000006c5180000, 0x000000076ab00000)
  object space 83456K, 16% used [0x00000006c0000000,0x00000006c0d7e088,0x00000006c5180000)
 Metaspace       used 34917K, capacity 35378K, committed 35496K, reserved 1081344K
  class space    used 3136K, capacity 3305K, committed 3376K, reserved 1048576K
Event: 39.468 GC heap after
Heap after GC invocations=4 (full 2):
 PSYoungGen      total 76288K, used 0K [0x000000076ab00000, 0x0000000770000000, 0x00000007c0000000)
  eden space 65536K, 0% used [0x000000076ab00000,0x000000076ab00000,0x000000076eb00000)
  from space 10752K, 0% used [0x000000076f580000,0x000000076f580000,0x0000000770000000)
  to   space 10752K, 0% used [0x000000076eb00000,0x000000076eb00000,0x000000076f580000)
 ParOldGen       total 73216K, used 5784K [0x00000006c0000000, 0x00000006c4780000, 0x000000076ab00000)
  object space 73216K, 7% used [0x00000006c0000000,0x00000006c05a63a0,0x00000006c4780000)
 Metaspace       used 34916K, capacity 35372K, committed 35496K, reserved 1081344K
  class space    used 3135K, capacity 3304K, committed 3376K, reserved 1048576K
}
Event: 53.043 GC heap before
{Heap before GC invocations=5 (full 2):
 PSYoungGen      total 76288K, used 7048K [0x000000076ab00000, 0x0000000770000000, 0x00000007c0000000)
  eden space 65536K, 10% used [0x000000076ab00000,0x000000076b1e2340,0x000000076eb00000)
  from space 10752K, 0% used [0x000000076f580000,0x000000076f580000,0x0000000770000000)
  to   space 10752K, 0% used [0x000000076eb00000,0x000000076eb00000,0x000000076f580000)
 ParOldGen       total 73216K, used 5784K [0x00000006c0000000, 0x00000006c4780000, 0x000000076ab00000)
  object space 73216K, 7% used [0x00000006c0000000,0x00000006c05a63a0,0x00000006c4780000)
 Metaspace       used 34936K, capacity 35460K, committed 35752K, reserved 1081344K
  class space    used 3137K, capacity 3308K, committed 3376K, reserved 1048576K
Event: 53.045 GC heap after
Heap after GC invocations=5 (full 2):
 PSYoungGen      total 76288K, used 160K [0x000000076ab00000, 0x0000000770000000, 0x00000007c0000000)
  eden space 65536K, 0% used [0x000000076ab00000,0x000000076ab00000,0x000000076eb00000)
  from space 10752K, 1% used [0x000000076eb00000,0x000000076eb28000,0x000000076f580000)
  to   space 10752K, 0% used [0x000000076f580000,0x000000076f580000,0x0000000770000000)
 ParOldGen       total 73216K, used 5792K [0x00000006c0000000, 0x00000006c4780000, 0x000000076ab00000)
  object space 73216K, 7% used [0x00000006c0000000,0x00000006c05a83a0,0x00000006c4780000)
 Metaspace       used 34936K, capacity 35460K, committed 35752K, reserved 1081344K
  class space    used 3137K, capacity 3308K, committed 3376K, reserved 1048576K
}
Event: 53.045 GC heap before
{Heap before GC invocations=6 (full 3):
 PSYoungGen      total 76288K, used 160K [0x000000076ab00000, 0x0000000770000000, 0x00000007c0000000)
  eden space 65536K, 0% used [0x000000076ab00000,0x000000076ab00000,0x000000076eb00000)
  from space 10752K, 1% used [0x000000076eb00000,0x000000076eb28000,0x000000076f580000)
  to   space 10752K, 0% used [0x000000076f580000,0x000000076f580000,0x0000000770000000)
 ParOldGen       total 73216K, used 5792K [0x00000006c0000000, 0x00000006c4780000, 0x000000076ab00000)
  object space 73216K, 7% used [0x00000006c0000000,0x00000006c05a83a0,0x00000006c4780000)
 Metaspace       used 34936K, capacity 35460K, committed 35752K, reserved 1081344K
  class space    used 3137K, capacity 3308K, committed 3376K, reserved 1048576K
Event: 53.093 GC heap after
Heap after GC invocations=6 (full 3):
 PSYoungGen      total 76288K, used 0K [0x000000076ab00000, 0x0000000770000000, 0x00000007c0000000)
  eden space 65536K, 0% used [0x000000076ab00000,0x000000076ab00000,0x000000076eb00000)
  from space 10752K, 0% used [0x000000076eb00000,0x000000076eb00000,0x000000076f580000)
  to   space 10752K, 0% used [0x000000076f580000,0x000000076f580000,0x0000000770000000)
 ParOldGen       total 73728K, used 5671K [0x00000006c0000000, 0x00000006c4800000, 0x000000076ab00000)
  object space 73728K, 7% used [0x00000006c0000000,0x00000006c0589c38,0x00000006c4800000)
 Metaspace       used 34936K, capacity 35460K, committed 35752K, reserved 1081344K
  class space    used 3137K, capacity 3308K, committed 3376K, reserved 1048576K
}

Deoptimization events (10 events):
Event: 1.285 Thread 0x00007f8de1007000 Uncommon trap: reason=class_check action=maybe_recompile pc=0x000000010b4ebb5c method=java.lang.String.equals(Ljava/lang/Object;)Z @ 8
Event: 1.286 Thread 0x00007f8de1007000 Uncommon trap: reason=class_check action=maybe_recompile pc=0x000000010b4ebb5c method=java.lang.String.equals(Ljava/lang/Object;)Z @ 8
Event: 1.292 Thread 0x00007f8de1007000 Uncommon trap: reason=class_check action=maybe_recompile pc=0x000000010b4ebb5c method=java.lang.String.equals(Ljava/lang/Object;)Z @ 8
Event: 1.292 Thread 0x00007f8de1007000 Uncommon trap: reason=class_check action=maybe_recompile pc=0x000000010b4ebb5c method=java.lang.String.equals(Ljava/lang/Object;)Z @ 8
Event: 33.851 Thread 0x00007f8de1bed000 Uncommon trap: reason=class_check action=maybe_recompile pc=0x000000010b6d6120 method=java.io.ObjectOutputStream$BlockDataOutputStream.drain()V @ 36
Event: 33.955 Thread 0x00007f8de1bed000 Uncommon trap: reason=class_check action=maybe_recompile pc=0x000000010b6d6120 method=java.io.ObjectOutputStream$BlockDataOutputStream.drain()V @ 36
Event: 33.958 Thread 0x00007f8de1bed000 Uncommon trap: reason=unstable_if action=reinterpret pc=0x000000010b6e47c4 method=java.io.ObjectOutputStream$BlockDataOutputStream.getUTFLength(Ljava/lang/String;)J @ 73
Event: 33.958 Thread 0x00007f8de1bed000 Uncommon trap: reason=class_check action=maybe_recompile pc=0x000000010b6d6120 method=java.io.ObjectOutputStream$BlockDataOutputStream.drain()V @ 36
Event: 33.958 Thread 0x00007f8de1bed000 Uncommon trap: reason=class_check action=maybe_recompile pc=0x000000010b6d6120 method=java.io.ObjectOutputStream$BlockDataOutputStream.drain()V @ 36
Event: 34.210 Thread 0x00007f8de1bed000 Uncommon trap: reason=unstable_if action=reinterpret pc=0x000000010b6eb87c method=java.io.ObjectOutputStream$BlockDataOutputStream.writeBytes(Ljava/lang/String;)V @ 22

Internal exceptions (10 events):
Event: 11.660 Thread 0x00007f8de3064000 Exception <a 'java/lang/NoSuchMethodError': <clinit>> (0x000000076befb000) thrown at [/HUDSON3/workspace/8-2-build-macosx-x86_64/jdk8u66/4988/hotspot/src/share/vm/prims/jni.cpp, line 1591]
Event: 11.660 Thread 0x00007f8de3064000 Exception <a 'java/lang/NoSuchMethodError': <clinit>> (0x000000076befbc18) thrown at [/HUDSON3/workspace/8-2-build-macosx-x86_64/jdk8u66/4988/hotspot/src/share/vm/prims/jni.cpp, line 1591]
Event: 12.291 Thread 0x00007f8de3064000 Exception <a 'java/lang/NoSuchMethodError': <clinit>> (0x000000076bf71358) thrown at [/HUDSON3/workspace/8-2-build-macosx-x86_64/jdk8u66/4988/hotspot/src/share/vm/prims/jni.cpp, line 1591]
Event: 12.294 Thread 0x00007f8de3064000 Exception <a 'java/lang/NoSuchMethodError': <clinit>> (0x000000076bf79418) thrown at [/HUDSON3/workspace/8-2-build-macosx-x86_64/jdk8u66/4988/hotspot/src/share/vm/prims/jni.cpp, line 1591]
Event: 14.694 Thread 0x00007f8de3064000 Exception <a 'java/lang/NoSuchMethodError': <clinit>> (0x000000076c0ea7e8) thrown at [/HUDSON3/workspace/8-2-build-macosx-x86_64/jdk8u66/4988/hotspot/src/share/vm/prims/jni.cpp, line 1591]
Event: 14.701 Thread 0x00007f8de3064000 Exception <a 'java/lang/NoSuchMethodError': <clinit>> (0x000000076c11de68) thrown at [/HUDSON3/workspace/8-2-build-macosx-x86_64/jdk8u66/4988/hotspot/src/share/vm/prims/jni.cpp, line 1591]
Event: 36.065 Thread 0x00007f8de181f800 Exception <a 'java/lang/NullPointerException'> (0x000000076ac47be0) thrown at [/HUDSON3/workspace/8-2-build-macosx-x86_64/jdk8u66/4988/hotspot/src/share/vm/interpreter/linkResolver.cpp, line 1178]
Event: 38.753 Thread 0x00007f8de184d800 Exception <a 'java/lang/ArrayIndexOutOfBoundsException': 71> (0x000000076ab0c580) thrown at [/HUDSON3/workspace/8-2-build-macosx-x86_64/jdk8u66/4988/hotspot/src/share/vm/interpreter/interpreterRuntime.cpp, line 366]
Event: 38.797 Thread 0x00007f8de184d800 Exception <a 'java/lang/ArrayIndexOutOfBoundsException'> (0x000000076ab26f38) thrown at [/HUDSON3/workspace/8-2-build-macosx-x86_64/jdk8u66/4988/hotspot/src/share/vm/runtime/sharedRuntime.cpp, line 605]
Event: 38.798 Thread 0x00007f8de184d800 Exception <a 'java/lang/ArrayIndexOutOfBoundsException'> (0x000000076ab29cd0) thrown at [/HUDSON3/workspace/8-2-build-macosx-x86_64/jdk8u66/4988/hotspot/src/share/vm/runtime/sharedRuntime.cpp, line 605]

Events (10 events):
Event: 53.043 Executing VM operation: ParallelGCSystemGC
Event: 53.093 Executing VM operation: ParallelGCSystemGC done
Event: 53.717 Executing VM operation: BulkRevokeBias
Event: 53.718 Executing VM operation: BulkRevokeBias done
Event: 53.718 Executing VM operation: BulkRevokeBias
Event: 53.718 Executing VM operation: BulkRevokeBias done
Event: 53.718 Executing VM operation: ThreadDump
Event: 53.718 Executing VM operation: ThreadDump done
Event: 53.809 loading class org/netbeans/lib/profiler/wireprotocol/GetMethodNamesForJMethodIdsCommand
Event: 53.809 loading class org/netbeans/lib/profiler/wireprotocol/GetMethodNamesForJMethodIdsCommand done


Dynamic libraries:
0x0000000004ba7000 	/System/Library/Frameworks/Cocoa.framework/Versions/A/Cocoa
0x0000000004ba7000 	/System/Library/Frameworks/Security.framework/Versions/A/Security
0x0000000004ba7000 	/System/Library/Frameworks/ApplicationServices.framework/Versions/A/ApplicationServices
0x0000000004ba7000 	/usr/lib/libz.1.dylib
0x0000000004ba7000 	/usr/lib/libSystem.B.dylib
0x0000000004ba7000 	/usr/lib/libobjc.A.dylib
0x0000000004ba7000 	/System/Library/Frameworks/CoreFoundation.framework/Versions/A/CoreFoundation
0x0000000004ba7000 	/System/Library/Frameworks/Foundation.framework/Versions/C/Foundation
0x0000000004ba7000 	/System/Library/Frameworks/AppKit.framework/Versions/C/AppKit
0x0000000004ba7000 	/System/Library/Frameworks/CoreData.framework/Versions/A/CoreData
0x0000000004ba7000 	/System/Library/PrivateFrameworks/RemoteViewServices.framework/Versions/A/RemoteViewServices
0x0000000004ba7000 	/System/Library/PrivateFrameworks/UIFoundation.framework/Versions/A/UIFoundation
0x0000000004ba7000 	/usr/lib/libScreenReader.dylib
0x0000000004ba7000 	/System/Library/Frameworks/Accelerate.framework/Versions/A/Accelerate
0x0000000004ba7000 	/System/Library/Frameworks/IOSurface.framework/Versions/A/IOSurface
0x0000000004ba7000 	/System/Library/Frameworks/AudioToolbox.framework/Versions/A/AudioToolbox
0x0000000004ba7000 	/System/Library/Frameworks/AudioUnit.framework/Versions/A/AudioUnit
0x0000000004ba7000 	/System/Library/PrivateFrameworks/DataDetectorsCore.framework/Versions/A/DataDetectorsCore
0x0000000004ba7000 	/System/Library/PrivateFrameworks/DesktopServicesPriv.framework/Versions/A/DesktopServicesPriv
0x0000000004ba7000 	/System/Library/Frameworks/Carbon.framework/Versions/A/Frameworks/HIToolbox.framework/Versions/A/HIToolbox
0x0000000004ba7000 	/System/Library/Frameworks/QuartzCore.framework/Versions/A/QuartzCore
0x0000000004ba7000 	/System/Library/Frameworks/Carbon.framework/Versions/A/Frameworks/SpeechRecognition.framework/Versions/A/SpeechRecognition
0x0000000004ba7000 	/usr/lib/libauto.dylib
0x0000000004ba7000 	/usr/lib/libicucore.A.dylib
0x0000000004ba7000 	/usr/lib/libxml2.2.dylib
0x0000000004ba7000 	/System/Library/PrivateFrameworks/CoreUI.framework/Versions/A/CoreUI
0x0000000004ba7000 	/System/Library/Frameworks/CoreAudio.framework/Versions/A/CoreAudio
0x0000000004ba7000 	/System/Library/Frameworks/DiskArbitration.framework/Versions/A/DiskArbitration
0x0000000004ba7000 	/usr/lib/liblangid.dylib
0x0000000004ba7000 	/System/Library/PrivateFrameworks/MultitouchSupport.framework/Versions/A/MultitouchSupport
0x0000000004ba7000 	/System/Library/Frameworks/IOKit.framework/Versions/A/IOKit
0x0000000004ba7000 	/usr/lib/libDiagnosticMessagesClient.dylib
0x0000000004ba7000 	/System/Library/Frameworks/CoreServices.framework/Versions/A/CoreServices
0x0000000004ba7000 	/System/Library/PrivateFrameworks/PerformanceAnalysis.framework/Versions/A/PerformanceAnalysis
0x0000000004ba7000 	/System/Library/PrivateFrameworks/GenerationalStorage.framework/Versions/A/GenerationalStorage
0x0000000004ba7000 	/System/Library/Frameworks/OpenGL.framework/Versions/A/OpenGL
0x0000000004ba7000 	/System/Library/PrivateFrameworks/Sharing.framework/Versions/A/Sharing
0x0000000004ba7000 	/System/Library/Frameworks/CoreGraphics.framework/Versions/A/CoreGraphics
0x0000000004ba7000 	/System/Library/Frameworks/CoreImage.framework/Versions/A/CoreImage
0x0000000004ba7000 	/System/Library/Frameworks/CoreText.framework/Versions/A/CoreText
0x0000000004ba7000 	/System/Library/Frameworks/ImageIO.framework/Versions/A/ImageIO
0x0000000004ba7000 	/System/Library/PrivateFrameworks/Backup.framework/Versions/A/Backup
0x0000000004ba7000 	/usr/lib/libextension.dylib
0x0000000004ba7000 	/usr/lib/libarchive.2.dylib
0x0000000004ba7000 	/System/Library/Frameworks/CFNetwork.framework/Versions/A/CFNetwork
0x0000000004ba7000 	/System/Library/Frameworks/SystemConfiguration.framework/Versions/A/SystemConfiguration
0x0000000004ba7000 	/usr/lib/libCRFSuite.dylib
0x0000000004ba7000 	/usr/lib/libc++.1.dylib
0x0000000004ba7000 	/usr/lib/libc++abi.dylib
0x0000000004ba7000 	/usr/lib/system/libcache.dylib
0x0000000004ba7000 	/usr/lib/system/libcommonCrypto.dylib
0x0000000004ba7000 	/usr/lib/system/libcompiler_rt.dylib
0x0000000004ba7000 	/usr/lib/system/libcopyfile.dylib
0x0000000004ba7000 	/usr/lib/system/libcorecrypto.dylib
0x0000000004ba7000 	/usr/lib/system/libdispatch.dylib
0x0000000004ba7000 	/usr/lib/system/libdyld.dylib
0x0000000004ba7000 	/usr/lib/system/libkeymgr.dylib
0x0000000004ba7000 	/usr/lib/system/liblaunch.dylib
0x0000000004ba7000 	/usr/lib/system/libmacho.dylib
0x0000000004ba7000 	/usr/lib/system/libquarantine.dylib
0x0000000004ba7000 	/usr/lib/system/libremovefile.dylib
0x0000000004ba7000 	/usr/lib/system/libsystem_asl.dylib
0x0000000004ba7000 	/usr/lib/system/libsystem_blocks.dylib
0x0000000004ba7000 	/usr/lib/system/libsystem_c.dylib
0x0000000004ba7000 	/usr/lib/system/libsystem_configuration.dylib
0x0000000004ba7000 	/usr/lib/system/libsystem_coreservices.dylib
0x0000000004ba7000 	/usr/lib/system/libsystem_coretls.dylib
0x0000000004ba7000 	/usr/lib/system/libsystem_dnssd.dylib
0x0000000004ba7000 	/usr/lib/system/libsystem_info.dylib
0x0000000004ba7000 	/usr/lib/system/libsystem_kernel.dylib
0x0000000004ba7000 	/usr/lib/system/libsystem_m.dylib
0x0000000004ba7000 	/usr/lib/system/libsystem_malloc.dylib
0x0000000004ba7000 	/usr/lib/system/libsystem_network.dylib
0x0000000004ba7000 	/usr/lib/system/libsystem_networkextension.dylib
0x0000000004ba7000 	/usr/lib/system/libsystem_notify.dylib
0x0000000004ba7000 	/usr/lib/system/libsystem_platform.dylib
0x0000000004ba7000 	/usr/lib/system/libsystem_pthread.dylib
0x0000000004ba7000 	/usr/lib/system/libsystem_sandbox.dylib
0x0000000004ba7000 	/usr/lib/system/libsystem_secinit.dylib
0x0000000004ba7000 	/usr/lib/system/libsystem_trace.dylib
0x0000000004ba7000 	/usr/lib/system/libunc.dylib
0x0000000004ba7000 	/usr/lib/system/libunwind.dylib
0x0000000004ba7000 	/usr/lib/system/libxpc.dylib
0x0000000004ba7000 	/usr/lib/libenergytrace.dylib
0x0000000004ba7000 	/usr/lib/libbsm.0.dylib
0x0000000004ba7000 	/usr/lib/system/libkxld.dylib
0x0000000004ba7000 	/usr/lib/libxar.1.dylib
0x0000000004ba7000 	/usr/lib/libsqlite3.dylib
0x0000000004ba7000 	/usr/lib/libpam.2.dylib
0x0000000004ba7000 	/usr/lib/libOpenScriptingUtil.dylib
0x0000000004ba7000 	/usr/lib/libbz2.1.0.dylib
0x0000000004ba7000 	/usr/lib/liblzma.5.dylib
0x0000000004ba7000 	/System/Library/Frameworks/CoreServices.framework/Versions/A/Frameworks/FSEvents.framework/Versions/A/FSEvents
0x0000000004ba7000 	/System/Library/Frameworks/CoreServices.framework/Versions/A/Frameworks/CarbonCore.framework/Versions/A/CarbonCore
0x0000000004ba7000 	/System/Library/Frameworks/CoreServices.framework/Versions/A/Frameworks/Metadata.framework/Versions/A/Metadata
0x0000000004ba7000 	/System/Library/Frameworks/CoreServices.framework/Versions/A/Frameworks/OSServices.framework/Versions/A/OSServices
0x0000000004ba7000 	/System/Library/Frameworks/CoreServices.framework/Versions/A/Frameworks/SearchKit.framework/Versions/A/SearchKit
0x0000000004ba7000 	/System/Library/Frameworks/CoreServices.framework/Versions/A/Frameworks/AE.framework/Versions/A/AE
0x0000000004ba7000 	/System/Library/Frameworks/CoreServices.framework/Versions/A/Frameworks/LaunchServices.framework/Versions/A/LaunchServices
0x0000000004ba7000 	/System/Library/Frameworks/CoreServices.framework/Versions/A/Frameworks/DictionaryServices.framework/Versions/A/DictionaryServices
0x0000000004ba7000 	/System/Library/Frameworks/CoreServices.framework/Versions/A/Frameworks/SharedFileList.framework/Versions/A/SharedFileList
0x0000000004ba7000 	/System/Library/Frameworks/NetFS.framework/Versions/A/NetFS
0x0000000004ba7000 	/System/Library/PrivateFrameworks/NetAuth.framework/Versions/A/NetAuth
0x0000000004ba7000 	/System/Library/PrivateFrameworks/login.framework/Versions/A/Frameworks/loginsupport.framework/Versions/A/loginsupport
0x0000000004ba7000 	/System/Library/PrivateFrameworks/TCC.framework/Versions/A/TCC
0x0000000004ba7000 	/usr/lib/libmecabra.dylib
0x0000000004ba7000 	/System/Library/Frameworks/ApplicationServices.framework/Versions/A/Frameworks/ATS.framework/Versions/A/ATS
0x0000000004ba7000 	/System/Library/Frameworks/ApplicationServices.framework/Versions/A/Frameworks/ColorSync.framework/Versions/A/ColorSync
0x0000000004ba7000 	/System/Library/Frameworks/ApplicationServices.framework/Versions/A/Frameworks/HIServices.framework/Versions/A/HIServices
0x0000000004ba7000 	/System/Library/Frameworks/ApplicationServices.framework/Versions/A/Frameworks/LangAnalysis.framework/Versions/A/LangAnalysis
0x0000000004ba7000 	/System/Library/Frameworks/ApplicationServices.framework/Versions/A/Frameworks/PrintCore.framework/Versions/A/PrintCore
0x0000000004ba7000 	/System/Library/Frameworks/ApplicationServices.framework/Versions/A/Frameworks/QD.framework/Versions/A/QD
0x0000000004ba7000 	/System/Library/Frameworks/ApplicationServices.framework/Versions/A/Frameworks/SpeechSynthesis.framework/Versions/A/SpeechSynthesis
0x0000000004ba7000 	/System/Library/Frameworks/Metal.framework/Versions/A/Metal
0x0000000004ba7000 	/System/Library/Frameworks/Accelerate.framework/Versions/A/Frameworks/vImage.framework/Versions/A/vImage
0x0000000004ba7000 	/System/Library/Frameworks/Accelerate.framework/Versions/A/Frameworks/vecLib.framework/Versions/A/vecLib
0x0000000004ba7000 	/System/Library/Frameworks/Accelerate.framework/Versions/A/Frameworks/vecLib.framework/Versions/A/libvDSP.dylib
0x0000000004ba7000 	/System/Library/Frameworks/Accelerate.framework/Versions/A/Frameworks/vecLib.framework/Versions/A/libvMisc.dylib
0x0000000004ba7000 	/System/Library/Frameworks/Accelerate.framework/Versions/A/Frameworks/vecLib.framework/Versions/A/libLAPACK.dylib
0x0000000004ba7000 	/System/Library/Frameworks/Accelerate.framework/Versions/A/Frameworks/vecLib.framework/Versions/A/libBLAS.dylib
0x0000000004ba7000 	/System/Library/Frameworks/Accelerate.framework/Versions/A/Frameworks/vecLib.framework/Versions/A/libLinearAlgebra.dylib
0x0000000004ba7000 	/System/Library/Frameworks/Accelerate.framework/Versions/A/Frameworks/vecLib.framework/Versions/A/libSparseBLAS.dylib
0x0000000004ba7000 	/System/Library/PrivateFrameworks/GPUCompiler.framework/libmetal_timestamp.dylib
0x0000000004ba7000 	/System/Library/Frameworks/OpenGL.framework/Versions/A/Libraries/libCoreFSCache.dylib
0x0000000004ba7000 	/System/Library/PrivateFrameworks/IOAccelerator.framework/Versions/A/IOAccelerator
0x0000000004ba7000 	/System/Library/Frameworks/ApplicationServices.framework/Versions/A/Frameworks/ATS.framework/Versions/A/Resources/libFontParser.dylib
0x0000000004ba7000 	/System/Library/Frameworks/ApplicationServices.framework/Versions/A/Frameworks/ATS.framework/Versions/A/Resources/libFontRegistry.dylib
0x0000000004ba7000 	/System/Library/PrivateFrameworks/AppleVPA.framework/Versions/A/AppleVPA
0x0000000004ba7000 	/System/Library/PrivateFrameworks/AppleJPEG.framework/Versions/A/AppleJPEG
0x0000000004ba7000 	/System/Library/Frameworks/ImageIO.framework/Versions/A/Resources/libJPEG.dylib
0x0000000004ba7000 	/System/Library/Frameworks/ImageIO.framework/Versions/A/Resources/libTIFF.dylib
0x0000000004ba7000 	/System/Library/Frameworks/ImageIO.framework/Versions/A/Resources/libPng.dylib
0x0000000004ba7000 	/System/Library/Frameworks/ImageIO.framework/Versions/A/Resources/libGIF.dylib
0x0000000004ba7000 	/System/Library/Frameworks/ImageIO.framework/Versions/A/Resources/libJP2.dylib
0x0000000004ba7000 	/System/Library/Frameworks/ImageIO.framework/Versions/A/Resources/libRadiance.dylib
0x0000000004ba7000 	/System/Library/Frameworks/CoreVideo.framework/Versions/A/CoreVideo
0x0000000004ba7000 	/System/Library/Frameworks/OpenGL.framework/Versions/A/Libraries/libGLU.dylib
0x0000000004ba7000 	/System/Library/Frameworks/OpenGL.framework/Versions/A/Libraries/libGFXShared.dylib
0x0000000004ba7000 	/System/Library/Frameworks/OpenGL.framework/Versions/A/Libraries/libGL.dylib
0x0000000004ba7000 	/System/Library/Frameworks/OpenGL.framework/Versions/A/Libraries/libGLImage.dylib
0x0000000004ba7000 	/System/Library/Frameworks/OpenGL.framework/Versions/A/Libraries/libCVMSPluginSupport.dylib
0x0000000004ba7000 	/System/Library/Frameworks/OpenGL.framework/Versions/A/Libraries/libCoreVMClient.dylib
0x0000000004ba7000 	/usr/lib/libcups.2.dylib
0x0000000004ba7000 	/System/Library/Frameworks/Kerberos.framework/Versions/A/Kerberos
0x0000000004ba7000 	/System/Library/Frameworks/GSS.framework/Versions/A/GSS
0x0000000004ba7000 	/usr/lib/libresolv.9.dylib
0x0000000004ba7000 	/usr/lib/libiconv.2.dylib
0x0000000004ba7000 	/System/Library/PrivateFrameworks/Heimdal.framework/Versions/A/Heimdal
0x0000000004ba7000 	/usr/lib/libheimdal-asn1.dylib
0x0000000004ba7000 	/System/Library/Frameworks/OpenDirectory.framework/Versions/A/OpenDirectory
0x0000000004ba7000 	/System/Library/PrivateFrameworks/CommonAuth.framework/Versions/A/CommonAuth
0x0000000004ba7000 	/System/Library/Frameworks/OpenDirectory.framework/Versions/A/Frameworks/CFOpenDirectory.framework/Versions/A/CFOpenDirectory
0x0000000004ba7000 	/System/Library/Frameworks/SecurityFoundation.framework/Versions/A/SecurityFoundation
0x0000000004ba7000 	/System/Library/PrivateFrameworks/LanguageModeling.framework/Versions/A/LanguageModeling
0x0000000004ba7000 	/usr/lib/libmarisa.dylib
0x0000000004ba7000 	/usr/lib/libChineseTokenizer.dylib
0x0000000004ba7000 	/usr/lib/libcmph.dylib
0x0000000004ba7000 	/usr/lib/libcompression.dylib
0x0000000004ba7000 	/System/Library/Frameworks/ServiceManagement.framework/Versions/A/ServiceManagement
0x0000000004ba7000 	/usr/lib/libxslt.1.dylib
0x0000000004ba7000 	/System/Library/Frameworks/Carbon.framework/Versions/A/Frameworks/Ink.framework/Versions/A/Ink
0x0000000004ba7000 	/usr/lib/libFosl_dynamic.dylib
0x0000000004ba7000 	/System/Library/PrivateFrameworks/FaceCore.framework/Versions/A/FaceCore
0x0000000004ba7000 	/System/Library/Frameworks/OpenCL.framework/Versions/A/OpenCL
0x0000000004ba7000 	/System/Library/PrivateFrameworks/CrashReporterSupport.framework/Versions/A/CrashReporterSupport
0x0000000004ba7000 	/System/Library/PrivateFrameworks/IconServices.framework/Versions/A/IconServices
0x0000000004ba7000 	/System/Library/PrivateFrameworks/Apple80211.framework/Versions/A/Apple80211
0x0000000004ba7000 	/System/Library/Frameworks/CoreWLAN.framework/Versions/A/CoreWLAN
0x0000000004ba7000 	/System/Library/Frameworks/IOBluetooth.framework/Versions/A/IOBluetooth
0x0000000004ba7000 	/System/Library/PrivateFrameworks/CoreWiFi.framework/Versions/A/CoreWiFi
0x0000000004ba7000 	/System/Library/Frameworks/CoreBluetooth.framework/Versions/A/CoreBluetooth
0x0000000004ba7000 	/System/Library/PrivateFrameworks/ChunkingLibrary.framework/Versions/A/ChunkingLibrary
0x0000000004ba7000 	/System/Library/PrivateFrameworks/DebugSymbols.framework/Versions/A/DebugSymbols
0x0000000004ba7000 	/System/Library/PrivateFrameworks/CoreSymbolication.framework/Versions/A/CoreSymbolication
0x0000000004ba7000 	/System/Library/PrivateFrameworks/Symbolication.framework/Versions/A/Symbolication
0x0000000004ba7000 	/System/Library/PrivateFrameworks/SpeechRecognitionCore.framework/Versions/A/SpeechRecognitionCore
0x000000004ef90000 	/System/Library/CoreServices/Encodings/libCyrillicConverter.dylib
0x000000010a400000 	/Library/Internet Plug-Ins/JavaAppletPlugin.plugin/Contents/Home/lib/server/libjvm.dylib
0x0000000004ba7000 	/usr/lib/libstdc++.6.dylib
0x00000001092fc000 	/Library/Internet Plug-Ins/JavaAppletPlugin.plugin/Contents/Home/lib/libverify.dylib
0x000000010930a000 	/Library/Internet Plug-Ins/JavaAppletPlugin.plugin/Contents/Home/lib/libjava.dylib
0x0000000109349000 	/Library/Internet Plug-Ins/JavaAppletPlugin.plugin/Contents/Home/lib/libzip.dylib
0x0000000126368000 	/System/Library/Frameworks/JavaVM.framework/Frameworks/JavaRuntimeSupport.framework/JavaRuntimeSupport
0x0000000126383000 	/System/Library/Frameworks/JavaVM.framework/Versions/A/Frameworks/JavaNativeFoundation.framework/Versions/A/JavaNativeFoundation
0x0000000126398000 	/System/Library/Frameworks/JavaVM.framework/Versions/A/JavaVM
0x0000000004ba7000 	/System/Library/Frameworks/Carbon.framework/Versions/A/Carbon
0x00000001263a5000 	/System/Library/PrivateFrameworks/JavaLaunching.framework/Versions/A/JavaLaunching
0x0000000004ba7000 	/System/Library/Frameworks/Carbon.framework/Versions/A/Frameworks/CommonPanels.framework/Versions/A/CommonPanels
0x0000000004ba7000 	/System/Library/Frameworks/Carbon.framework/Versions/A/Frameworks/Help.framework/Versions/A/Help
0x0000000004ba7000 	/System/Library/Frameworks/Carbon.framework/Versions/A/Frameworks/ImageCapture.framework/Versions/A/ImageCapture
0x0000000004ba7000 	/System/Library/Frameworks/Carbon.framework/Versions/A/Frameworks/OpenScripting.framework/Versions/A/OpenScripting
0x0000000004ba7000 	/System/Library/Frameworks/Carbon.framework/Versions/A/Frameworks/Print.framework/Versions/A/Print
0x0000000004ba7000 	/System/Library/Frameworks/Carbon.framework/Versions/A/Frameworks/SecurityHI.framework/Versions/A/SecurityHI
0x0000000127cce000 	/Library/Internet Plug-Ins/JavaAppletPlugin.plugin/Contents/Home/lib/libawt.dylib
0x0000000127d76000 	/Library/Internet Plug-Ins/JavaAppletPlugin.plugin/Contents/Home/lib/./libmlib_image.dylib
0x0000000127e42000 	/Library/Internet Plug-Ins/JavaAppletPlugin.plugin/Contents/Home/lib/libawt_lwawt.dylib
0x0000000127ef7000 	/Library/Internet Plug-Ins/JavaAppletPlugin.plugin/Contents/Home/lib/./libosxapp.dylib
0x0000000004ba7000 	/System/Library/Frameworks/ExceptionHandling.framework/Versions/A/ExceptionHandling
0x0000000004ba7000 	/System/Library/PrivateFrameworks/CoreServicesInternal.framework/Versions/A/CoreServicesInternal
0x0000000004ba7000 	/System/Library/Frameworks/CoreGraphics.framework/Versions/A/Resources/libRIP.A.dylib
0x0000000004ba7000 	/System/Library/Frameworks/Accelerate.framework/Versions/A/Frameworks/vImage.framework/Versions/A/Libraries/libCGInterfaces.dylib
0x0000000004ba7000 	/System/Library/Frameworks/CoreGraphics.framework/Versions/A/Resources/libCGXType.A.dylib
0x0000000004ba7000 	/System/Library/Frameworks/OpenCL.framework/Versions/A/Libraries/libcldcpuengine.dylib
0x0000000004ba7000 	/System/Library/PrivateFrameworks/DiskImages.framework/Versions/A/DiskImages
0x0000000004ba7000 	/System/Library/Frameworks/DiscRecording.framework/Versions/A/DiscRecording
0x0000000004ba7000 	/usr/lib/libcsfde.dylib
0x0000000004ba7000 	/usr/lib/libcurl.4.dylib
0x0000000004ba7000 	/System/Library/PrivateFrameworks/MediaKit.framework/Versions/A/MediaKit
0x0000000004ba7000 	/System/Library/PrivateFrameworks/ProtectedCloudStorage.framework/Versions/A/ProtectedCloudStorage
0x0000000004ba7000 	/usr/lib/libCoreStorage.dylib
0x0000000004ba7000 	/System/Library/PrivateFrameworks/EFILogin.framework/Versions/A/EFILogin
0x0000000004ba7000 	/usr/lib/libutil.dylib
0x0000000004ba7000 	/System/Library/PrivateFrameworks/FindMyDevice.framework/Versions/A/FindMyDevice
0x0000000004ba7000 	/System/Library/Frameworks/LDAP.framework/Versions/A/LDAP
0x0000000004ba7000 	/usr/lib/libsasl2.2.dylib
0x0000000004ba7000 	/System/Library/PrivateFrameworks/CoreDaemon.framework/Versions/B/CoreDaemon
0x0000000004ba7000 	/usr/lib/libcrypto.0.9.8.dylib
0x0000000004ba7000 	/System/Library/PrivateFrameworks/AppleSRP.framework/Versions/A/AppleSRP
0x0000000004ba7000 	/System/Library/PrivateFrameworks/TrustEvaluationAgent.framework/Versions/A/TrustEvaluationAgent
0x0000000128cd1000 	cl_kernels
0x0000000004ba7000 	/System/Library/Frameworks/OpenCL.framework/Versions/A/Libraries/ImageFormats/unorm8_bgra.dylib
0x0000000004ba7000 	/System/Library/Frameworks/OpenCL.framework/Versions/A/Libraries/ImageFormats/unorm8_rgba.dylib
0x0000000004ba7000 	/System/Library/PrivateFrameworks/FamilyControls.framework/Versions/A/FamilyControls
0x0000000004ba7000 	/System/Library/PrivateFrameworks/CommerceKit.framework/Versions/A/Frameworks/CommerceCore.framework/Versions/A/CommerceCore
0x0000000004ba7000 	/System/Library/PrivateFrameworks/SystemAdministration.framework/Versions/A/SystemAdministration
0x0000000004ba7000 	/System/Library/PrivateFrameworks/AppContainer.framework/Versions/A/AppContainer
0x0000000004ba7000 	/System/Library/PrivateFrameworks/SecCodeWrapper.framework/Versions/A/SecCodeWrapper
0x0000000004ba7000 	/System/Library/Frameworks/DirectoryService.framework/Versions/A/DirectoryService
0x0000000004ba7000 	/System/Library/PrivateFrameworks/LoginUIKit.framework/Versions/A/Frameworks/LoginUICore.framework/Versions/A/LoginUICore
0x0000000004ba7000 	/usr/lib/libodfde.dylib
0x000000012b0be000 	/Library/Internet Plug-Ins/JavaAppletPlugin.plugin/Contents/Home/lib/libfontmanager.dylib
0x0000000004ba7000 	/System/Library/Frameworks/OpenGL.framework/Versions/A/Resources/GLEngine.bundle/GLEngine
0x0000000004ba7000 	/System/Library/Frameworks/OpenGL.framework/Versions/A/Libraries/libGLProgrammability.dylib
0x000000012b125000 	/System/Library/Extensions/AppleIntelHD5000GraphicsGLDriver.bundle/Contents/MacOS/AppleIntelHD5000GraphicsGLDriver
0x0000000004ba7000 	/System/Library/PrivateFrameworks/GPUSupport.framework/Versions/A/Libraries/libGPUSupportMercury.dylib
0x0000000004ba7000 	/System/Library/Frameworks/OpenGL.framework/Versions/A/Resources/GLRendererFloat.bundle/GLRendererFloat
0x000000012c11b000 	/Library/Internet Plug-Ins/JavaAppletPlugin.plugin/Contents/Home/lib/libosxui.dylib
0x000000012d090000 	/Library/Internet Plug-Ins/JavaAppletPlugin.plugin/Contents/Home/lib/libnet.dylib
0x000000012cdc6000 	/Library/Internet Plug-Ins/JavaAppletPlugin.plugin/Contents/Home/lib/libnio.dylib
0x0000000004ba7000 	/System/Library/Frameworks/ApplicationServices.framework/Versions/A/Frameworks/ATS.framework/Versions/A/Resources/libTrueTypeScaler.dylib
0x0000000195ffb000 	/Library/Internet Plug-Ins/JavaAppletPlugin.plugin/Contents/Home/lib/libmanagement.dylib
0x000000019ad72000 	/System/Library/Extensions/AppleIntelHD5000GraphicsMTLDriver.bundle/Contents/MacOS/AppleIntelHD5000GraphicsMTLDriver
0x0000000129c1e000 	/Library/Internet Plug-Ins/JavaAppletPlugin.plugin/Contents/Home/lib/libinstrument.dylib
0x0000000129c45000 	/Library/Java/JavaVirtualMachines/jdk1.8.0_66.jdk/Contents/Home/lib/visualvm/profiler/lib/deployed/jdk16/mac/libprofilerinterface.jnilib
0x0000000129c6b000 	/Library/Internet Plug-Ins/JavaAppletPlugin.plugin/Contents/Home/lib/libdcpr.dylib

VM Arguments:
java_command: /Users/aleksandr/IdeaProjects/Копия SwingLab4/out/artifacts/SwingLab4_jar/SwingLab4.jar
java_class_path (initial): /Users/aleksandr/IdeaProjects/Копия SwingLab4/out/artifacts/SwingLab4_jar/SwingLab4.jar
Launcher Type: SUN_STANDARD

Environment Variables:
PATH=/usr/bin:/bin:/usr/sbin:/sbin
SHELL=/bin/bash

Signal Handlers:
SIGSEGV: [libjvm.dylib+0x5a65d5], sa_mask[0]=11111111011111110111111111111111, sa_flags=SA_ONSTACK|SA_RESTART|SA_SIGINFO
SIGBUS: [libjvm.dylib+0x5a65d5], sa_mask[0]=11111111011111110111111111111111, sa_flags=SA_RESTART|SA_SIGINFO
SIGFPE: [libjvm.dylib+0x4802e8], sa_mask[0]=11111111011111110111111111111111, sa_flags=SA_RESTART|SA_SIGINFO
SIGPIPE: [libjvm.dylib+0x4802e8], sa_mask[0]=11111111011111110111111111111111, sa_flags=SA_RESTART|SA_SIGINFO
SIGXFSZ: [libjvm.dylib+0x4802e8], sa_mask[0]=11111111011111110111111111111111, sa_flags=SA_RESTART|SA_SIGINFO
SIGILL: [libjvm.dylib+0x4802e8], sa_mask[0]=11111111011111110111111111111111, sa_flags=SA_RESTART|SA_SIGINFO
SIGUSR1: SIG_DFL, sa_mask[0]=00000000000000000000000000000000, sa_flags=none
SIGUSR2: [libjvm.dylib+0x47fe06], sa_mask[0]=00000000000000000000000000000000, sa_flags=SA_RESTART|SA_SIGINFO
SIGHUP: [libjvm.dylib+0x47e3dd], sa_mask[0]=11111111011111110111111111111111, sa_flags=SA_RESTART|SA_SIGINFO
SIGINT: [libjvm.dylib+0x47e3dd], sa_mask[0]=11111111011111110111111111111111, sa_flags=SA_RESTART|SA_SIGINFO
SIGTERM: [libjvm.dylib+0x47e3dd], sa_mask[0]=11111111011111110111111111111111, sa_flags=SA_RESTART|SA_SIGINFO
SIGQUIT: [libjvm.dylib+0x47e3dd], sa_mask[0]=11111111011111110111111111111111, sa_flags=SA_RESTART|SA_SIGINFO


---------------  S Y S T E M  ---------------

OS:Bsduname:Darwin 15.2.0 Darwin Kernel Version 15.2.0: Fri Nov 13 19:56:56 PST 2015; root:xnu-3248.20.55~2/RELEASE_X86_64 x86_64
rlimit: STACK 8192k, CORE 0k, NPROC 709, NOFILE 10240, AS infinity
load average:3.30 2.62 2.28

CPU:total 8 (4 cores per cpu, 2 threads per core) family 6 model 70 stepping 1, cmov, cx8, fxsr, mmx, sse, sse2, sse3, ssse3, sse4.1, sse4.2, popcnt, avx, avx2, aes, clmul, erms, lzcnt, ht, tsc, tscinvbit, bmi1, bmi2

Memory: 4k page, physical 16777216k(1995324k free)

/proc/meminfo:


vm_info: Java HotSpot(TM) 64-Bit Server VM (25.66-b17) for bsd-amd64 JRE (1.8.0_66-b17), built on Oct  6 2015 16:09:13 by "java_re" with gcc 4.2.1 (Based on Apple Inc. build 5658) (LLVM build 2336.11.00)

time: Mon Jan 18 02:05:52 2016
elapsed time: 53 seconds (0d 0h 0m 53s)

