#
# A fatal error has been detected by the Java Runtime Environment:
#
#  SIGSEGV (0xb) at pc=0x00000001116461c4, pid=39332, tid=27747
#
# JRE version: Java(TM) SE Runtime Environment (8.0_66-b17) (build 1.8.0_66-b17)
# Java VM: Java HotSpot(TM) 64-Bit Server VM (25.66-b17 mixed mode bsd-amd64 compressed oops)
# Problematic frame:
# V  [libjvm.dylib+0x4461c4]  Method::checked_resolve_jmethod_id(_jmethodID*)+0x22
#
# Failed to write core dump. Core dumps have been disabled. To enable core dumping, try "ulimit -c unlimited" before starting Java again
#
# If you would like to submit a bug report, please visit:
#   http://bugreport.java.com/bugreport/crash.jsp
#

---------------  T H R E A D  ---------------

Current thread (0x00007ffe89035800):  JavaThread "*** Profiler Agent Communication Thread" daemon [_thread_in_vm, id=27747, stack(0x0000700002492000,0x0000700002592000)]

siginfo: si_signo: 11 (SIGSEGV), si_code: 1 (SEGV_MAPERR), si_addr: 0x000000000000001b

Registers:
RAX=0x000000000000000b, RBX=0x00000001b0c20c90, RCX=0x0000000111a14310, RDX=0x0000700002591698
RSP=0x00007000025915d0, RBP=0x00007000025915e0, RSI=0x00007ffe89035800, RDI=0x00000001b0c20c90
R8 =0x0000000000000000, R9 =0x00007ffe8e770950, R10=0x000000008388e4d3, R11=0x00007ffe8e700000
R12=0x00007ffe89035800, R13=0x00007ffe89040388, R14=0x00007ffe8e2bf038, R15=0x00007ffe8e650250
RIP=0x00000001116461c4, EFLAGS=0x0000000000010216, ERR=0x0000000000000004
  TRAPNO=0x000000000000000e

Top of Stack: (sp=0x00007000025915d0)
0x00007000025915d0:   0000700002591698 0000700002591698
0x00007000025915e0:   0000700002591640 0000000111555e77
0x00007000025915f0:   00007ffe89035800 0000000000000000
0x0000700002591600:   0000700000000000 0000000000000000
0x0000700002591610:   00007ffe89035800 00007ffe89035800
0x0000700002591620:   00007ffe8e2bf038 00007fff78051bd0
0x0000700002591630:   0000000000000062 0000000000000121
0x0000700002591640:   00007000025916d0 00000001a9107da7
0x0000700002591650:   00000001a910b420 00007ffe89040200
0x0000700002591660:   0000700002591760 00007ffe890359f8
0x0000700002591670:   0000000000000000 00007ffe8e76cea0
0x0000700002591680:   00007ffe8e75b1b0 0000000000000000
0x0000700002591690:   00007ffe8e75e110 00007ffe8aee2b58
0x00007000025916a0:   00000001a90c0f90 00000001a90c0f90
0x00007000025916b0:   0000000000000000 00000001a90c0f90
0x00007000025916c0:   0000700002591770 00007ffe89035800
0x00007000025916d0:   0000700002591740 000000011219b954
0x00007000025916e0:   0000700002591740 000000011219b6d9
0x00007000025916f0:   00000001121a7823 000000011219b6a2
0x0000700002591700:   0000700002591700 00000001a90c0f90
0x0000700002591710:   0000700002591770 00000001a90c1250
0x0000700002591720:   0000000000000000 00000001a90c0f90
0x0000700002591730:   0000000000000000 0000700002591760
0x0000700002591740:   00007000025917b8 000000011218d9d0
0x0000700002591750:   00000006c01536f0 000000011219557b
0x0000700002591760:   000000076abd62b0 000000076abd5e00
0x0000700002591770:   0000000000000121 0000700002591778
0x0000700002591780:   00000001a90968b2 00007000025917e8
0x0000700002591790:   00000001a909a400 00000001b15fa680
0x00007000025917a0:   00000001a90968d0 0000700002591760
0x00007000025917b0:   00007000025917e8 0000700002591838
0x00007000025917c0:   000000011218d9d0 0000000000000000 

Instructions: (pc=0x00000001116461c4)
0x00000001116461a4:   89 e5 53 48 83 ec 08 48 85 ff 74 24 48 8b 1f 48
0x00000001116461b4:   85 db 74 1c 48 83 fb 37 74 16 48 8b 03 48 89 df
0x00000001116461c4:   ff 50 10 84 c0 b8 00 00 00 00 48 0f 45 c3 eb 02
0x00000001116461d4:   31 c0 48 83 c4 08 5b 5d c3 90 55 48 89 e5 48 8b 

Register to memory mapping:

RAX=0x000000000000000b is an unknown value
RBX=0x00000001b0c20c90 is pointing into metadata
RCX=0x0000000111a14310: UseMembar+0 in /Library/Internet Plug-Ins/JavaAppletPlugin.plugin/Contents/Home/lib/server/libjvm.dylib at 0x0000000111200000
RDX=0x0000700002591698 is pointing into the stack for thread: 0x00007ffe89035800
RSP=0x00007000025915d0 is pointing into the stack for thread: 0x00007ffe89035800
RBP=0x00007000025915e0 is pointing into the stack for thread: 0x00007ffe89035800
RSI=0x00007ffe89035800 is a thread
RDI=0x00000001b0c20c90 is pointing into metadata
R8 =0x0000000000000000 is an unknown value
R9 =0x00007ffe8e770950 is an unknown value
R10=0x000000008388e4d3 is an unknown value
R11=0x00007ffe8e700000 is an unknown value
R12=0x00007ffe89035800 is a thread
R13=0x00007ffe89040388 is an unknown value
R14=0x00007ffe8e2bf038 is an unknown value
R15=0x00007ffe8e650250 is an unknown value


Stack: [0x0000700002492000,0x0000700002592000],  sp=0x00007000025915d0,  free space=1021k
Native frames: (J=compiled Java code, j=interpreted, Vv=VM code, C=native code)
V  [libjvm.dylib+0x4461c4]  Method::checked_resolve_jmethod_id(_jmethodID*)+0x22
V  [libjvm.dylib+0x355e77]  jvmti_GetMethodDeclaringClass+0xa1
C  [libprofilerinterface.jnilib+0x3da7]  Java_org_netbeans_lib_profiler_server_system_Stacks_getMethodNamesForJMethodIds+0xf3
j  org.netbeans.lib.profiler.server.system.Stacks.getMethodNamesForJMethodIds(I[I[I)[B+0
j  org.netbeans.lib.profiler.server.ProfilerInterface.getMethodNamesForJMethodIds([I)Lorg/netbeans/lib/profiler/wireprotocol/MethodNamesResponse;+18
j  org.netbeans.lib.profiler.server.ProfilerServer.handleClientCommand(Lorg/netbeans/lib/profiler/wireprotocol/Command;)V+675
j  org.netbeans.lib.profiler.server.ProfilerServer.listenToClient()V+48
j  org.netbeans.lib.profiler.server.ProfilerServer.run()V+22
v  ~StubRoutines::call_stub
V  [libjvm.dylib+0x2ea35e]  JavaCalls::call_helper(JavaValue*, methodHandle*, JavaCallArguments*, Thread*)+0x6ae
V  [libjvm.dylib+0x2eaaec]  JavaCalls::call_virtual(JavaValue*, KlassHandle, Symbol*, Symbol*, JavaCallArguments*, Thread*)+0x164
V  [libjvm.dylib+0x2eac98]  JavaCalls::call_virtual(JavaValue*, Handle, KlassHandle, Symbol*, Symbol*, Thread*)+0x4a
V  [libjvm.dylib+0x345215]  thread_entry(JavaThread*, Thread*)+0x7c
V  [libjvm.dylib+0x560b83]  JavaThread::thread_main_inner()+0x9b
V  [libjvm.dylib+0x56227e]  JavaThread::run()+0x1c2
V  [libjvm.dylib+0x482cd6]  java_start(Thread*)+0xf6
C  [libsystem_pthread.dylib+0x3c13]  _pthread_body+0x83
C  [libsystem_pthread.dylib+0x3b90]  _pthread_body+0x0
C  [libsystem_pthread.dylib+0x1375]  thread_start+0xd
C  0x0000000000000000

Java frames: (J=compiled Java code, j=interpreted, Vv=VM code)
j  org.netbeans.lib.profiler.server.system.Stacks.getMethodNamesForJMethodIds(I[I[I)[B+0
j  org.netbeans.lib.profiler.server.ProfilerInterface.getMethodNamesForJMethodIds([I)Lorg/netbeans/lib/profiler/wireprotocol/MethodNamesResponse;+18
j  org.netbeans.lib.profiler.server.ProfilerServer.handleClientCommand(Lorg/netbeans/lib/profiler/wireprotocol/Command;)V+675
j  org.netbeans.lib.profiler.server.ProfilerServer.listenToClient()V+48
j  org.netbeans.lib.profiler.server.ProfilerServer.run()V+22
v  ~StubRoutines::call_stub

---------------  P R O C E S S  ---------------

Java Threads: ( => current thread )
  0x00007ffe8a1bd000 JavaThread "Thread-16" daemon [_thread_blocked, id=64531, stack(0x000070000238f000,0x000070000248f000)]
  0x00007ffe8984d800 JavaThread "*** Profiler Agent Special Execution Thread 3" daemon [_thread_blocked, id=15639, stack(0x000070000279b000,0x000070000289b000)]
  0x00007ffe88a59800 JavaThread "*** Profiler Agent Special Execution Thread 6" daemon [_thread_blocked, id=27415, stack(0x0000700002698000,0x0000700002798000)]
  0x00007ffe88aa8000 JavaThread "*** JFluid Monitor thread ***" daemon [_thread_blocked, id=65031, stack(0x0000700002595000,0x0000700002695000)]
=>0x00007ffe89035800 JavaThread "*** Profiler Agent Communication Thread" daemon [_thread_in_vm, id=27747, stack(0x0000700002492000,0x0000700002592000)]
  0x00007ffe8a2de800 JavaThread "process reaper" daemon [_thread_blocked, id=63779, stack(0x0000700000097000,0x00007000000bf000)]
  0x00007ffe890bf800 JavaThread "RMI TCP Connection(3)-192.168.1.6" daemon [_thread_in_native, id=62987, stack(0x0000700001559000,0x0000700001659000)]
  0x00007ffe8b010000 JavaThread "RMI TCP Connection(2)-192.168.1.6" daemon [_thread_blocked, id=64007, stack(0x000070000228c000,0x000070000238c000)]
  0x00007ffe88a65000 JavaThread "JMX server connection timeout 23" daemon [_thread_blocked, id=41527, stack(0x0000700002189000,0x0000700002289000)]
  0x00007ffe890df000 JavaThread "RMI Scheduler(0)" daemon [_thread_blocked, id=36619, stack(0x0000700002086000,0x0000700002186000)]
  0x00007ffe89aba000 JavaThread "RMI TCP Connection(1)-192.168.1.6" daemon [_thread_in_native, id=42391, stack(0x0000700001f83000,0x0000700002083000)]
  0x00007ffe8a2cc800 JavaThread "RMI TCP Accept-0" daemon [_thread_in_native, id=36455, stack(0x0000700001e80000,0x0000700001f80000)]
  0x00007ffe890e4800 JavaThread "Attach Listener" daemon [_thread_blocked, id=15407, stack(0x0000700001762000,0x0000700001862000)]
  0x00007ffe88a40800 JavaThread "TimerQueue" daemon [_thread_blocked, id=59463, stack(0x0000700001c77000,0x0000700001d77000)]
  0x00007ffe8b004800 JavaThread "Java2D Disposer" daemon [_thread_blocked, id=57607, stack(0x0000700001b74000,0x0000700001c74000)]
  0x00007ffe8b804000 JavaThread "Java2D Queue Flusher" daemon [_thread_blocked, id=53259, stack(0x0000700001a71000,0x0000700001b71000)]
  0x00007ffe8919e800 JavaThread "DestroyJavaVM" [_thread_blocked, id=5891, stack(0x000070000011a000,0x000070000021a000)]
  0x00007ffe8993a000 JavaThread "AWT-EventQueue-0" [_thread_blocked, id=53003, stack(0x000070000196e000,0x0000700001a6e000)]
  0x00007ffe8a115000 JavaThread "AWT-Shutdown" [_thread_blocked, id=32019, stack(0x000070000165f000,0x000070000175f000)]
  0x00007ffe8911b800 JavaThread "AppKit Thread" daemon [_thread_in_native, id=1295, stack(0x00007fff4f51f000,0x00007fff4fd1f000)]
  0x00007ffe89013000 JavaThread "Service Thread" daemon [_thread_blocked, id=20995, stack(0x00007000012d0000,0x00007000013d0000)]
  0x00007ffe8883f000 JavaThread "C1 CompilerThread3" daemon [_thread_blocked, id=20483, stack(0x00007000011cd000,0x00007000012cd000)]
  0x00007ffe89801000 JavaThread "C2 CompilerThread2" daemon [_thread_blocked, id=19971, stack(0x00007000010ca000,0x00007000011ca000)]
  0x00007ffe88850800 JavaThread "C2 CompilerThread1" daemon [_thread_blocked, id=19459, stack(0x0000700000fc7000,0x00007000010c7000)]
  0x00007ffe8a031800 JavaThread "C2 CompilerThread0" daemon [_thread_blocked, id=18947, stack(0x0000700000ec4000,0x0000700000fc4000)]
  0x00007ffe8a031000 JavaThread "Signal Dispatcher" daemon [_thread_blocked, id=14863, stack(0x0000700000dc1000,0x0000700000ec1000)]
  0x00007ffe88823800 JavaThread "Finalizer" daemon [_thread_blocked, id=14339, stack(0x0000700000c3b000,0x0000700000d3b000)]
  0x00007ffe88822800 JavaThread "Reference Handler" daemon [_thread_blocked, id=13827, stack(0x0000700000b38000,0x0000700000c38000)]

Other Threads:
  0x00007ffe88820000 VMThread [stack: 0x0000700000a35000,0x0000700000b35000] [id=13315]
  0x00007ffe8883f800 WatcherThread [stack: 0x00007000013d3000,0x00007000014d3000] [id=21507]

VM state:not at safepoint (normal execution)

VM Mutex/Monitor currently owned by a thread: None

Heap:
 PSYoungGen      total 76288K, used 1033K [0x000000076ab00000, 0x0000000770000000, 0x00000007c0000000)
  eden space 65536K, 1% used [0x000000076ab00000,0x000000076ac02420,0x000000076eb00000)
  from space 10752K, 0% used [0x000000076f580000,0x000000076f580000,0x0000000770000000)
  to   space 10752K, 0% used [0x000000076eb00000,0x000000076eb00000,0x000000076f580000)
 ParOldGen       total 110592K, used 5831K [0x00000006c0000000, 0x00000006c6c00000, 0x000000076ab00000)
  object space 110592K, 5% used [0x00000006c0000000,0x00000006c05b1e08,0x00000006c6c00000)
 Metaspace       used 58524K, capacity 59008K, committed 59136K, reserved 1103872K
  class space    used 4374K, capacity 4561K, committed 4608K, reserved 1048576K

Card table byte_map: [0x0000000121546000,0x0000000121d47000] byte_map_base: 0x000000011df46000

Marking Bits: (ParMarkBitMap*) 0x0000000111adde20
 Begin Bits: [0x000000012229d000, 0x000000012629d000)
 End Bits:   [0x000000012629d000, 0x000000012a29d000)

Polling page: 0x00000001101dc000

CodeCache: size=245760Kb used=3396Kb max_used=4647Kb free=242363Kb
 bounds [0x0000000112186000, 0x0000000112626000, 0x0000000121186000]
 total_blobs=1419 nmethods=851 adapters=481
 compilation: enabled

Compilation events (10 events):
Event: 70.930 Thread 0x00007ffe8883f000 2309   !   3       java.lang.ref.ReferenceQueue::enqueue (127 bytes)
Event: 70.930 Thread 0x00007ffe8883f000 nmethod 2309 0x0000000112420710 code [0x00000001124208c0, 0x0000000112421048]
Event: 70.930 Thread 0x00007ffe8883f000 2314       3       org.netbeans.lib.profiler.server.ProfilerRuntimeObjLiveness::signalObjGC (17 bytes)
Event: 70.930 Thread 0x00007ffe8883f000 nmethod 2314 0x0000000112424550 code [0x00000001124246e0, 0x00000001124248b8]
Event: 71.409 Thread 0x00007ffe8883f000 2321       3       org.netbeans.lib.profiler.server.Monitors$ThreadDataTable::prePut (41 bytes)
Event: 71.410 Thread 0x00007ffe8883f000 nmethod 2321 0x00000001124200d0 code [0x0000000112420260, 0x0000000112420510]
Event: 71.438 Thread 0x00007ffe8883f000 2322       3       java.io.ObjectInputStream$BlockDataInputStream::readInt (73 bytes)
Event: 71.439 Thread 0x00007ffe8883f000 nmethod 2322 0x000000011241fa90 code [0x000000011241fc20, 0x000000011241ff88]
Event: 71.439 Thread 0x00007ffe8883f000 2323       3       java.io.ObjectInputStream::readInt (8 bytes)
Event: 71.439 Thread 0x00007ffe8883f000 nmethod 2323 0x000000011241f6d0 code [0x000000011241f840, 0x000000011241f9e8]

GC Heap History (10 events):
Event: 56.869 GC heap before
{Heap before GC invocations=4 (full 2):
 PSYoungGen      total 76288K, used 448K [0x000000076ab00000, 0x0000000770000000, 0x00000007c0000000)
  eden space 65536K, 0% used [0x000000076ab00000,0x000000076ab00000,0x000000076eb00000)
  from space 10752K, 4% used [0x000000076f580000,0x000000076f5f0000,0x0000000770000000)
  to   space 10752K, 0% used [0x000000076eb00000,0x000000076eb00000,0x000000076f580000)
 ParOldGen       total 83456K, used 13811K [0x00000006c0000000, 0x00000006c5180000, 0x000000076ab00000)
  object space 83456K, 16% used [0x00000006c0000000,0x00000006c0d7cd80,0x00000006c5180000)
 Metaspace       used 34567K, capacity 35006K, committed 35328K, reserved 1081344K
  class space    used 3112K, capacity 3261K, committed 3328K, reserved 1048576K
Event: 56.906 GC heap after
Heap after GC invocations=4 (full 2):
 PSYoungGen      total 76288K, used 0K [0x000000076ab00000, 0x0000000770000000, 0x00000007c0000000)
  eden space 65536K, 0% used [0x000000076ab00000,0x000000076ab00000,0x000000076eb00000)
  from space 10752K, 0% used [0x000000076f580000,0x000000076f580000,0x0000000770000000)
  to   space 10752K, 0% used [0x000000076eb00000,0x000000076eb00000,0x000000076f580000)
 ParOldGen       total 75264K, used 4598K [0x00000006c0000000, 0x00000006c4980000, 0x000000076ab00000)
  object space 75264K, 6% used [0x00000006c0000000,0x00000006c047dac8,0x00000006c4980000)
 Metaspace       used 34565K, capacity 35000K, committed 35328K, reserved 1081344K
  class space    used 3111K, capacity 3260K, committed 3328K, reserved 1048576K
}
Event: 70.305 GC heap before
{Heap before GC invocations=5 (full 2):
 PSYoungGen      total 76288K, used 56283K [0x000000076ab00000, 0x0000000770000000, 0x00000007c0000000)
  eden space 65536K, 85% used [0x000000076ab00000,0x000000076e1f6d40,0x000000076eb00000)
  from space 10752K, 0% used [0x000000076f580000,0x000000076f580000,0x0000000770000000)
  to   space 10752K, 0% used [0x000000076eb00000,0x000000076eb00000,0x000000076f580000)
 ParOldGen       total 75264K, used 4598K [0x00000006c0000000, 0x00000006c4980000, 0x000000076ab00000)
  object space 75264K, 6% used [0x00000006c0000000,0x00000006c047dac8,0x00000006c4980000)
 Metaspace       used 58375K, capacity 58822K, committed 58880K, reserved 1103872K
  class space    used 4374K, capacity 4562K, committed 4608K, reserved 1048576K
Event: 70.309 GC heap after
Heap after GC invocations=5 (full 2):
 PSYoungGen      total 76288K, used 10750K [0x000000076ab00000, 0x0000000770000000, 0x00000007c0000000)
  eden space 65536K, 0% used [0x000000076ab00000,0x000000076ab00000,0x000000076eb00000)
  from space 10752K, 99% used [0x000000076eb00000,0x000000076f57f818,0x000000076f580000)
  to   space 10752K, 0% used [0x000000076f580000,0x000000076f580000,0x0000000770000000)
 ParOldGen       total 75264K, used 5368K [0x00000006c0000000, 0x00000006c4980000, 0x000000076ab00000)
  object space 75264K, 7% used [0x00000006c0000000,0x00000006c053e220,0x00000006c4980000)
 Metaspace       used 58375K, capacity 58822K, committed 58880K, reserved 1103872K
  class space    used 4374K, capacity 4562K, committed 4608K, reserved 1048576K
}
Event: 70.309 GC heap before
{Heap before GC invocations=6 (full 3):
 PSYoungGen      total 76288K, used 10750K [0x000000076ab00000, 0x0000000770000000, 0x00000007c0000000)
  eden space 65536K, 0% used [0x000000076ab00000,0x000000076ab00000,0x000000076eb00000)
  from space 10752K, 99% used [0x000000076eb00000,0x000000076f57f818,0x000000076f580000)
  to   space 10752K, 0% used [0x000000076f580000,0x000000076f580000,0x0000000770000000)
 ParOldGen       total 75264K, used 5368K [0x00000006c0000000, 0x00000006c4980000, 0x000000076ab00000)
  object space 75264K, 7% used [0x00000006c0000000,0x00000006c053e220,0x00000006c4980000)
 Metaspace       used 58375K, capacity 58822K, committed 58880K, reserved 1103872K
  class space    used 4374K, capacity 4562K, committed 4608K, reserved 1048576K
Event: 70.388 GC heap after
Heap after GC invocations=6 (full 3):
 PSYoungGen      total 76288K, used 0K [0x000000076ab00000, 0x0000000770000000, 0x00000007c0000000)
  eden space 65536K, 0% used [0x000000076ab00000,0x000000076ab00000,0x000000076eb00000)
  from space 10752K, 0% used [0x000000076eb00000,0x000000076eb00000,0x000000076f580000)
  to   space 10752K, 0% used [0x000000076f580000,0x000000076f580000,0x0000000770000000)
 ParOldGen       total 84992K, used 14535K [0x00000006c0000000, 0x00000006c5300000, 0x000000076ab00000)
  object space 84992K, 17% used [0x00000006c0000000,0x00000006c0e31d98,0x00000006c5300000)
 Metaspace       used 58375K, capacity 58822K, committed 58880K, reserved 1103872K
  class space    used 4374K, capacity 4562K, committed 4608K, reserved 1048576K
}
Event: 70.902 GC heap before
{Heap before GC invocations=7 (full 3):
 PSYoungGen      total 76288K, used 4788K [0x000000076ab00000, 0x0000000770000000, 0x00000007c0000000)
  eden space 65536K, 7% used [0x000000076ab00000,0x000000076afad190,0x000000076eb00000)
  from space 10752K, 0% used [0x000000076eb00000,0x000000076eb00000,0x000000076f580000)
  to   space 10752K, 0% used [0x000000076f580000,0x000000076f580000,0x0000000770000000)
 ParOldGen       total 84992K, used 14535K [0x00000006c0000000, 0x00000006c5300000, 0x000000076ab00000)
  object space 84992K, 17% used [0x00000006c0000000,0x00000006c0e31d98,0x00000006c5300000)
 Metaspace       used 58524K, capacity 59014K, committed 59136K, reserved 1103872K
  class space    used 4374K, capacity 4562K, committed 4608K, reserved 1048576K
Event: 70.906 GC heap after
Heap after GC invocations=7 (full 3):
 PSYoungGen      total 76288K, used 192K [0x000000076ab00000, 0x0000000770000000, 0x00000007c0000000)
  eden space 65536K, 0% used [0x000000076ab00000,0x000000076ab00000,0x000000076eb00000)
  from space 10752K, 1% used [0x000000076f580000,0x000000076f5b0000,0x0000000770000000)
  to   space 10752K, 0% used [0x000000076eb00000,0x000000076eb00000,0x000000076f580000)
 ParOldGen       total 84992K, used 14543K [0x00000006c0000000, 0x00000006c5300000, 0x000000076ab00000)
  object space 84992K, 17% used [0x00000006c0000000,0x00000006c0e33d98,0x00000006c5300000)
 Metaspace       used 58524K, capacity 59014K, committed 59136K, reserved 1103872K
  class space    used 4374K, capacity 4562K, committed 4608K, reserved 1048576K
}
Event: 70.906 GC heap before
{Heap before GC invocations=8 (full 4):
 PSYoungGen      total 76288K, used 192K [0x000000076ab00000, 0x0000000770000000, 0x00000007c0000000)
  eden space 65536K, 0% used [0x000000076ab00000,0x000000076ab00000,0x000000076eb00000)
  from space 10752K, 1% used [0x000000076f580000,0x000000076f5b0000,0x0000000770000000)
  to   space 10752K, 0% used [0x000000076eb00000,0x000000076eb00000,0x000000076f580000)
 ParOldGen       total 84992K, used 14543K [0x00000006c0000000, 0x00000006c5300000, 0x000000076ab00000)
  object space 84992K, 17% used [0x00000006c0000000,0x00000006c0e33d98,0x00000006c5300000)
 Metaspace       used 58524K, capacity 59014K, committed 59136K, reserved 1103872K
  class space    used 4374K, capacity 4562K, committed 4608K, reserved 1048576K
Event: 70.927 GC heap after
Heap after GC invocations=8 (full 4):
 PSYoungGen      total 76288K, used 0K [0x000000076ab00000, 0x0000000770000000, 0x00000007c0000000)
  eden space 65536K, 0% used [0x000000076ab00000,0x000000076ab00000,0x000000076eb00000)
  from space 10752K, 0% used [0x000000076f580000,0x000000076f580000,0x0000000770000000)
  to   space 10752K, 0% used [0x000000076eb00000,0x000000076eb00000,0x000000076f580000)
 ParOldGen       total 110592K, used 5831K [0x00000006c0000000, 0x00000006c6c00000, 0x000000076ab00000)
  object space 110592K, 5% used [0x00000006c0000000,0x00000006c05b1e08,0x00000006c6c00000)
 Metaspace       used 58522K, capacity 59008K, committed 59136K, reserved 1103872K
  class space    used 4374K, capacity 4561K, committed 4608K, reserved 1048576K
}

Deoptimization events (10 events):
Event: 1.267 Thread 0x00007ffe8993a000 Uncommon trap: reason=class_check action=maybe_recompile pc=0x00000001122ed11c method=java.lang.String.equals(Ljava/lang/Object;)Z @ 8
Event: 1.268 Thread 0x00007ffe8993a000 Uncommon trap: reason=class_check action=maybe_recompile pc=0x00000001122ed11c method=java.lang.String.equals(Ljava/lang/Object;)Z @ 8
Event: 1.275 Thread 0x00007ffe8993a000 Uncommon trap: reason=class_check action=maybe_recompile pc=0x00000001122ed11c method=java.lang.String.equals(Ljava/lang/Object;)Z @ 8
Event: 1.275 Thread 0x00007ffe8993a000 Uncommon trap: reason=class_check action=maybe_recompile pc=0x00000001122ed11c method=java.lang.String.equals(Ljava/lang/Object;)Z @ 8
Event: 48.706 Thread 0x00007ffe8903e800 Uncommon trap: reason=class_check action=maybe_recompile pc=0x0000000112547fd0 method=java.io.ObjectOutputStream$BlockDataOutputStream.drain()V @ 36
Event: 48.813 Thread 0x00007ffe8903e800 Uncommon trap: reason=class_check action=maybe_recompile pc=0x00000001125489e0 method=java.io.ObjectOutputStream$BlockDataOutputStream.drain()V @ 36
Event: 48.817 Thread 0x00007ffe8903e800 Uncommon trap: reason=class_check action=maybe_recompile pc=0x00000001125489e0 method=java.io.ObjectOutputStream$BlockDataOutputStream.drain()V @ 36
Event: 48.817 Thread 0x00007ffe8903e800 Uncommon trap: reason=class_check action=maybe_recompile pc=0x00000001125489e0 method=java.io.ObjectOutputStream$BlockDataOutputStream.drain()V @ 36
Event: 57.284 Thread 0x00007ffe89035800 Uncommon trap: reason=unstable_if action=reinterpret pc=0x0000000112394b74 method=java.lang.String.substring(II)Ljava/lang/String; @ 73
Event: 57.284 Thread 0x00007ffe89035800 Uncommon trap: reason=unstable_if action=reinterpret pc=0x00000001123d782c method=sun.misc.MetaIndex.mayContain(Ljava/lang/String;)Z @ 13

Internal exceptions (10 events):
Event: 37.506 Thread 0x00007ffe89aba000 Exception <a 'java/lang/NoSuchMethodError': <clinit>> (0x000000076c03fab0) thrown at [/HUDSON3/workspace/8-2-build-macosx-x86_64/jdk8u66/4988/hotspot/src/share/vm/prims/jni.cpp, line 1591]
Event: 37.506 Thread 0x00007ffe89aba000 Exception <a 'java/lang/NoSuchMethodError': <clinit>> (0x000000076c0406c8) thrown at [/HUDSON3/workspace/8-2-build-macosx-x86_64/jdk8u66/4988/hotspot/src/share/vm/prims/jni.cpp, line 1591]
Event: 38.111 Thread 0x00007ffe89aba000 Exception <a 'java/lang/NoSuchMethodError': <clinit>> (0x000000076c0b91b0) thrown at [/HUDSON3/workspace/8-2-build-macosx-x86_64/jdk8u66/4988/hotspot/src/share/vm/prims/jni.cpp, line 1591]
Event: 38.113 Thread 0x00007ffe89aba000 Exception <a 'java/lang/NoSuchMethodError': <clinit>> (0x000000076c0c1270) thrown at [/HUDSON3/workspace/8-2-build-macosx-x86_64/jdk8u66/4988/hotspot/src/share/vm/prims/jni.cpp, line 1591]
Event: 40.551 Thread 0x00007ffe89aba000 Exception <a 'java/lang/NoSuchMethodError': <clinit>> (0x000000076c22fb78) thrown at [/HUDSON3/workspace/8-2-build-macosx-x86_64/jdk8u66/4988/hotspot/src/share/vm/prims/jni.cpp, line 1591]
Event: 40.558 Thread 0x00007ffe89aba000 Exception <a 'java/lang/NoSuchMethodError': <clinit>> (0x000000076c263120) thrown at [/HUDSON3/workspace/8-2-build-macosx-x86_64/jdk8u66/4988/hotspot/src/share/vm/prims/jni.cpp, line 1591]
Event: 50.945 Thread 0x00007ffe88823800 Exception <a 'java/lang/NullPointerException'> (0x000000076acf4740) thrown at [/HUDSON3/workspace/8-2-build-macosx-x86_64/jdk8u66/4988/hotspot/src/share/vm/interpreter/linkResolver.cpp, line 1178]
Event: 53.676 Thread 0x00007ffe89013000 Exception <a 'java/lang/ArrayIndexOutOfBoundsException': 71> (0x000000076ab0c770) thrown at [/HUDSON3/workspace/8-2-build-macosx-x86_64/jdk8u66/4988/hotspot/src/share/vm/interpreter/interpreterRuntime.cpp, line 366]
Event: 53.697 Thread 0x00007ffe89013000 Exception <a 'java/lang/ArrayIndexOutOfBoundsException'> (0x000000076ab27438) thrown at [/HUDSON3/workspace/8-2-build-macosx-x86_64/jdk8u66/4988/hotspot/src/share/vm/runtime/sharedRuntime.cpp, line 605]
Event: 53.698 Thread 0x00007ffe89013000 Exception <a 'java/lang/ArrayIndexOutOfBoundsException'> (0x000000076ab2a360) thrown at [/HUDSON3/workspace/8-2-build-macosx-x86_64/jdk8u66/4988/hotspot/src/share/vm/runtime/sharedRuntime.cpp, line 605]

Events (10 events):
Event: 70.713 Thread 0x00007ffe8883f000 flushing nmethod 0x0000000112603750
Event: 70.713 Thread 0x00007ffe8883f000 flushing nmethod 0x0000000112607290
Event: 70.713 Thread 0x00007ffe8883f000 flushing nmethod 0x0000000112607750
Event: 70.901 loading class org/netbeans/lib/profiler/server/ClassLoaderManager$1NotifyThread
Event: 70.901 loading class org/netbeans/lib/profiler/server/ClassLoaderManager$1NotifyThread done
Event: 70.902 Thread 0x00007ffe8a1bd000 Thread added: 0x00007ffe8a1bd000
Event: 70.902 Executing VM operation: ParallelGCSystemGC
Event: 70.927 Executing VM operation: ParallelGCSystemGC done
Event: 71.438 loading class org/netbeans/lib/profiler/wireprotocol/GetMethodNamesForJMethodIdsCommand
Event: 71.438 loading class org/netbeans/lib/profiler/wireprotocol/GetMethodNamesForJMethodIdsCommand done


Dynamic libraries:
0x0000000004ba7000 	/System/Library/Frameworks/Cocoa.framework/Versions/A/Cocoa
0x0000000004ba7000 	/System/Library/Frameworks/Security.framework/Versions/A/Security
0x0000000004ba7000 	/System/Library/Frameworks/ApplicationServices.framework/Versions/A/ApplicationServices
0x0000000004ba7000 	/usr/lib/libz.1.dylib
0x0000000004ba7000 	/usr/lib/libSystem.B.dylib
0x0000000004ba7000 	/usr/lib/libobjc.A.dylib
0x0000000004ba7000 	/System/Library/Frameworks/CoreFoundation.framework/Versions/A/CoreFoundation
0x0000000004ba7000 	/System/Library/Frameworks/Foundation.framework/Versions/C/Foundation
0x0000000004ba7000 	/System/Library/Frameworks/AppKit.framework/Versions/C/AppKit
0x0000000004ba7000 	/System/Library/Frameworks/CoreData.framework/Versions/A/CoreData
0x0000000004ba7000 	/System/Library/PrivateFrameworks/RemoteViewServices.framework/Versions/A/RemoteViewServices
0x0000000004ba7000 	/System/Library/PrivateFrameworks/UIFoundation.framework/Versions/A/UIFoundation
0x0000000004ba7000 	/usr/lib/libScreenReader.dylib
0x0000000004ba7000 	/System/Library/Frameworks/Accelerate.framework/Versions/A/Accelerate
0x0000000004ba7000 	/System/Library/Frameworks/IOSurface.framework/Versions/A/IOSurface
0x0000000004ba7000 	/System/Library/Frameworks/AudioToolbox.framework/Versions/A/AudioToolbox
0x0000000004ba7000 	/System/Library/Frameworks/AudioUnit.framework/Versions/A/AudioUnit
0x0000000004ba7000 	/System/Library/PrivateFrameworks/DataDetectorsCore.framework/Versions/A/DataDetectorsCore
0x0000000004ba7000 	/System/Library/PrivateFrameworks/DesktopServicesPriv.framework/Versions/A/DesktopServicesPriv
0x0000000004ba7000 	/System/Library/Frameworks/Carbon.framework/Versions/A/Frameworks/HIToolbox.framework/Versions/A/HIToolbox
0x0000000004ba7000 	/System/Library/Frameworks/QuartzCore.framework/Versions/A/QuartzCore
0x0000000004ba7000 	/System/Library/Frameworks/Carbon.framework/Versions/A/Frameworks/SpeechRecognition.framework/Versions/A/SpeechRecognition
0x0000000004ba7000 	/usr/lib/libauto.dylib
0x0000000004ba7000 	/usr/lib/libicucore.A.dylib
0x0000000004ba7000 	/usr/lib/libxml2.2.dylib
0x0000000004ba7000 	/System/Library/PrivateFrameworks/CoreUI.framework/Versions/A/CoreUI
0x0000000004ba7000 	/System/Library/Frameworks/CoreAudio.framework/Versions/A/CoreAudio
0x0000000004ba7000 	/System/Library/Frameworks/DiskArbitration.framework/Versions/A/DiskArbitration
0x0000000004ba7000 	/usr/lib/liblangid.dylib
0x0000000004ba7000 	/System/Library/PrivateFrameworks/MultitouchSupport.framework/Versions/A/MultitouchSupport
0x0000000004ba7000 	/System/Library/Frameworks/IOKit.framework/Versions/A/IOKit
0x0000000004ba7000 	/usr/lib/libDiagnosticMessagesClient.dylib
0x0000000004ba7000 	/System/Library/Frameworks/CoreServices.framework/Versions/A/CoreServices
0x0000000004ba7000 	/System/Library/PrivateFrameworks/PerformanceAnalysis.framework/Versions/A/PerformanceAnalysis
0x0000000004ba7000 	/System/Library/PrivateFrameworks/GenerationalStorage.framework/Versions/A/GenerationalStorage
0x0000000004ba7000 	/System/Library/Frameworks/OpenGL.framework/Versions/A/OpenGL
0x0000000004ba7000 	/System/Library/PrivateFrameworks/Sharing.framework/Versions/A/Sharing
0x0000000004ba7000 	/System/Library/Frameworks/CoreGraphics.framework/Versions/A/CoreGraphics
0x0000000004ba7000 	/System/Library/Frameworks/CoreImage.framework/Versions/A/CoreImage
0x0000000004ba7000 	/System/Library/Frameworks/CoreText.framework/Versions/A/CoreText
0x0000000004ba7000 	/System/Library/Frameworks/ImageIO.framework/Versions/A/ImageIO
0x0000000004ba7000 	/System/Library/PrivateFrameworks/Backup.framework/Versions/A/Backup
0x0000000004ba7000 	/usr/lib/libextension.dylib
0x0000000004ba7000 	/usr/lib/libarchive.2.dylib
0x0000000004ba7000 	/System/Library/Frameworks/CFNetwork.framework/Versions/A/CFNetwork
0x0000000004ba7000 	/System/Library/Frameworks/SystemConfiguration.framework/Versions/A/SystemConfiguration
0x0000000004ba7000 	/usr/lib/libCRFSuite.dylib
0x0000000004ba7000 	/usr/lib/libc++.1.dylib
0x0000000004ba7000 	/usr/lib/libc++abi.dylib
0x0000000004ba7000 	/usr/lib/system/libcache.dylib
0x0000000004ba7000 	/usr/lib/system/libcommonCrypto.dylib
0x0000000004ba7000 	/usr/lib/system/libcompiler_rt.dylib
0x0000000004ba7000 	/usr/lib/system/libcopyfile.dylib
0x0000000004ba7000 	/usr/lib/system/libcorecrypto.dylib
0x0000000004ba7000 	/usr/lib/system/libdispatch.dylib
0x0000000004ba7000 	/usr/lib/system/libdyld.dylib
0x0000000004ba7000 	/usr/lib/system/libkeymgr.dylib
0x0000000004ba7000 	/usr/lib/system/liblaunch.dylib
0x0000000004ba7000 	/usr/lib/system/libmacho.dylib
0x0000000004ba7000 	/usr/lib/system/libquarantine.dylib
0x0000000004ba7000 	/usr/lib/system/libremovefile.dylib
0x0000000004ba7000 	/usr/lib/system/libsystem_asl.dylib
0x0000000004ba7000 	/usr/lib/system/libsystem_blocks.dylib
0x0000000004ba7000 	/usr/lib/system/libsystem_c.dylib
0x0000000004ba7000 	/usr/lib/system/libsystem_configuration.dylib
0x0000000004ba7000 	/usr/lib/system/libsystem_coreservices.dylib
0x0000000004ba7000 	/usr/lib/system/libsystem_coretls.dylib
0x0000000004ba7000 	/usr/lib/system/libsystem_dnssd.dylib
0x0000000004ba7000 	/usr/lib/system/libsystem_info.dylib
0x0000000004ba7000 	/usr/lib/system/libsystem_kernel.dylib
0x0000000004ba7000 	/usr/lib/system/libsystem_m.dylib
0x0000000004ba7000 	/usr/lib/system/libsystem_malloc.dylib
0x0000000004ba7000 	/usr/lib/system/libsystem_network.dylib
0x0000000004ba7000 	/usr/lib/system/libsystem_networkextension.dylib
0x0000000004ba7000 	/usr/lib/system/libsystem_notify.dylib
0x0000000004ba7000 	/usr/lib/system/libsystem_platform.dylib
0x0000000004ba7000 	/usr/lib/system/libsystem_pthread.dylib
0x0000000004ba7000 	/usr/lib/system/libsystem_sandbox.dylib
0x0000000004ba7000 	/usr/lib/system/libsystem_secinit.dylib
0x0000000004ba7000 	/usr/lib/system/libsystem_trace.dylib
0x0000000004ba7000 	/usr/lib/system/libunc.dylib
0x0000000004ba7000 	/usr/lib/system/libunwind.dylib
0x0000000004ba7000 	/usr/lib/system/libxpc.dylib
0x0000000004ba7000 	/usr/lib/libenergytrace.dylib
0x0000000004ba7000 	/usr/lib/libbsm.0.dylib
0x0000000004ba7000 	/usr/lib/system/libkxld.dylib
0x0000000004ba7000 	/usr/lib/libxar.1.dylib
0x0000000004ba7000 	/usr/lib/libsqlite3.dylib
0x0000000004ba7000 	/usr/lib/libpam.2.dylib
0x0000000004ba7000 	/usr/lib/libOpenScriptingUtil.dylib
0x0000000004ba7000 	/usr/lib/libbz2.1.0.dylib
0x0000000004ba7000 	/usr/lib/liblzma.5.dylib
0x0000000004ba7000 	/System/Library/Frameworks/CoreServices.framework/Versions/A/Frameworks/FSEvents.framework/Versions/A/FSEvents
0x0000000004ba7000 	/System/Library/Frameworks/CoreServices.framework/Versions/A/Frameworks/CarbonCore.framework/Versions/A/CarbonCore
0x0000000004ba7000 	/System/Library/Frameworks/CoreServices.framework/Versions/A/Frameworks/Metadata.framework/Versions/A/Metadata
0x0000000004ba7000 	/System/Library/Frameworks/CoreServices.framework/Versions/A/Frameworks/OSServices.framework/Versions/A/OSServices
0x0000000004ba7000 	/System/Library/Frameworks/CoreServices.framework/Versions/A/Frameworks/SearchKit.framework/Versions/A/SearchKit
0x0000000004ba7000 	/System/Library/Frameworks/CoreServices.framework/Versions/A/Frameworks/AE.framework/Versions/A/AE
0x0000000004ba7000 	/System/Library/Frameworks/CoreServices.framework/Versions/A/Frameworks/LaunchServices.framework/Versions/A/LaunchServices
0x0000000004ba7000 	/System/Library/Frameworks/CoreServices.framework/Versions/A/Frameworks/DictionaryServices.framework/Versions/A/DictionaryServices
0x0000000004ba7000 	/System/Library/Frameworks/CoreServices.framework/Versions/A/Frameworks/SharedFileList.framework/Versions/A/SharedFileList
0x0000000004ba7000 	/System/Library/Frameworks/NetFS.framework/Versions/A/NetFS
0x0000000004ba7000 	/System/Library/PrivateFrameworks/NetAuth.framework/Versions/A/NetAuth
0x0000000004ba7000 	/System/Library/PrivateFrameworks/login.framework/Versions/A/Frameworks/loginsupport.framework/Versions/A/loginsupport
0x0000000004ba7000 	/System/Library/PrivateFrameworks/TCC.framework/Versions/A/TCC
0x0000000004ba7000 	/usr/lib/libmecabra.dylib
0x0000000004ba7000 	/System/Library/Frameworks/ApplicationServices.framework/Versions/A/Frameworks/ATS.framework/Versions/A/ATS
0x0000000004ba7000 	/System/Library/Frameworks/ApplicationServices.framework/Versions/A/Frameworks/ColorSync.framework/Versions/A/ColorSync
0x0000000004ba7000 	/System/Library/Frameworks/ApplicationServices.framework/Versions/A/Frameworks/HIServices.framework/Versions/A/HIServices
0x0000000004ba7000 	/System/Library/Frameworks/ApplicationServices.framework/Versions/A/Frameworks/LangAnalysis.framework/Versions/A/LangAnalysis
0x0000000004ba7000 	/System/Library/Frameworks/ApplicationServices.framework/Versions/A/Frameworks/PrintCore.framework/Versions/A/PrintCore
0x0000000004ba7000 	/System/Library/Frameworks/ApplicationServices.framework/Versions/A/Frameworks/QD.framework/Versions/A/QD
0x0000000004ba7000 	/System/Library/Frameworks/ApplicationServices.framework/Versions/A/Frameworks/SpeechSynthesis.framework/Versions/A/SpeechSynthesis
0x0000000004ba7000 	/System/Library/Frameworks/Metal.framework/Versions/A/Metal
0x0000000004ba7000 	/System/Library/Frameworks/Accelerate.framework/Versions/A/Frameworks/vImage.framework/Versions/A/vImage
0x0000000004ba7000 	/System/Library/Frameworks/Accelerate.framework/Versions/A/Frameworks/vecLib.framework/Versions/A/vecLib
0x0000000004ba7000 	/System/Library/Frameworks/Accelerate.framework/Versions/A/Frameworks/vecLib.framework/Versions/A/libvDSP.dylib
0x0000000004ba7000 	/System/Library/Frameworks/Accelerate.framework/Versions/A/Frameworks/vecLib.framework/Versions/A/libvMisc.dylib
0x0000000004ba7000 	/System/Library/Frameworks/Accelerate.framework/Versions/A/Frameworks/vecLib.framework/Versions/A/libLAPACK.dylib
0x0000000004ba7000 	/System/Library/Frameworks/Accelerate.framework/Versions/A/Frameworks/vecLib.framework/Versions/A/libBLAS.dylib
0x0000000004ba7000 	/System/Library/Frameworks/Accelerate.framework/Versions/A/Frameworks/vecLib.framework/Versions/A/libLinearAlgebra.dylib
0x0000000004ba7000 	/System/Library/Frameworks/Accelerate.framework/Versions/A/Frameworks/vecLib.framework/Versions/A/libSparseBLAS.dylib
0x0000000004ba7000 	/System/Library/PrivateFrameworks/GPUCompiler.framework/libmetal_timestamp.dylib
0x0000000004ba7000 	/System/Library/Frameworks/OpenGL.framework/Versions/A/Libraries/libCoreFSCache.dylib
0x0000000004ba7000 	/System/Library/PrivateFrameworks/IOAccelerator.framework/Versions/A/IOAccelerator
0x0000000004ba7000 	/System/Library/Frameworks/ApplicationServices.framework/Versions/A/Frameworks/ATS.framework/Versions/A/Resources/libFontParser.dylib
0x0000000004ba7000 	/System/Library/Frameworks/ApplicationServices.framework/Versions/A/Frameworks/ATS.framework/Versions/A/Resources/libFontRegistry.dylib
0x0000000004ba7000 	/System/Library/PrivateFrameworks/AppleVPA.framework/Versions/A/AppleVPA
0x0000000004ba7000 	/System/Library/PrivateFrameworks/AppleJPEG.framework/Versions/A/AppleJPEG
0x0000000004ba7000 	/System/Library/Frameworks/ImageIO.framework/Versions/A/Resources/libJPEG.dylib
0x0000000004ba7000 	/System/Library/Frameworks/ImageIO.framework/Versions/A/Resources/libTIFF.dylib
0x0000000004ba7000 	/System/Library/Frameworks/ImageIO.framework/Versions/A/Resources/libPng.dylib
0x0000000004ba7000 	/System/Library/Frameworks/ImageIO.framework/Versions/A/Resources/libGIF.dylib
0x0000000004ba7000 	/System/Library/Frameworks/ImageIO.framework/Versions/A/Resources/libJP2.dylib
0x0000000004ba7000 	/System/Library/Frameworks/ImageIO.framework/Versions/A/Resources/libRadiance.dylib
0x0000000004ba7000 	/System/Library/Frameworks/CoreVideo.framework/Versions/A/CoreVideo
0x0000000004ba7000 	/System/Library/Frameworks/OpenGL.framework/Versions/A/Libraries/libGLU.dylib
0x0000000004ba7000 	/System/Library/Frameworks/OpenGL.framework/Versions/A/Libraries/libGFXShared.dylib
0x0000000004ba7000 	/System/Library/Frameworks/OpenGL.framework/Versions/A/Libraries/libGL.dylib
0x0000000004ba7000 	/System/Library/Frameworks/OpenGL.framework/Versions/A/Libraries/libGLImage.dylib
0x0000000004ba7000 	/System/Library/Frameworks/OpenGL.framework/Versions/A/Libraries/libCVMSPluginSupport.dylib
0x0000000004ba7000 	/System/Library/Frameworks/OpenGL.framework/Versions/A/Libraries/libCoreVMClient.dylib
0x0000000004ba7000 	/usr/lib/libcups.2.dylib
0x0000000004ba7000 	/System/Library/Frameworks/Kerberos.framework/Versions/A/Kerberos
0x0000000004ba7000 	/System/Library/Frameworks/GSS.framework/Versions/A/GSS
0x0000000004ba7000 	/usr/lib/libresolv.9.dylib
0x0000000004ba7000 	/usr/lib/libiconv.2.dylib
0x0000000004ba7000 	/System/Library/PrivateFrameworks/Heimdal.framework/Versions/A/Heimdal
0x0000000004ba7000 	/usr/lib/libheimdal-asn1.dylib
0x0000000004ba7000 	/System/Library/Frameworks/OpenDirectory.framework/Versions/A/OpenDirectory
0x0000000004ba7000 	/System/Library/PrivateFrameworks/CommonAuth.framework/Versions/A/CommonAuth
0x0000000004ba7000 	/System/Library/Frameworks/OpenDirectory.framework/Versions/A/Frameworks/CFOpenDirectory.framework/Versions/A/CFOpenDirectory
0x0000000004ba7000 	/System/Library/Frameworks/SecurityFoundation.framework/Versions/A/SecurityFoundation
0x0000000004ba7000 	/System/Library/PrivateFrameworks/LanguageModeling.framework/Versions/A/LanguageModeling
0x0000000004ba7000 	/usr/lib/libmarisa.dylib
0x0000000004ba7000 	/usr/lib/libChineseTokenizer.dylib
0x0000000004ba7000 	/usr/lib/libcmph.dylib
0x0000000004ba7000 	/usr/lib/libcompression.dylib
0x0000000004ba7000 	/System/Library/Frameworks/ServiceManagement.framework/Versions/A/ServiceManagement
0x0000000004ba7000 	/usr/lib/libxslt.1.dylib
0x0000000004ba7000 	/System/Library/Frameworks/Carbon.framework/Versions/A/Frameworks/Ink.framework/Versions/A/Ink
0x0000000004ba7000 	/usr/lib/libFosl_dynamic.dylib
0x0000000004ba7000 	/System/Library/PrivateFrameworks/FaceCore.framework/Versions/A/FaceCore
0x0000000004ba7000 	/System/Library/Frameworks/OpenCL.framework/Versions/A/OpenCL
0x0000000004ba7000 	/System/Library/PrivateFrameworks/CrashReporterSupport.framework/Versions/A/CrashReporterSupport
0x0000000004ba7000 	/System/Library/PrivateFrameworks/IconServices.framework/Versions/A/IconServices
0x0000000004ba7000 	/System/Library/PrivateFrameworks/Apple80211.framework/Versions/A/Apple80211
0x0000000004ba7000 	/System/Library/Frameworks/CoreWLAN.framework/Versions/A/CoreWLAN
0x0000000004ba7000 	/System/Library/Frameworks/IOBluetooth.framework/Versions/A/IOBluetooth
0x0000000004ba7000 	/System/Library/PrivateFrameworks/CoreWiFi.framework/Versions/A/CoreWiFi
0x0000000004ba7000 	/System/Library/Frameworks/CoreBluetooth.framework/Versions/A/CoreBluetooth
0x0000000004ba7000 	/System/Library/PrivateFrameworks/ChunkingLibrary.framework/Versions/A/ChunkingLibrary
0x0000000004ba7000 	/System/Library/PrivateFrameworks/DebugSymbols.framework/Versions/A/DebugSymbols
0x0000000004ba7000 	/System/Library/PrivateFrameworks/CoreSymbolication.framework/Versions/A/CoreSymbolication
0x0000000004ba7000 	/System/Library/PrivateFrameworks/Symbolication.framework/Versions/A/Symbolication
0x0000000004ba7000 	/System/Library/PrivateFrameworks/SpeechRecognitionCore.framework/Versions/A/SpeechRecognitionCore
0x0000000055e2d000 	/System/Library/CoreServices/Encodings/libCyrillicConverter.dylib
0x0000000111200000 	/Library/Internet Plug-Ins/JavaAppletPlugin.plugin/Contents/Home/lib/server/libjvm.dylib
0x0000000004ba7000 	/usr/lib/libstdc++.6.dylib
0x0000000110199000 	/Library/Internet Plug-Ins/JavaAppletPlugin.plugin/Contents/Home/lib/libverify.dylib
0x00000001101a7000 	/Library/Internet Plug-Ins/JavaAppletPlugin.plugin/Contents/Home/lib/libjava.dylib
0x00000001101e6000 	/Library/Internet Plug-Ins/JavaAppletPlugin.plugin/Contents/Home/lib/libzip.dylib
0x000000012d213000 	/System/Library/Frameworks/JavaVM.framework/Frameworks/JavaRuntimeSupport.framework/JavaRuntimeSupport
0x000000012d22e000 	/System/Library/Frameworks/JavaVM.framework/Versions/A/Frameworks/JavaNativeFoundation.framework/Versions/A/JavaNativeFoundation
0x00000001101ef000 	/System/Library/Frameworks/JavaVM.framework/Versions/A/JavaVM
0x0000000004ba7000 	/System/Library/Frameworks/Carbon.framework/Versions/A/Carbon
0x000000012d243000 	/System/Library/PrivateFrameworks/JavaLaunching.framework/Versions/A/JavaLaunching
0x0000000004ba7000 	/System/Library/Frameworks/Carbon.framework/Versions/A/Frameworks/CommonPanels.framework/Versions/A/CommonPanels
0x0000000004ba7000 	/System/Library/Frameworks/Carbon.framework/Versions/A/Frameworks/Help.framework/Versions/A/Help
0x0000000004ba7000 	/System/Library/Frameworks/Carbon.framework/Versions/A/Frameworks/ImageCapture.framework/Versions/A/ImageCapture
0x0000000004ba7000 	/System/Library/Frameworks/Carbon.framework/Versions/A/Frameworks/OpenScripting.framework/Versions/A/OpenScripting
0x0000000004ba7000 	/System/Library/Frameworks/Carbon.framework/Versions/A/Frameworks/Print.framework/Versions/A/Print
0x0000000004ba7000 	/System/Library/Frameworks/Carbon.framework/Versions/A/Frameworks/SecurityHI.framework/Versions/A/SecurityHI
0x000000012eb6a000 	/Library/Internet Plug-Ins/JavaAppletPlugin.plugin/Contents/Home/lib/libawt.dylib
0x000000012ec12000 	/Library/Internet Plug-Ins/JavaAppletPlugin.plugin/Contents/Home/lib/./libmlib_image.dylib
0x000000012ecde000 	/Library/Internet Plug-Ins/JavaAppletPlugin.plugin/Contents/Home/lib/libawt_lwawt.dylib
0x000000012ed93000 	/Library/Internet Plug-Ins/JavaAppletPlugin.plugin/Contents/Home/lib/./libosxapp.dylib
0x0000000004ba7000 	/System/Library/Frameworks/ExceptionHandling.framework/Versions/A/ExceptionHandling
0x0000000004ba7000 	/System/Library/PrivateFrameworks/CoreServicesInternal.framework/Versions/A/CoreServicesInternal
0x0000000004ba7000 	/System/Library/Frameworks/CoreGraphics.framework/Versions/A/Resources/libRIP.A.dylib
0x0000000004ba7000 	/System/Library/Frameworks/Accelerate.framework/Versions/A/Frameworks/vImage.framework/Versions/A/Libraries/libCGInterfaces.dylib
0x0000000004ba7000 	/System/Library/Frameworks/CoreGraphics.framework/Versions/A/Resources/libCGXType.A.dylib
0x0000000004ba7000 	/System/Library/Frameworks/OpenCL.framework/Versions/A/Libraries/libcldcpuengine.dylib
0x0000000004ba7000 	/System/Library/PrivateFrameworks/DiskImages.framework/Versions/A/DiskImages
0x0000000004ba7000 	/System/Library/Frameworks/DiscRecording.framework/Versions/A/DiscRecording
0x0000000004ba7000 	/usr/lib/libcsfde.dylib
0x0000000004ba7000 	/usr/lib/libcurl.4.dylib
0x0000000004ba7000 	/System/Library/PrivateFrameworks/MediaKit.framework/Versions/A/MediaKit
0x0000000004ba7000 	/System/Library/PrivateFrameworks/ProtectedCloudStorage.framework/Versions/A/ProtectedCloudStorage
0x0000000004ba7000 	/usr/lib/libCoreStorage.dylib
0x0000000004ba7000 	/System/Library/PrivateFrameworks/EFILogin.framework/Versions/A/EFILogin
0x0000000004ba7000 	/usr/lib/libutil.dylib
0x0000000004ba7000 	/System/Library/PrivateFrameworks/FindMyDevice.framework/Versions/A/FindMyDevice
0x0000000004ba7000 	/System/Library/Frameworks/LDAP.framework/Versions/A/LDAP
0x0000000004ba7000 	/usr/lib/libsasl2.2.dylib
0x0000000004ba7000 	/System/Library/PrivateFrameworks/CoreDaemon.framework/Versions/B/CoreDaemon
0x0000000004ba7000 	/usr/lib/libcrypto.0.9.8.dylib
0x0000000004ba7000 	/System/Library/PrivateFrameworks/AppleSRP.framework/Versions/A/AppleSRP
0x0000000004ba7000 	/System/Library/PrivateFrameworks/TrustEvaluationAgent.framework/Versions/A/TrustEvaluationAgent
0x0000000130ded000 	cl_kernels
0x0000000004ba7000 	/System/Library/Frameworks/OpenCL.framework/Versions/A/Libraries/ImageFormats/unorm8_bgra.dylib
0x0000000004ba7000 	/System/Library/Frameworks/OpenCL.framework/Versions/A/Libraries/ImageFormats/unorm8_rgba.dylib
0x0000000004ba7000 	/System/Library/PrivateFrameworks/FamilyControls.framework/Versions/A/FamilyControls
0x0000000004ba7000 	/System/Library/PrivateFrameworks/CommerceKit.framework/Versions/A/Frameworks/CommerceCore.framework/Versions/A/CommerceCore
0x0000000004ba7000 	/System/Library/PrivateFrameworks/SystemAdministration.framework/Versions/A/SystemAdministration
0x0000000004ba7000 	/System/Library/PrivateFrameworks/AppContainer.framework/Versions/A/AppContainer
0x0000000004ba7000 	/System/Library/PrivateFrameworks/SecCodeWrapper.framework/Versions/A/SecCodeWrapper
0x0000000004ba7000 	/System/Library/Frameworks/DirectoryService.framework/Versions/A/DirectoryService
0x0000000004ba7000 	/System/Library/PrivateFrameworks/LoginUIKit.framework/Versions/A/Frameworks/LoginUICore.framework/Versions/A/LoginUICore
0x0000000004ba7000 	/usr/lib/libodfde.dylib
0x0000000131f5b000 	/Library/Internet Plug-Ins/JavaAppletPlugin.plugin/Contents/Home/lib/libfontmanager.dylib
0x0000000004ba7000 	/System/Library/Frameworks/OpenGL.framework/Versions/A/Resources/GLEngine.bundle/GLEngine
0x0000000004ba7000 	/System/Library/Frameworks/OpenGL.framework/Versions/A/Libraries/libGLProgrammability.dylib
0x0000000131fc2000 	/System/Library/Extensions/AppleIntelHD5000GraphicsGLDriver.bundle/Contents/MacOS/AppleIntelHD5000GraphicsGLDriver
0x0000000004ba7000 	/System/Library/PrivateFrameworks/GPUSupport.framework/Versions/A/Libraries/libGPUSupportMercury.dylib
0x0000000004ba7000 	/System/Library/Frameworks/OpenGL.framework/Versions/A/Resources/GLRendererFloat.bundle/GLRendererFloat
0x0000000132fb8000 	/Library/Internet Plug-Ins/JavaAppletPlugin.plugin/Contents/Home/lib/libosxui.dylib
0x0000000133f2d000 	/Library/Internet Plug-Ins/JavaAppletPlugin.plugin/Contents/Home/lib/libnet.dylib
0x0000000133c63000 	/Library/Internet Plug-Ins/JavaAppletPlugin.plugin/Contents/Home/lib/libnio.dylib
0x0000000004ba7000 	/System/Library/Frameworks/ApplicationServices.framework/Versions/A/Frameworks/ATS.framework/Versions/A/Resources/libTrueTypeScaler.dylib
0x000000019ce98000 	/Library/Internet Plug-Ins/JavaAppletPlugin.plugin/Contents/Home/lib/libmanagement.dylib
0x00000001a1c0f000 	/System/Library/Extensions/AppleIntelHD5000GraphicsMTLDriver.bundle/Contents/MacOS/AppleIntelHD5000GraphicsMTLDriver
0x00000001a90dd000 	/Library/Internet Plug-Ins/JavaAppletPlugin.plugin/Contents/Home/lib/libinstrument.dylib
0x00000001a9104000 	/Library/Java/JavaVirtualMachines/jdk1.8.0_66.jdk/Contents/Home/lib/visualvm/profiler/lib/deployed/jdk16/mac/libprofilerinterface.jnilib

VM Arguments:
java_command: /Users/aleksandr/IdeaProjects/Копия SwingLab4/out/artifacts/SwingLab4_jar/SwingLab4.jar
java_class_path (initial): /Users/aleksandr/IdeaProjects/Копия SwingLab4/out/artifacts/SwingLab4_jar/SwingLab4.jar
Launcher Type: SUN_STANDARD

Environment Variables:
PATH=/usr/bin:/bin:/usr/sbin:/sbin
SHELL=/bin/bash

Signal Handlers:
SIGSEGV: [libjvm.dylib+0x5a65d5], sa_mask[0]=11111111011111110111111111111111, sa_flags=SA_ONSTACK|SA_RESTART|SA_SIGINFO
SIGBUS: [libjvm.dylib+0x5a65d5], sa_mask[0]=11111111011111110111111111111111, sa_flags=SA_RESTART|SA_SIGINFO
SIGFPE: [libjvm.dylib+0x4802e8], sa_mask[0]=11111111011111110111111111111111, sa_flags=SA_RESTART|SA_SIGINFO
SIGPIPE: [libjvm.dylib+0x4802e8], sa_mask[0]=11111111011111110111111111111111, sa_flags=SA_RESTART|SA_SIGINFO
SIGXFSZ: [libjvm.dylib+0x4802e8], sa_mask[0]=11111111011111110111111111111111, sa_flags=SA_RESTART|SA_SIGINFO
SIGILL: [libjvm.dylib+0x4802e8], sa_mask[0]=11111111011111110111111111111111, sa_flags=SA_RESTART|SA_SIGINFO
SIGUSR1: SIG_DFL, sa_mask[0]=00000000000000000000000000000000, sa_flags=none
SIGUSR2: [libjvm.dylib+0x47fe06], sa_mask[0]=00000000000000000000000000000000, sa_flags=SA_RESTART|SA_SIGINFO
SIGHUP: [libjvm.dylib+0x47e3dd], sa_mask[0]=11111111011111110111111111111111, sa_flags=SA_RESTART|SA_SIGINFO
SIGINT: [libjvm.dylib+0x47e3dd], sa_mask[0]=11111111011111110111111111111111, sa_flags=SA_RESTART|SA_SIGINFO
SIGTERM: [libjvm.dylib+0x47e3dd], sa_mask[0]=11111111011111110111111111111111, sa_flags=SA_RESTART|SA_SIGINFO
SIGQUIT: [libjvm.dylib+0x47e3dd], sa_mask[0]=11111111011111110111111111111111, sa_flags=SA_RESTART|SA_SIGINFO


---------------  S Y S T E M  ---------------

OS:Bsduname:Darwin 15.2.0 Darwin Kernel Version 15.2.0: Fri Nov 13 19:56:56 PST 2015; root:xnu-3248.20.55~2/RELEASE_X86_64 x86_64
rlimit: STACK 8192k, CORE 0k, NPROC 709, NOFILE 10240, AS infinity
load average:2.86 2.59 2.29

CPU:total 8 (4 cores per cpu, 2 threads per core) family 6 model 70 stepping 1, cmov, cx8, fxsr, mmx, sse, sse2, sse3, ssse3, sse4.1, sse4.2, popcnt, avx, avx2, aes, clmul, erms, lzcnt, ht, tsc, tscinvbit, bmi1, bmi2

Memory: 4k page, physical 16777216k(2288424k free)

/proc/meminfo:


vm_info: Java HotSpot(TM) 64-Bit Server VM (25.66-b17) for bsd-amd64 JRE (1.8.0_66-b17), built on Oct  6 2015 16:09:13 by "java_re" with gcc 4.2.1 (Based on Apple Inc. build 5658) (LLVM build 2336.11.00)

time: Mon Jan 18 02:07:15 2016
elapsed time: 71 seconds (0d 0h 1m 11s)

