#
# A fatal error has been detected by the Java Runtime Environment:
#
#  SIGSEGV (0xb) at pc=0x0000000102e461c4, pid=38670, tid=16647
#
# JRE version: Java(TM) SE Runtime Environment (8.0_66-b17) (build 1.8.0_66-b17)
# Java VM: Java HotSpot(TM) 64-Bit Server VM (25.66-b17 mixed mode bsd-amd64 compressed oops)
# Problematic frame:
# V  [libjvm.dylib+0x4461c4]  Method::checked_resolve_jmethod_id(_jmethodID*)+0x22
#
# Failed to write core dump. Core dumps have been disabled. To enable core dumping, try "ulimit -c unlimited" before starting Java again
#
# If you would like to submit a bug report, please visit:
#   http://bugreport.java.com/bugreport/crash.jsp
#

---------------  T H R E A D  ---------------

Current thread (0x00007f9e0203d800):  JavaThread "*** Profiler Agent Communication Thread" daemon [_thread_in_vm, id=16647, stack(0x000070000240f000,0x000070000250f000)]

siginfo: si_signo: 11 (SIGSEGV), si_code: 1 (SEGV_MAPERR), si_addr: 0x000000000000001b

Registers:
RAX=0x000000000000000b, RBX=0x000000012540e878, RCX=0x0000000103214310, RDX=0x000070000250e698
RSP=0x000070000250e5d0, RBP=0x000070000250e5e0, RSI=0x00007f9e0203d800, RDI=0x000000012540e878
R8 =0x0000000000000001, R9 =0x00007f9e080c82c0, R10=0x00000000f61405bf, R11=0x00007f9e08000000
R12=0x00007f9e0203d800, R13=0x00007f9e02189ce4, R14=0x00007f9e080ecd30, R15=0x00007f9e01d059a0
RIP=0x0000000102e461c4, EFLAGS=0x0000000000010206, ERR=0x0000000000000004
  TRAPNO=0x000000000000000e

Top of Stack: (sp=0x000070000250e5d0)
0x000070000250e5d0:   000070000250e698 000070000250e698
0x000070000250e5e0:   000070000250e640 0000000102d55e77
0x000070000250e5f0:   00007f9e0203d800 0000000000000000
0x000070000250e600:   0000700000000000 0000000000000000
0x000070000250e610:   00007f9e0203d800 00007f9e0203d800
0x000070000250e620:   00007f9e080ecd30 00007fff78051bd0
0x000070000250e630:   0000000000000039 0000000000000261
0x000070000250e640:   000070000250e6d0 0000000196d69da7
0x000070000250e650:   0000000196d6d420 00007f9e02189c00
0x000070000250e660:   000070000250e760 00007f9e0203d9f8
0x000070000250e670:   0000000000000000 00007f9e01c2a520
0x000070000250e680:   00007f9e080e4150 00007f9e080dc020
0x000070000250e690:   00007f9e080cc9a0 00007f9e083b4f10
0x000070000250e6a0:   0000000196d12460 0000000196d12460
0x000070000250e6b0:   0000000000000000 0000000196d12460
0x000070000250e6c0:   000070000250e770 00007f9e0203d800
0x000070000250e6d0:   000070000250e740 000000010399b954
0x000070000250e6e0:   000070000250e740 000000010399b6d9
0x000070000250e6f0:   00000001039a7823 000000010399b6a2
0x000070000250e700:   000070000250e700 0000000196d12460
0x000070000250e710:   000070000250e770 0000000196d12720
0x000070000250e720:   0000000000000000 0000000196d12460
0x000070000250e730:   0000000000000000 000070000250e760
0x000070000250e740:   000070000250e7b8 000000010398d9d0
0x000070000250e750:   00000006c02a7bf0 000000010399557b
0x000070000250e760:   000000076ac48f00 000000076ac48538
0x000070000250e770:   0000000000000261 000070000250e778
0x000070000250e780:   0000000196ce842a 000070000250e7e8
0x000070000250e790:   0000000196cebfb8 0000000000000000
0x000070000250e7a0:   0000000196ce8448 000070000250e760
0x000070000250e7b0:   000070000250e7e8 000070000250e838
0x000070000250e7c0:   000000010398d9d0 0000000000000000 

Instructions: (pc=0x0000000102e461c4)
0x0000000102e461a4:   89 e5 53 48 83 ec 08 48 85 ff 74 24 48 8b 1f 48
0x0000000102e461b4:   85 db 74 1c 48 83 fb 37 74 16 48 8b 03 48 89 df
0x0000000102e461c4:   ff 50 10 84 c0 b8 00 00 00 00 48 0f 45 c3 eb 02
0x0000000102e461d4:   31 c0 48 83 c4 08 5b 5d c3 90 55 48 89 e5 48 8b 

Register to memory mapping:

RAX=0x000000000000000b is an unknown value
RBX=0x000000012540e878 is pointing into metadata
RCX=0x0000000103214310: UseMembar+0 in /Library/Internet Plug-Ins/JavaAppletPlugin.plugin/Contents/Home/lib/server/libjvm.dylib at 0x0000000102a00000
RDX=0x000070000250e698 is pointing into the stack for thread: 0x00007f9e0203d800
RSP=0x000070000250e5d0 is pointing into the stack for thread: 0x00007f9e0203d800
RBP=0x000070000250e5e0 is pointing into the stack for thread: 0x00007f9e0203d800
RSI=0x00007f9e0203d800 is a thread
RDI=0x000000012540e878 is pointing into metadata
R8 =0x0000000000000001 is an unknown value
R9 =0x00007f9e080c82c0 is an unknown value
R10=0x00000000f61405bf is an unknown value
R11=0x00007f9e08000000 is an unknown value
R12=0x00007f9e0203d800 is a thread
R13=0x00007f9e02189ce4 is an unknown value
R14=0x00007f9e080ecd30 is an unknown value
R15=0x00007f9e01d059a0 is an unknown value


Stack: [0x000070000240f000,0x000070000250f000],  sp=0x000070000250e5d0,  free space=1021k
Native frames: (J=compiled Java code, j=interpreted, Vv=VM code, C=native code)
V  [libjvm.dylib+0x4461c4]  Method::checked_resolve_jmethod_id(_jmethodID*)+0x22
V  [libjvm.dylib+0x355e77]  jvmti_GetMethodDeclaringClass+0xa1
C  [libprofilerinterface.jnilib+0x3da7]  Java_org_netbeans_lib_profiler_server_system_Stacks_getMethodNamesForJMethodIds+0xf3
j  org.netbeans.lib.profiler.server.system.Stacks.getMethodNamesForJMethodIds(I[I[I)[B+0
j  org.netbeans.lib.profiler.server.ProfilerInterface.getMethodNamesForJMethodIds([I)Lorg/netbeans/lib/profiler/wireprotocol/MethodNamesResponse;+18
j  org.netbeans.lib.profiler.server.ProfilerServer.handleClientCommand(Lorg/netbeans/lib/profiler/wireprotocol/Command;)V+675
j  org.netbeans.lib.profiler.server.ProfilerServer.listenToClient()V+48
j  org.netbeans.lib.profiler.server.ProfilerServer.run()V+22
v  ~StubRoutines::call_stub
V  [libjvm.dylib+0x2ea35e]  JavaCalls::call_helper(JavaValue*, methodHandle*, JavaCallArguments*, Thread*)+0x6ae
V  [libjvm.dylib+0x2eaaec]  JavaCalls::call_virtual(JavaValue*, KlassHandle, Symbol*, Symbol*, JavaCallArguments*, Thread*)+0x164
V  [libjvm.dylib+0x2eac98]  JavaCalls::call_virtual(JavaValue*, Handle, KlassHandle, Symbol*, Symbol*, Thread*)+0x4a
V  [libjvm.dylib+0x345215]  thread_entry(JavaThread*, Thread*)+0x7c
V  [libjvm.dylib+0x560b83]  JavaThread::thread_main_inner()+0x9b
V  [libjvm.dylib+0x56227e]  JavaThread::run()+0x1c2
V  [libjvm.dylib+0x482cd6]  java_start(Thread*)+0xf6
C  [libsystem_pthread.dylib+0x3c13]  _pthread_body+0x83
C  [libsystem_pthread.dylib+0x3b90]  _pthread_body+0x0
C  [libsystem_pthread.dylib+0x1375]  thread_start+0xd
C  0x0000000000000000

Java frames: (J=compiled Java code, j=interpreted, Vv=VM code)
j  org.netbeans.lib.profiler.server.system.Stacks.getMethodNamesForJMethodIds(I[I[I)[B+0
j  org.netbeans.lib.profiler.server.ProfilerInterface.getMethodNamesForJMethodIds([I)Lorg/netbeans/lib/profiler/wireprotocol/MethodNamesResponse;+18
j  org.netbeans.lib.profiler.server.ProfilerServer.handleClientCommand(Lorg/netbeans/lib/profiler/wireprotocol/Command;)V+675
j  org.netbeans.lib.profiler.server.ProfilerServer.listenToClient()V+48
j  org.netbeans.lib.profiler.server.ProfilerServer.run()V+22
v  ~StubRoutines::call_stub

---------------  P R O C E S S  ---------------

Java Threads: ( => current thread )
  0x00007f9e038b0800 JavaThread "*** Profiler Agent Special Execution Thread 3" daemon [_thread_blocked, id=36107, stack(0x0000700002718000,0x0000700002818000)]
  0x00007f9e05026800 JavaThread "process reaper" daemon [_thread_blocked, id=36367, stack(0x0000700000d3e000,0x0000700000d66000)]
  0x00007f9e02af9000 JavaThread "*** Profiler Agent Special Execution Thread 6" daemon [_thread_blocked, id=59919, stack(0x0000700002615000,0x0000700002715000)]
  0x00007f9e02af8800 JavaThread "*** JFluid Monitor thread ***" daemon [_thread_blocked, id=35851, stack(0x0000700002512000,0x0000700002612000)]
=>0x00007f9e0203d800 JavaThread "*** Profiler Agent Communication Thread" daemon [_thread_in_vm, id=16647, stack(0x000070000240f000,0x000070000250f000)]
  0x00007f9e0384d000 JavaThread "RMI TCP Connection(3)-192.168.1.6" daemon [_thread_in_native, id=64775, stack(0x0000700002209000,0x0000700002309000)]
  0x00007f9e03237800 JavaThread "RMI TCP Connection(2)-192.168.1.6" daemon [_thread_blocked, id=36875, stack(0x0000700002106000,0x0000700002206000)]
  0x00007f9e02153800 JavaThread "JMX server connection timeout 23" daemon [_thread_blocked, id=24595, stack(0x0000700002003000,0x0000700002103000)]
  0x00007f9e02ad9800 JavaThread "RMI Scheduler(0)" daemon [_thread_blocked, id=15627, stack(0x0000700001f00000,0x0000700002000000)]
  0x00007f9e02155800 JavaThread "RMI TCP Connection(1)-192.168.1.6" daemon [_thread_in_native, id=29723, stack(0x0000700001dfd000,0x0000700001efd000)]
  0x00007f9e03a27000 JavaThread "RMI TCP Accept-0" daemon [_thread_in_native, id=65035, stack(0x0000700001762000,0x0000700001862000)]
  0x00007f9e0501e800 JavaThread "Attach Listener" daemon [_thread_blocked, id=64007, stack(0x00007000014d6000,0x00007000015d6000)]
  0x00007f9e0225a800 JavaThread "TimerQueue" daemon [_thread_blocked, id=59199, stack(0x0000700001c77000,0x0000700001d77000)]
  0x00007f9e03156800 JavaThread "Java2D Disposer" daemon [_thread_blocked, id=57351, stack(0x0000700001b74000,0x0000700001c74000)]
  0x00007f9e02192800 JavaThread "Java2D Queue Flusher" daemon [_thread_blocked, id=54023, stack(0x0000700001a71000,0x0000700001b71000)]
  0x00007f9e038fa800 JavaThread "DestroyJavaVM" [_thread_blocked, id=5891, stack(0x000070000011a000,0x000070000021a000)]
  0x00007f9e02803000 JavaThread "AWT-EventQueue-0" [_thread_blocked, id=52747, stack(0x000070000196e000,0x0000700001a6e000)]
  0x00007f9e0313a000 JavaThread "AWT-Shutdown" [_thread_blocked, id=32019, stack(0x000070000165f000,0x000070000175f000)]
  0x00007f9e0382c800 JavaThread "AppKit Thread" daemon [_thread_in_native, id=1295, stack(0x00007fff5dd1e000,0x00007fff5e51e000)]
  0x00007f9e03065800 JavaThread "Service Thread" daemon [_thread_blocked, id=20995, stack(0x00007000012d0000,0x00007000013d0000)]
  0x00007f9e0381d800 JavaThread "C1 CompilerThread3" daemon [_thread_blocked, id=20483, stack(0x00007000011cd000,0x00007000012cd000)]
  0x00007f9e0381d000 JavaThread "C2 CompilerThread2" daemon [_thread_blocked, id=19971, stack(0x00007000010ca000,0x00007000011ca000)]
  0x00007f9e02835000 JavaThread "C2 CompilerThread1" daemon [_thread_blocked, id=19459, stack(0x0000700000fc7000,0x00007000010c7000)]
  0x00007f9e0301f800 JavaThread "C2 CompilerThread0" daemon [_thread_blocked, id=18947, stack(0x0000700000ec4000,0x0000700000fc4000)]
  0x00007f9e03002800 JavaThread "Signal Dispatcher" daemon [_thread_blocked, id=14863, stack(0x0000700000dc1000,0x0000700000ec1000)]
  0x00007f9e0282d800 JavaThread "Finalizer" daemon [_thread_blocked, id=14339, stack(0x0000700000c3b000,0x0000700000d3b000)]
  0x00007f9e02808000 JavaThread "Reference Handler" daemon [_thread_blocked, id=13827, stack(0x0000700000b38000,0x0000700000c38000)]

Other Threads:
  0x00007f9e02037800 VMThread [stack: 0x0000700000a35000,0x0000700000b35000] [id=13315]
  0x00007f9e03030000 WatcherThread [stack: 0x00007000013d3000,0x00007000014d3000] [id=21507]

VM state:not at safepoint (normal execution)

VM Mutex/Monitor currently owned by a thread: None

Heap:
 PSYoungGen      total 76288K, used 2089K [0x000000076ab00000, 0x0000000770000000, 0x00000007c0000000)
  eden space 65536K, 3% used [0x000000076ab00000,0x000000076ad0a680,0x000000076eb00000)
  from space 10752K, 0% used [0x000000076f580000,0x000000076f580000,0x0000000770000000)
  to   space 10752K, 0% used [0x000000076eb00000,0x000000076eb00000,0x000000076f580000)
 ParOldGen       total 76288K, used 5891K [0x00000006c0000000, 0x00000006c4a80000, 0x000000076ab00000)
  object space 76288K, 7% used [0x00000006c0000000,0x00000006c05c0f10,0x00000006c4a80000)
 Metaspace       used 34646K, capacity 35166K, committed 35328K, reserved 1081344K
  class space    used 3113K, capacity 3293K, committed 3328K, reserved 1048576K

Card table byte_map: [0x0000000112d46000,0x0000000113547000] byte_map_base: 0x000000010f746000

Marking Bits: (ParMarkBitMap*) 0x00000001032dde20
 Begin Bits: [0x0000000113a9d000, 0x0000000117a9d000)
 End Bits:   [0x0000000117a9d000, 0x000000011ba9d000)

Polling page: 0x00000001019dd000

CodeCache: size=245760Kb used=2212Kb max_used=4469Kb free=243547Kb
 bounds [0x0000000103986000, 0x0000000103df6000, 0x0000000112986000]
 total_blobs=1035 nmethods=468 adapters=480
 compilation: enabled

Compilation events (10 events):
Event: 53.675 Thread 0x00007f9e0381d800 nmethod 1808 0x0000000103b0c590 code [0x0000000103b0c700, 0x0000000103b0c8b8]
Event: 53.675 Thread 0x00007f9e0381d800 1810   !   3       org.netbeans.lib.profiler.server.ProfilerRuntimeMemory::writeObjGCEvent (207 bytes)
Event: 53.676 Thread 0x00007f9e0381d000 nmethod 1811 0x0000000103d87e10 code [0x0000000103d87f60, 0x0000000103d88018]
Event: 53.676 Thread 0x00007f9e0381d800 nmethod 1810 0x0000000103d4c690 code [0x0000000103d4c840, 0x0000000103d4ce28]
Event: 53.781 Thread 0x00007f9e0381d800 1812       3       java.io.OutputStream::flush (1 bytes)
Event: 53.781 Thread 0x00007f9e0381d800 nmethod 1812 0x0000000103a95d10 code [0x0000000103a95e60, 0x0000000103a95fb0]
Event: 53.879 Thread 0x00007f9e0381d800 1814       3       java.io.ObjectInputStream$BlockDataInputStream::readInt (73 bytes)
Event: 53.879 Thread 0x00007f9e0381d800 nmethod 1814 0x0000000103b4a5d0 code [0x0000000103b4a760, 0x0000000103b4aac8]
Event: 53.879 Thread 0x00007f9e0381d800 1813       3       java.io.ObjectInputStream::readInt (8 bytes)
Event: 53.880 Thread 0x00007f9e0381d800 nmethod 1813 0x0000000103bdf3d0 code [0x0000000103bdf540, 0x0000000103bdf6c8]

GC Heap History (8 events):
Event: 29.984 GC heap before
{Heap before GC invocations=1 (full 0):
 PSYoungGen      total 76288K, used 48540K [0x000000076ab00000, 0x0000000770000000, 0x00000007c0000000)
  eden space 65536K, 74% used [0x000000076ab00000,0x000000076da67318,0x000000076eb00000)
  from space 10752K, 0% used [0x000000076f580000,0x000000076f580000,0x0000000770000000)
  to   space 10752K, 0% used [0x000000076eb00000,0x000000076eb00000,0x000000076f580000)
 ParOldGen       total 175104K, used 0K [0x00000006c0000000, 0x00000006cab00000, 0x000000076ab00000)
  object space 175104K, 0% used [0x00000006c0000000,0x00000006c0000000,0x00000006cab00000)
 Metaspace       used 20774K, capacity 21222K, committed 21248K, reserved 1069056K
  class space    used 2379K, capacity 2553K, committed 2560K, reserved 1048576K
Event: 29.995 GC heap after
Heap after GC invocations=1 (full 0):
 PSYoungGen      total 76288K, used 10751K [0x000000076ab00000, 0x0000000770000000, 0x00000007c0000000)
  eden space 65536K, 0% used [0x000000076ab00000,0x000000076ab00000,0x000000076eb00000)
  from space 10752K, 99% used [0x000000076eb00000,0x000000076f57fce8,0x000000076f580000)
  to   space 10752K, 0% used [0x000000076f580000,0x000000076f580000,0x0000000770000000)
 ParOldGen       total 175104K, used 3723K [0x00000006c0000000, 0x00000006cab00000, 0x000000076ab00000)
  object space 175104K, 2% used [0x00000006c0000000,0x00000006c03a2ce0,0x00000006cab00000)
 Metaspace       used 20774K, capacity 21222K, committed 21248K, reserved 1069056K
  class space    used 2379K, capacity 2553K, committed 2560K, reserved 1048576K
}
Event: 29.995 GC heap before
{Heap before GC invocations=2 (full 1):
 PSYoungGen      total 76288K, used 10751K [0x000000076ab00000, 0x0000000770000000, 0x00000007c0000000)
  eden space 65536K, 0% used [0x000000076ab00000,0x000000076ab00000,0x000000076eb00000)
  from space 10752K, 99% used [0x000000076eb00000,0x000000076f57fce8,0x000000076f580000)
  to   space 10752K, 0% used [0x000000076f580000,0x000000076f580000,0x0000000770000000)
 ParOldGen       total 175104K, used 3723K [0x00000006c0000000, 0x00000006cab00000, 0x000000076ab00000)
  object space 175104K, 2% used [0x00000006c0000000,0x00000006c03a2ce0,0x00000006cab00000)
 Metaspace       used 20774K, capacity 21222K, committed 21248K, reserved 1069056K
  class space    used 2379K, capacity 2553K, committed 2560K, reserved 1048576K
Event: 30.026 GC heap after
Heap after GC invocations=2 (full 1):
 PSYoungGen      total 76288K, used 0K [0x000000076ab00000, 0x0000000770000000, 0x00000007c0000000)
  eden space 65536K, 0% used [0x000000076ab00000,0x000000076ab00000,0x000000076eb00000)
  from space 10752K, 0% used [0x000000076eb00000,0x000000076eb00000,0x000000076f580000)
  to   space 10752K, 0% used [0x000000076f580000,0x000000076f580000,0x0000000770000000)
 ParOldGen       total 83456K, used 13798K [0x00000006c0000000, 0x00000006c5180000, 0x000000076ab00000)
  object space 83456K, 16% used [0x00000006c0000000,0x00000006c0d79948,0x00000006c5180000)
 Metaspace       used 20774K, capacity 21222K, committed 21248K, reserved 1069056K
  class space    used 2379K, capacity 2553K, committed 2560K, reserved 1048576K
}
Event: 53.120 GC heap before
{Heap before GC invocations=3 (full 1):
 PSYoungGen      total 76288K, used 18395K [0x000000076ab00000, 0x0000000770000000, 0x00000007c0000000)
  eden space 65536K, 28% used [0x000000076ab00000,0x000000076bcf6c20,0x000000076eb00000)
  from space 10752K, 0% used [0x000000076eb00000,0x000000076eb00000,0x000000076f580000)
  to   space 10752K, 0% used [0x000000076f580000,0x000000076f580000,0x0000000770000000)
 ParOldGen       total 83456K, used 13798K [0x00000006c0000000, 0x00000006c5180000, 0x000000076ab00000)
  object space 83456K, 16% used [0x00000006c0000000,0x00000006c0d79948,0x00000006c5180000)
 Metaspace       used 34647K, capacity 35172K, committed 35328K, reserved 1081344K
  class space    used 3113K, capacity 3294K, committed 3328K, reserved 1048576K
Event: 53.123 GC heap after
Heap after GC invocations=3 (full 1):
 PSYoungGen      total 76288K, used 671K [0x000000076ab00000, 0x0000000770000000, 0x00000007c0000000)
  eden space 65536K, 0% used [0x000000076ab00000,0x000000076ab00000,0x000000076eb00000)
  from space 10752K, 6% used [0x000000076f580000,0x000000076f627d90,0x0000000770000000)
  to   space 10752K, 0% used [0x000000076eb00000,0x000000076eb00000,0x000000076f580000)
 ParOldGen       total 83456K, used 13806K [0x00000006c0000000, 0x00000006c5180000, 0x000000076ab00000)
  object space 83456K, 16% used [0x00000006c0000000,0x00000006c0d7b948,0x00000006c5180000)
 Metaspace       used 34647K, capacity 35172K, committed 35328K, reserved 1081344K
  class space    used 3113K, capacity 3294K, committed 3328K, reserved 1048576K
}
Event: 53.123 GC heap before
{Heap before GC invocations=4 (full 2):
 PSYoungGen      total 76288K, used 671K [0x000000076ab00000, 0x0000000770000000, 0x00000007c0000000)
  eden space 65536K, 0% used [0x000000076ab00000,0x000000076ab00000,0x000000076eb00000)
  from space 10752K, 6% used [0x000000076f580000,0x000000076f627d90,0x0000000770000000)
  to   space 10752K, 0% used [0x000000076eb00000,0x000000076eb00000,0x000000076f580000)
 ParOldGen       total 83456K, used 13806K [0x00000006c0000000, 0x00000006c5180000, 0x000000076ab00000)
  object space 83456K, 16% used [0x00000006c0000000,0x00000006c0d7b948,0x00000006c5180000)
 Metaspace       used 34647K, capacity 35172K, committed 35328K, reserved 1081344K
  class space    used 3113K, capacity 3294K, committed 3328K, reserved 1048576K
Event: 53.168 GC heap after
Heap after GC invocations=4 (full 2):
 PSYoungGen      total 76288K, used 0K [0x000000076ab00000, 0x0000000770000000, 0x00000007c0000000)
  eden space 65536K, 0% used [0x000000076ab00000,0x000000076ab00000,0x000000076eb00000)
  from space 10752K, 0% used [0x000000076f580000,0x000000076f580000,0x0000000770000000)
  to   space 10752K, 0% used [0x000000076eb00000,0x000000076eb00000,0x000000076f580000)
 ParOldGen       total 76288K, used 5891K [0x00000006c0000000, 0x00000006c4a80000, 0x000000076ab00000)
  object space 76288K, 7% used [0x00000006c0000000,0x00000006c05c0f10,0x00000006c4a80000)
 Metaspace       used 34646K, capacity 35166K, committed 35328K, reserved 1081344K
  class space    used 3113K, capacity 3293K, committed 3328K, reserved 1048576K
}

Deoptimization events (10 events):
Event: 1.203 Thread 0x00007f9e02803000 Uncommon trap: reason=unstable_if action=reinterpret pc=0x0000000103b4a818 method=java.lang.String.indexOf([CII[CIII)I @ 3
Event: 1.219 Thread 0x00007f9e02803000 Uncommon trap: reason=unstable_if action=reinterpret pc=0x0000000103b60c40 method=java.lang.String.toLowerCase(Ljava/util/Locale;)Ljava/lang/String; @ 85
Event: 1.357 Thread 0x00007f9e02803000 Uncommon trap: reason=class_check action=maybe_recompile pc=0x0000000103aed4dc method=java.lang.String.equals(Ljava/lang/Object;)Z @ 8
Event: 1.358 Thread 0x00007f9e02803000 Uncommon trap: reason=class_check action=maybe_recompile pc=0x0000000103aed4dc method=java.lang.String.equals(Ljava/lang/Object;)Z @ 8
Event: 1.365 Thread 0x00007f9e02803000 Uncommon trap: reason=class_check action=maybe_recompile pc=0x0000000103aed4dc method=java.lang.String.equals(Ljava/lang/Object;)Z @ 8
Event: 1.365 Thread 0x00007f9e02803000 Uncommon trap: reason=class_check action=maybe_recompile pc=0x0000000103aed4dc method=java.lang.String.equals(Ljava/lang/Object;)Z @ 8
Event: 27.708 Thread 0x00007f9e0203d800 Uncommon trap: reason=class_check action=maybe_recompile pc=0x0000000103d1f990 method=java.io.ObjectOutputStream$BlockDataOutputStream.drain()V @ 36
Event: 27.816 Thread 0x00007f9e0203d800 Uncommon trap: reason=class_check action=maybe_recompile pc=0x0000000103d1efe0 method=java.io.ObjectOutputStream$BlockDataOutputStream.drain()V @ 36
Event: 27.819 Thread 0x00007f9e0203d800 Uncommon trap: reason=class_check action=maybe_recompile pc=0x0000000103d1efe0 method=java.io.ObjectOutputStream$BlockDataOutputStream.drain()V @ 36
Event: 27.819 Thread 0x00007f9e0203d800 Uncommon trap: reason=class_check action=maybe_recompile pc=0x0000000103d1efe0 method=java.io.ObjectOutputStream$BlockDataOutputStream.drain()V @ 36

Internal exceptions (10 events):
Event: 18.878 Thread 0x00007f9e02155800 Exception <a 'java/lang/NoSuchMethodError': <clinit>> (0x000000076c03f910) thrown at [/HUDSON3/workspace/8-2-build-macosx-x86_64/jdk8u66/4988/hotspot/src/share/vm/prims/jni.cpp, line 1591]
Event: 18.878 Thread 0x00007f9e02155800 Exception <a 'java/lang/NoSuchMethodError': <clinit>> (0x000000076c040528) thrown at [/HUDSON3/workspace/8-2-build-macosx-x86_64/jdk8u66/4988/hotspot/src/share/vm/prims/jni.cpp, line 1591]
Event: 19.499 Thread 0x00007f9e02155800 Exception <a 'java/lang/NoSuchMethodError': <clinit>> (0x000000076c0b8fd8) thrown at [/HUDSON3/workspace/8-2-build-macosx-x86_64/jdk8u66/4988/hotspot/src/share/vm/prims/jni.cpp, line 1591]
Event: 19.502 Thread 0x00007f9e02155800 Exception <a 'java/lang/NoSuchMethodError': <clinit>> (0x000000076c0c1098) thrown at [/HUDSON3/workspace/8-2-build-macosx-x86_64/jdk8u66/4988/hotspot/src/share/vm/prims/jni.cpp, line 1591]
Event: 21.913 Thread 0x00007f9e02155800 Exception <a 'java/lang/NoSuchMethodError': <clinit>> (0x000000076c22db28) thrown at [/HUDSON3/workspace/8-2-build-macosx-x86_64/jdk8u66/4988/hotspot/src/share/vm/prims/jni.cpp, line 1591]
Event: 21.921 Thread 0x00007f9e02155800 Exception <a 'java/lang/NoSuchMethodError': <clinit>> (0x000000076c261108) thrown at [/HUDSON3/workspace/8-2-build-macosx-x86_64/jdk8u66/4988/hotspot/src/share/vm/prims/jni.cpp, line 1591]
Event: 30.028 Thread 0x00007f9e0282d800 Exception <a 'java/lang/NullPointerException'> (0x000000076acf4740) thrown at [/HUDSON3/workspace/8-2-build-macosx-x86_64/jdk8u66/4988/hotspot/src/share/vm/interpreter/linkResolver.cpp, line 1178]
Event: 32.567 Thread 0x00007f9e03065800 Exception <a 'java/lang/ArrayIndexOutOfBoundsException': 71> (0x000000076ab0c7a8) thrown at [/HUDSON3/workspace/8-2-build-macosx-x86_64/jdk8u66/4988/hotspot/src/share/vm/interpreter/interpreterRuntime.cpp, line 366]
Event: 32.590 Thread 0x00007f9e03065800 Exception <a 'java/lang/ArrayIndexOutOfBoundsException'> (0x000000076ab27510) thrown at [/HUDSON3/workspace/8-2-build-macosx-x86_64/jdk8u66/4988/hotspot/src/share/vm/runtime/sharedRuntime.cpp, line 605]
Event: 32.592 Thread 0x00007f9e03065800 Exception <a 'java/lang/ArrayIndexOutOfBoundsException'> (0x000000076ab2a460) thrown at [/HUDSON3/workspace/8-2-build-macosx-x86_64/jdk8u66/4988/hotspot/src/share/vm/runtime/sharedRuntime.cpp, line 605]

Events (10 events):
Event: 53.188 Thread 0x00007f9e0381d800 flushing nmethod 0x0000000103d88390
Event: 53.188 Thread 0x00007f9e0381d800 flushing nmethod 0x0000000103d893d0
Event: 53.188 Thread 0x00007f9e0381d800 flushing nmethod 0x0000000103d8a290
Event: 53.188 Thread 0x00007f9e0381d800 flushing nmethod 0x0000000103d8cd10
Event: 53.188 Thread 0x00007f9e0381d800 flushing nmethod 0x0000000103d8dbd0
Event: 53.674 Thread 0x00007f9e0381d800 flushing nmethod 0x0000000103d8dfd0
Event: 53.674 Thread 0x00007f9e0381d800 flushing nmethod 0x0000000103d8ec10
Event: 53.674 Thread 0x00007f9e0381d800 flushing nmethod 0x0000000103d96850
Event: 53.879 loading class org/netbeans/lib/profiler/wireprotocol/GetMethodNamesForJMethodIdsCommand
Event: 53.879 loading class org/netbeans/lib/profiler/wireprotocol/GetMethodNamesForJMethodIdsCommand done


Dynamic libraries:
0x0000000004ba7000 	/System/Library/Frameworks/Cocoa.framework/Versions/A/Cocoa
0x0000000004ba7000 	/System/Library/Frameworks/Security.framework/Versions/A/Security
0x0000000004ba7000 	/System/Library/Frameworks/ApplicationServices.framework/Versions/A/ApplicationServices
0x0000000004ba7000 	/usr/lib/libz.1.dylib
0x0000000004ba7000 	/usr/lib/libSystem.B.dylib
0x0000000004ba7000 	/usr/lib/libobjc.A.dylib
0x0000000004ba7000 	/System/Library/Frameworks/CoreFoundation.framework/Versions/A/CoreFoundation
0x0000000004ba7000 	/System/Library/Frameworks/Foundation.framework/Versions/C/Foundation
0x0000000004ba7000 	/System/Library/Frameworks/AppKit.framework/Versions/C/AppKit
0x0000000004ba7000 	/System/Library/Frameworks/CoreData.framework/Versions/A/CoreData
0x0000000004ba7000 	/System/Library/PrivateFrameworks/RemoteViewServices.framework/Versions/A/RemoteViewServices
0x0000000004ba7000 	/System/Library/PrivateFrameworks/UIFoundation.framework/Versions/A/UIFoundation
0x0000000004ba7000 	/usr/lib/libScreenReader.dylib
0x0000000004ba7000 	/System/Library/Frameworks/Accelerate.framework/Versions/A/Accelerate
0x0000000004ba7000 	/System/Library/Frameworks/IOSurface.framework/Versions/A/IOSurface
0x0000000004ba7000 	/System/Library/Frameworks/AudioToolbox.framework/Versions/A/AudioToolbox
0x0000000004ba7000 	/System/Library/Frameworks/AudioUnit.framework/Versions/A/AudioUnit
0x0000000004ba7000 	/System/Library/PrivateFrameworks/DataDetectorsCore.framework/Versions/A/DataDetectorsCore
0x0000000004ba7000 	/System/Library/PrivateFrameworks/DesktopServicesPriv.framework/Versions/A/DesktopServicesPriv
0x0000000004ba7000 	/System/Library/Frameworks/Carbon.framework/Versions/A/Frameworks/HIToolbox.framework/Versions/A/HIToolbox
0x0000000004ba7000 	/System/Library/Frameworks/QuartzCore.framework/Versions/A/QuartzCore
0x0000000004ba7000 	/System/Library/Frameworks/Carbon.framework/Versions/A/Frameworks/SpeechRecognition.framework/Versions/A/SpeechRecognition
0x0000000004ba7000 	/usr/lib/libauto.dylib
0x0000000004ba7000 	/usr/lib/libicucore.A.dylib
0x0000000004ba7000 	/usr/lib/libxml2.2.dylib
0x0000000004ba7000 	/System/Library/PrivateFrameworks/CoreUI.framework/Versions/A/CoreUI
0x0000000004ba7000 	/System/Library/Frameworks/CoreAudio.framework/Versions/A/CoreAudio
0x0000000004ba7000 	/System/Library/Frameworks/DiskArbitration.framework/Versions/A/DiskArbitration
0x0000000004ba7000 	/usr/lib/liblangid.dylib
0x0000000004ba7000 	/System/Library/PrivateFrameworks/MultitouchSupport.framework/Versions/A/MultitouchSupport
0x0000000004ba7000 	/System/Library/Frameworks/IOKit.framework/Versions/A/IOKit
0x0000000004ba7000 	/usr/lib/libDiagnosticMessagesClient.dylib
0x0000000004ba7000 	/System/Library/Frameworks/CoreServices.framework/Versions/A/CoreServices
0x0000000004ba7000 	/System/Library/PrivateFrameworks/PerformanceAnalysis.framework/Versions/A/PerformanceAnalysis
0x0000000004ba7000 	/System/Library/PrivateFrameworks/GenerationalStorage.framework/Versions/A/GenerationalStorage
0x0000000004ba7000 	/System/Library/Frameworks/OpenGL.framework/Versions/A/OpenGL
0x0000000004ba7000 	/System/Library/PrivateFrameworks/Sharing.framework/Versions/A/Sharing
0x0000000004ba7000 	/System/Library/Frameworks/CoreGraphics.framework/Versions/A/CoreGraphics
0x0000000004ba7000 	/System/Library/Frameworks/CoreImage.framework/Versions/A/CoreImage
0x0000000004ba7000 	/System/Library/Frameworks/CoreText.framework/Versions/A/CoreText
0x0000000004ba7000 	/System/Library/Frameworks/ImageIO.framework/Versions/A/ImageIO
0x0000000004ba7000 	/System/Library/PrivateFrameworks/Backup.framework/Versions/A/Backup
0x0000000004ba7000 	/usr/lib/libextension.dylib
0x0000000004ba7000 	/usr/lib/libarchive.2.dylib
0x0000000004ba7000 	/System/Library/Frameworks/CFNetwork.framework/Versions/A/CFNetwork
0x0000000004ba7000 	/System/Library/Frameworks/SystemConfiguration.framework/Versions/A/SystemConfiguration
0x0000000004ba7000 	/usr/lib/libCRFSuite.dylib
0x0000000004ba7000 	/usr/lib/libc++.1.dylib
0x0000000004ba7000 	/usr/lib/libc++abi.dylib
0x0000000004ba7000 	/usr/lib/system/libcache.dylib
0x0000000004ba7000 	/usr/lib/system/libcommonCrypto.dylib
0x0000000004ba7000 	/usr/lib/system/libcompiler_rt.dylib
0x0000000004ba7000 	/usr/lib/system/libcopyfile.dylib
0x0000000004ba7000 	/usr/lib/system/libcorecrypto.dylib
0x0000000004ba7000 	/usr/lib/system/libdispatch.dylib
0x0000000004ba7000 	/usr/lib/system/libdyld.dylib
0x0000000004ba7000 	/usr/lib/system/libkeymgr.dylib
0x0000000004ba7000 	/usr/lib/system/liblaunch.dylib
0x0000000004ba7000 	/usr/lib/system/libmacho.dylib
0x0000000004ba7000 	/usr/lib/system/libquarantine.dylib
0x0000000004ba7000 	/usr/lib/system/libremovefile.dylib
0x0000000004ba7000 	/usr/lib/system/libsystem_asl.dylib
0x0000000004ba7000 	/usr/lib/system/libsystem_blocks.dylib
0x0000000004ba7000 	/usr/lib/system/libsystem_c.dylib
0x0000000004ba7000 	/usr/lib/system/libsystem_configuration.dylib
0x0000000004ba7000 	/usr/lib/system/libsystem_coreservices.dylib
0x0000000004ba7000 	/usr/lib/system/libsystem_coretls.dylib
0x0000000004ba7000 	/usr/lib/system/libsystem_dnssd.dylib
0x0000000004ba7000 	/usr/lib/system/libsystem_info.dylib
0x0000000004ba7000 	/usr/lib/system/libsystem_kernel.dylib
0x0000000004ba7000 	/usr/lib/system/libsystem_m.dylib
0x0000000004ba7000 	/usr/lib/system/libsystem_malloc.dylib
0x0000000004ba7000 	/usr/lib/system/libsystem_network.dylib
0x0000000004ba7000 	/usr/lib/system/libsystem_networkextension.dylib
0x0000000004ba7000 	/usr/lib/system/libsystem_notify.dylib
0x0000000004ba7000 	/usr/lib/system/libsystem_platform.dylib
0x0000000004ba7000 	/usr/lib/system/libsystem_pthread.dylib
0x0000000004ba7000 	/usr/lib/system/libsystem_sandbox.dylib
0x0000000004ba7000 	/usr/lib/system/libsystem_secinit.dylib
0x0000000004ba7000 	/usr/lib/system/libsystem_trace.dylib
0x0000000004ba7000 	/usr/lib/system/libunc.dylib
0x0000000004ba7000 	/usr/lib/system/libunwind.dylib
0x0000000004ba7000 	/usr/lib/system/libxpc.dylib
0x0000000004ba7000 	/usr/lib/libenergytrace.dylib
0x0000000004ba7000 	/usr/lib/libbsm.0.dylib
0x0000000004ba7000 	/usr/lib/system/libkxld.dylib
0x0000000004ba7000 	/usr/lib/libxar.1.dylib
0x0000000004ba7000 	/usr/lib/libsqlite3.dylib
0x0000000004ba7000 	/usr/lib/libpam.2.dylib
0x0000000004ba7000 	/usr/lib/libOpenScriptingUtil.dylib
0x0000000004ba7000 	/usr/lib/libbz2.1.0.dylib
0x0000000004ba7000 	/usr/lib/liblzma.5.dylib
0x0000000004ba7000 	/System/Library/Frameworks/CoreServices.framework/Versions/A/Frameworks/FSEvents.framework/Versions/A/FSEvents
0x0000000004ba7000 	/System/Library/Frameworks/CoreServices.framework/Versions/A/Frameworks/CarbonCore.framework/Versions/A/CarbonCore
0x0000000004ba7000 	/System/Library/Frameworks/CoreServices.framework/Versions/A/Frameworks/Metadata.framework/Versions/A/Metadata
0x0000000004ba7000 	/System/Library/Frameworks/CoreServices.framework/Versions/A/Frameworks/OSServices.framework/Versions/A/OSServices
0x0000000004ba7000 	/System/Library/Frameworks/CoreServices.framework/Versions/A/Frameworks/SearchKit.framework/Versions/A/SearchKit
0x0000000004ba7000 	/System/Library/Frameworks/CoreServices.framework/Versions/A/Frameworks/AE.framework/Versions/A/AE
0x0000000004ba7000 	/System/Library/Frameworks/CoreServices.framework/Versions/A/Frameworks/LaunchServices.framework/Versions/A/LaunchServices
0x0000000004ba7000 	/System/Library/Frameworks/CoreServices.framework/Versions/A/Frameworks/DictionaryServices.framework/Versions/A/DictionaryServices
0x0000000004ba7000 	/System/Library/Frameworks/CoreServices.framework/Versions/A/Frameworks/SharedFileList.framework/Versions/A/SharedFileList
0x0000000004ba7000 	/System/Library/Frameworks/NetFS.framework/Versions/A/NetFS
0x0000000004ba7000 	/System/Library/PrivateFrameworks/NetAuth.framework/Versions/A/NetAuth
0x0000000004ba7000 	/System/Library/PrivateFrameworks/login.framework/Versions/A/Frameworks/loginsupport.framework/Versions/A/loginsupport
0x0000000004ba7000 	/System/Library/PrivateFrameworks/TCC.framework/Versions/A/TCC
0x0000000004ba7000 	/usr/lib/libmecabra.dylib
0x0000000004ba7000 	/System/Library/Frameworks/ApplicationServices.framework/Versions/A/Frameworks/ATS.framework/Versions/A/ATS
0x0000000004ba7000 	/System/Library/Frameworks/ApplicationServices.framework/Versions/A/Frameworks/ColorSync.framework/Versions/A/ColorSync
0x0000000004ba7000 	/System/Library/Frameworks/ApplicationServices.framework/Versions/A/Frameworks/HIServices.framework/Versions/A/HIServices
0x0000000004ba7000 	/System/Library/Frameworks/ApplicationServices.framework/Versions/A/Frameworks/LangAnalysis.framework/Versions/A/LangAnalysis
0x0000000004ba7000 	/System/Library/Frameworks/ApplicationServices.framework/Versions/A/Frameworks/PrintCore.framework/Versions/A/PrintCore
0x0000000004ba7000 	/System/Library/Frameworks/ApplicationServices.framework/Versions/A/Frameworks/QD.framework/Versions/A/QD
0x0000000004ba7000 	/System/Library/Frameworks/ApplicationServices.framework/Versions/A/Frameworks/SpeechSynthesis.framework/Versions/A/SpeechSynthesis
0x0000000004ba7000 	/System/Library/Frameworks/Metal.framework/Versions/A/Metal
0x0000000004ba7000 	/System/Library/Frameworks/Accelerate.framework/Versions/A/Frameworks/vImage.framework/Versions/A/vImage
0x0000000004ba7000 	/System/Library/Frameworks/Accelerate.framework/Versions/A/Frameworks/vecLib.framework/Versions/A/vecLib
0x0000000004ba7000 	/System/Library/Frameworks/Accelerate.framework/Versions/A/Frameworks/vecLib.framework/Versions/A/libvDSP.dylib
0x0000000004ba7000 	/System/Library/Frameworks/Accelerate.framework/Versions/A/Frameworks/vecLib.framework/Versions/A/libvMisc.dylib
0x0000000004ba7000 	/System/Library/Frameworks/Accelerate.framework/Versions/A/Frameworks/vecLib.framework/Versions/A/libLAPACK.dylib
0x0000000004ba7000 	/System/Library/Frameworks/Accelerate.framework/Versions/A/Frameworks/vecLib.framework/Versions/A/libBLAS.dylib
0x0000000004ba7000 	/System/Library/Frameworks/Accelerate.framework/Versions/A/Frameworks/vecLib.framework/Versions/A/libLinearAlgebra.dylib
0x0000000004ba7000 	/System/Library/Frameworks/Accelerate.framework/Versions/A/Frameworks/vecLib.framework/Versions/A/libSparseBLAS.dylib
0x0000000004ba7000 	/System/Library/PrivateFrameworks/GPUCompiler.framework/libmetal_timestamp.dylib
0x0000000004ba7000 	/System/Library/Frameworks/OpenGL.framework/Versions/A/Libraries/libCoreFSCache.dylib
0x0000000004ba7000 	/System/Library/PrivateFrameworks/IOAccelerator.framework/Versions/A/IOAccelerator
0x0000000004ba7000 	/System/Library/Frameworks/ApplicationServices.framework/Versions/A/Frameworks/ATS.framework/Versions/A/Resources/libFontParser.dylib
0x0000000004ba7000 	/System/Library/Frameworks/ApplicationServices.framework/Versions/A/Frameworks/ATS.framework/Versions/A/Resources/libFontRegistry.dylib
0x0000000004ba7000 	/System/Library/PrivateFrameworks/AppleVPA.framework/Versions/A/AppleVPA
0x0000000004ba7000 	/System/Library/PrivateFrameworks/AppleJPEG.framework/Versions/A/AppleJPEG
0x0000000004ba7000 	/System/Library/Frameworks/ImageIO.framework/Versions/A/Resources/libJPEG.dylib
0x0000000004ba7000 	/System/Library/Frameworks/ImageIO.framework/Versions/A/Resources/libTIFF.dylib
0x0000000004ba7000 	/System/Library/Frameworks/ImageIO.framework/Versions/A/Resources/libPng.dylib
0x0000000004ba7000 	/System/Library/Frameworks/ImageIO.framework/Versions/A/Resources/libGIF.dylib
0x0000000004ba7000 	/System/Library/Frameworks/ImageIO.framework/Versions/A/Resources/libJP2.dylib
0x0000000004ba7000 	/System/Library/Frameworks/ImageIO.framework/Versions/A/Resources/libRadiance.dylib
0x0000000004ba7000 	/System/Library/Frameworks/CoreVideo.framework/Versions/A/CoreVideo
0x0000000004ba7000 	/System/Library/Frameworks/OpenGL.framework/Versions/A/Libraries/libGLU.dylib
0x0000000004ba7000 	/System/Library/Frameworks/OpenGL.framework/Versions/A/Libraries/libGFXShared.dylib
0x0000000004ba7000 	/System/Library/Frameworks/OpenGL.framework/Versions/A/Libraries/libGL.dylib
0x0000000004ba7000 	/System/Library/Frameworks/OpenGL.framework/Versions/A/Libraries/libGLImage.dylib
0x0000000004ba7000 	/System/Library/Frameworks/OpenGL.framework/Versions/A/Libraries/libCVMSPluginSupport.dylib
0x0000000004ba7000 	/System/Library/Frameworks/OpenGL.framework/Versions/A/Libraries/libCoreVMClient.dylib
0x0000000004ba7000 	/usr/lib/libcups.2.dylib
0x0000000004ba7000 	/System/Library/Frameworks/Kerberos.framework/Versions/A/Kerberos
0x0000000004ba7000 	/System/Library/Frameworks/GSS.framework/Versions/A/GSS
0x0000000004ba7000 	/usr/lib/libresolv.9.dylib
0x0000000004ba7000 	/usr/lib/libiconv.2.dylib
0x0000000004ba7000 	/System/Library/PrivateFrameworks/Heimdal.framework/Versions/A/Heimdal
0x0000000004ba7000 	/usr/lib/libheimdal-asn1.dylib
0x0000000004ba7000 	/System/Library/Frameworks/OpenDirectory.framework/Versions/A/OpenDirectory
0x0000000004ba7000 	/System/Library/PrivateFrameworks/CommonAuth.framework/Versions/A/CommonAuth
0x0000000004ba7000 	/System/Library/Frameworks/OpenDirectory.framework/Versions/A/Frameworks/CFOpenDirectory.framework/Versions/A/CFOpenDirectory
0x0000000004ba7000 	/System/Library/Frameworks/SecurityFoundation.framework/Versions/A/SecurityFoundation
0x0000000004ba7000 	/System/Library/PrivateFrameworks/LanguageModeling.framework/Versions/A/LanguageModeling
0x0000000004ba7000 	/usr/lib/libmarisa.dylib
0x0000000004ba7000 	/usr/lib/libChineseTokenizer.dylib
0x0000000004ba7000 	/usr/lib/libcmph.dylib
0x0000000004ba7000 	/usr/lib/libcompression.dylib
0x0000000004ba7000 	/System/Library/Frameworks/ServiceManagement.framework/Versions/A/ServiceManagement
0x0000000004ba7000 	/usr/lib/libxslt.1.dylib
0x0000000004ba7000 	/System/Library/Frameworks/Carbon.framework/Versions/A/Frameworks/Ink.framework/Versions/A/Ink
0x0000000004ba7000 	/usr/lib/libFosl_dynamic.dylib
0x0000000004ba7000 	/System/Library/PrivateFrameworks/FaceCore.framework/Versions/A/FaceCore
0x0000000004ba7000 	/System/Library/Frameworks/OpenCL.framework/Versions/A/OpenCL
0x0000000004ba7000 	/System/Library/PrivateFrameworks/CrashReporterSupport.framework/Versions/A/CrashReporterSupport
0x0000000004ba7000 	/System/Library/PrivateFrameworks/IconServices.framework/Versions/A/IconServices
0x0000000004ba7000 	/System/Library/PrivateFrameworks/Apple80211.framework/Versions/A/Apple80211
0x0000000004ba7000 	/System/Library/Frameworks/CoreWLAN.framework/Versions/A/CoreWLAN
0x0000000004ba7000 	/System/Library/Frameworks/IOBluetooth.framework/Versions/A/IOBluetooth
0x0000000004ba7000 	/System/Library/PrivateFrameworks/CoreWiFi.framework/Versions/A/CoreWiFi
0x0000000004ba7000 	/System/Library/Frameworks/CoreBluetooth.framework/Versions/A/CoreBluetooth
0x0000000004ba7000 	/System/Library/PrivateFrameworks/ChunkingLibrary.framework/Versions/A/ChunkingLibrary
0x0000000004ba7000 	/System/Library/PrivateFrameworks/DebugSymbols.framework/Versions/A/DebugSymbols
0x0000000004ba7000 	/System/Library/PrivateFrameworks/CoreSymbolication.framework/Versions/A/CoreSymbolication
0x0000000004ba7000 	/System/Library/PrivateFrameworks/Symbolication.framework/Versions/A/Symbolication
0x0000000004ba7000 	/System/Library/PrivateFrameworks/SpeechRecognitionCore.framework/Versions/A/SpeechRecognitionCore
0x000000004762e000 	/System/Library/CoreServices/Encodings/libCyrillicConverter.dylib
0x0000000102a00000 	/Library/Internet Plug-Ins/JavaAppletPlugin.plugin/Contents/Home/lib/server/libjvm.dylib
0x0000000004ba7000 	/usr/lib/libstdc++.6.dylib
0x000000010199a000 	/Library/Internet Plug-Ins/JavaAppletPlugin.plugin/Contents/Home/lib/libverify.dylib
0x00000001019a8000 	/Library/Internet Plug-Ins/JavaAppletPlugin.plugin/Contents/Home/lib/libjava.dylib
0x00000001019e7000 	/Library/Internet Plug-Ins/JavaAppletPlugin.plugin/Contents/Home/lib/libzip.dylib
0x000000011ea13000 	/System/Library/Frameworks/JavaVM.framework/Frameworks/JavaRuntimeSupport.framework/JavaRuntimeSupport
0x000000011ea2e000 	/System/Library/Frameworks/JavaVM.framework/Versions/A/Frameworks/JavaNativeFoundation.framework/Versions/A/JavaNativeFoundation
0x00000001019f0000 	/System/Library/Frameworks/JavaVM.framework/Versions/A/JavaVM
0x0000000004ba7000 	/System/Library/Frameworks/Carbon.framework/Versions/A/Carbon
0x000000011ea43000 	/System/Library/PrivateFrameworks/JavaLaunching.framework/Versions/A/JavaLaunching
0x0000000004ba7000 	/System/Library/Frameworks/Carbon.framework/Versions/A/Frameworks/CommonPanels.framework/Versions/A/CommonPanels
0x0000000004ba7000 	/System/Library/Frameworks/Carbon.framework/Versions/A/Frameworks/Help.framework/Versions/A/Help
0x0000000004ba7000 	/System/Library/Frameworks/Carbon.framework/Versions/A/Frameworks/ImageCapture.framework/Versions/A/ImageCapture
0x0000000004ba7000 	/System/Library/Frameworks/Carbon.framework/Versions/A/Frameworks/OpenScripting.framework/Versions/A/OpenScripting
0x0000000004ba7000 	/System/Library/Frameworks/Carbon.framework/Versions/A/Frameworks/Print.framework/Versions/A/Print
0x0000000004ba7000 	/System/Library/Frameworks/Carbon.framework/Versions/A/Frameworks/SecurityHI.framework/Versions/A/SecurityHI
0x000000012036c000 	/Library/Internet Plug-Ins/JavaAppletPlugin.plugin/Contents/Home/lib/libawt.dylib
0x0000000120414000 	/Library/Internet Plug-Ins/JavaAppletPlugin.plugin/Contents/Home/lib/./libmlib_image.dylib
0x00000001204e0000 	/Library/Internet Plug-Ins/JavaAppletPlugin.plugin/Contents/Home/lib/libawt_lwawt.dylib
0x0000000120595000 	/Library/Internet Plug-Ins/JavaAppletPlugin.plugin/Contents/Home/lib/./libosxapp.dylib
0x0000000004ba7000 	/System/Library/Frameworks/ExceptionHandling.framework/Versions/A/ExceptionHandling
0x0000000004ba7000 	/System/Library/PrivateFrameworks/CoreServicesInternal.framework/Versions/A/CoreServicesInternal
0x0000000004ba7000 	/System/Library/Frameworks/CoreGraphics.framework/Versions/A/Resources/libRIP.A.dylib
0x0000000004ba7000 	/System/Library/Frameworks/Accelerate.framework/Versions/A/Frameworks/vImage.framework/Versions/A/Libraries/libCGInterfaces.dylib
0x0000000004ba7000 	/System/Library/Frameworks/CoreGraphics.framework/Versions/A/Resources/libCGXType.A.dylib
0x0000000004ba7000 	/System/Library/Frameworks/OpenCL.framework/Versions/A/Libraries/libcldcpuengine.dylib
0x0000000004ba7000 	/System/Library/PrivateFrameworks/DiskImages.framework/Versions/A/DiskImages
0x0000000004ba7000 	/System/Library/Frameworks/DiscRecording.framework/Versions/A/DiscRecording
0x0000000004ba7000 	/usr/lib/libcsfde.dylib
0x0000000004ba7000 	/usr/lib/libcurl.4.dylib
0x0000000004ba7000 	/System/Library/PrivateFrameworks/MediaKit.framework/Versions/A/MediaKit
0x0000000004ba7000 	/System/Library/PrivateFrameworks/ProtectedCloudStorage.framework/Versions/A/ProtectedCloudStorage
0x0000000004ba7000 	/usr/lib/libCoreStorage.dylib
0x0000000004ba7000 	/System/Library/PrivateFrameworks/EFILogin.framework/Versions/A/EFILogin
0x0000000004ba7000 	/usr/lib/libutil.dylib
0x0000000004ba7000 	/System/Library/PrivateFrameworks/FindMyDevice.framework/Versions/A/FindMyDevice
0x0000000004ba7000 	/System/Library/Frameworks/LDAP.framework/Versions/A/LDAP
0x0000000004ba7000 	/usr/lib/libsasl2.2.dylib
0x0000000004ba7000 	/System/Library/PrivateFrameworks/CoreDaemon.framework/Versions/B/CoreDaemon
0x0000000004ba7000 	/usr/lib/libcrypto.0.9.8.dylib
0x0000000004ba7000 	/System/Library/PrivateFrameworks/AppleSRP.framework/Versions/A/AppleSRP
0x0000000004ba7000 	/System/Library/PrivateFrameworks/TrustEvaluationAgent.framework/Versions/A/TrustEvaluationAgent
0x000000012136f000 	cl_kernels
0x0000000004ba7000 	/System/Library/Frameworks/OpenCL.framework/Versions/A/Libraries/ImageFormats/unorm8_bgra.dylib
0x0000000004ba7000 	/System/Library/Frameworks/OpenCL.framework/Versions/A/Libraries/ImageFormats/unorm8_rgba.dylib
0x0000000004ba7000 	/System/Library/PrivateFrameworks/FamilyControls.framework/Versions/A/FamilyControls
0x0000000004ba7000 	/System/Library/PrivateFrameworks/CommerceKit.framework/Versions/A/Frameworks/CommerceCore.framework/Versions/A/CommerceCore
0x0000000004ba7000 	/System/Library/PrivateFrameworks/SystemAdministration.framework/Versions/A/SystemAdministration
0x0000000004ba7000 	/System/Library/PrivateFrameworks/AppContainer.framework/Versions/A/AppContainer
0x0000000004ba7000 	/System/Library/PrivateFrameworks/SecCodeWrapper.framework/Versions/A/SecCodeWrapper
0x0000000004ba7000 	/System/Library/Frameworks/DirectoryService.framework/Versions/A/DirectoryService
0x0000000004ba7000 	/System/Library/PrivateFrameworks/LoginUIKit.framework/Versions/A/Frameworks/LoginUICore.framework/Versions/A/LoginUICore
0x0000000004ba7000 	/usr/lib/libodfde.dylib
0x000000012375c000 	/Library/Internet Plug-Ins/JavaAppletPlugin.plugin/Contents/Home/lib/libfontmanager.dylib
0x0000000004ba7000 	/System/Library/Frameworks/OpenGL.framework/Versions/A/Resources/GLEngine.bundle/GLEngine
0x0000000004ba7000 	/System/Library/Frameworks/OpenGL.framework/Versions/A/Libraries/libGLProgrammability.dylib
0x00000001237c3000 	/System/Library/Extensions/AppleIntelHD5000GraphicsGLDriver.bundle/Contents/MacOS/AppleIntelHD5000GraphicsGLDriver
0x0000000004ba7000 	/System/Library/PrivateFrameworks/GPUSupport.framework/Versions/A/Libraries/libGPUSupportMercury.dylib
0x0000000004ba7000 	/System/Library/Frameworks/OpenGL.framework/Versions/A/Resources/GLRendererFloat.bundle/GLRendererFloat
0x00000001247ba000 	/Library/Internet Plug-Ins/JavaAppletPlugin.plugin/Contents/Home/lib/libosxui.dylib
0x000000012572d000 	/Library/Internet Plug-Ins/JavaAppletPlugin.plugin/Contents/Home/lib/libnet.dylib
0x00000001254d0000 	/Library/Internet Plug-Ins/JavaAppletPlugin.plugin/Contents/Home/lib/libnio.dylib
0x0000000004ba7000 	/System/Library/Frameworks/ApplicationServices.framework/Versions/A/Frameworks/ATS.framework/Versions/A/Resources/libTrueTypeScaler.dylib
0x000000018e699000 	/Library/Internet Plug-Ins/JavaAppletPlugin.plugin/Contents/Home/lib/libmanagement.dylib
0x000000019340f000 	/System/Library/Extensions/AppleIntelHD5000GraphicsMTLDriver.bundle/Contents/MacOS/AppleIntelHD5000GraphicsMTLDriver
0x0000000196d3f000 	/Library/Internet Plug-Ins/JavaAppletPlugin.plugin/Contents/Home/lib/libinstrument.dylib
0x0000000196d66000 	/Library/Java/JavaVirtualMachines/jdk1.8.0_66.jdk/Contents/Home/lib/visualvm/profiler/lib/deployed/jdk16/mac/libprofilerinterface.jnilib

VM Arguments:
java_command: /Users/aleksandr/IdeaProjects/Копия SwingLab4/out/artifacts/SwingLab4_jar/SwingLab4.jar
java_class_path (initial): /Users/aleksandr/IdeaProjects/Копия SwingLab4/out/artifacts/SwingLab4_jar/SwingLab4.jar
Launcher Type: SUN_STANDARD

Environment Variables:
PATH=/usr/bin:/bin:/usr/sbin:/sbin
SHELL=/bin/bash

Signal Handlers:
SIGSEGV: [libjvm.dylib+0x5a65d5], sa_mask[0]=11111111011111110111111111111111, sa_flags=SA_ONSTACK|SA_RESTART|SA_SIGINFO
SIGBUS: [libjvm.dylib+0x5a65d5], sa_mask[0]=11111111011111110111111111111111, sa_flags=SA_RESTART|SA_SIGINFO
SIGFPE: [libjvm.dylib+0x4802e8], sa_mask[0]=11111111011111110111111111111111, sa_flags=SA_RESTART|SA_SIGINFO
SIGPIPE: [libjvm.dylib+0x4802e8], sa_mask[0]=11111111011111110111111111111111, sa_flags=SA_RESTART|SA_SIGINFO
SIGXFSZ: [libjvm.dylib+0x4802e8], sa_mask[0]=11111111011111110111111111111111, sa_flags=SA_RESTART|SA_SIGINFO
SIGILL: [libjvm.dylib+0x4802e8], sa_mask[0]=11111111011111110111111111111111, sa_flags=SA_RESTART|SA_SIGINFO
SIGUSR1: SIG_DFL, sa_mask[0]=00000000000000000000000000000000, sa_flags=none
SIGUSR2: [libjvm.dylib+0x47fe06], sa_mask[0]=00000000000000000000000000000000, sa_flags=SA_RESTART|SA_SIGINFO
SIGHUP: [libjvm.dylib+0x47e3dd], sa_mask[0]=11111111011111110111111111111111, sa_flags=SA_RESTART|SA_SIGINFO
SIGINT: [libjvm.dylib+0x47e3dd], sa_mask[0]=11111111011111110111111111111111, sa_flags=SA_RESTART|SA_SIGINFO
SIGTERM: [libjvm.dylib+0x47e3dd], sa_mask[0]=11111111011111110111111111111111, sa_flags=SA_RESTART|SA_SIGINFO
SIGQUIT: [libjvm.dylib+0x47e3dd], sa_mask[0]=11111111011111110111111111111111, sa_flags=SA_RESTART|SA_SIGINFO


---------------  S Y S T E M  ---------------

OS:Bsduname:Darwin 15.2.0 Darwin Kernel Version 15.2.0: Fri Nov 13 19:56:56 PST 2015; root:xnu-3248.20.55~2/RELEASE_X86_64 x86_64
rlimit: STACK 8192k, CORE 0k, NPROC 709, NOFILE 10240, AS infinity
load average:1.98 2.11 2.07

CPU:total 8 (4 cores per cpu, 2 threads per core) family 6 model 70 stepping 1, cmov, cx8, fxsr, mmx, sse, sse2, sse3, ssse3, sse4.1, sse4.2, popcnt, avx, avx2, aes, clmul, erms, lzcnt, ht, tsc, tscinvbit, bmi1, bmi2

Memory: 4k page, physical 16777216k(410796k free)

/proc/meminfo:


vm_info: Java HotSpot(TM) 64-Bit Server VM (25.66-b17) for bsd-amd64 JRE (1.8.0_66-b17), built on Oct  6 2015 16:09:13 by "java_re" with gcc 4.2.1 (Based on Apple Inc. build 5658) (LLVM build 2336.11.00)

time: Mon Jan 18 02:02:00 2016
elapsed time: 53 seconds (0d 0h 0m 53s)

