#
# A fatal error has been detected by the Java Runtime Environment:
#
#  SIGSEGV (0xb) at pc=0x00000001030461c4, pid=37550, tid=66555
#
# JRE version: Java(TM) SE Runtime Environment (8.0_66-b17) (build 1.8.0_66-b17)
# Java VM: Java HotSpot(TM) 64-Bit Server VM (25.66-b17 mixed mode bsd-amd64 compressed oops)
# Problematic frame:
# V  [libjvm.dylib+0x4461c4]  Method::checked_resolve_jmethod_id(_jmethodID*)+0x22
#
# Failed to write core dump. Core dumps have been disabled. To enable core dumping, try "ulimit -c unlimited" before starting Java again
#
# If you would like to submit a bug report, please visit:
#   http://bugreport.java.com/bugreport/crash.jsp
#

---------------  T H R E A D  ---------------

Current thread (0x00007fe92e80c000):  JavaThread "*** Profiler Agent Communication Thread" daemon [_thread_in_vm, id=66555, stack(0x000070000238f000,0x000070000248f000)]

siginfo: si_signo: 11 (SIGSEGV), si_code: 1 (SEGV_MAPERR), si_addr: 0x000000000000001b

Registers:
RAX=0x000000000000000b, RBX=0x000000019681cc30, RCX=0x0000000103414310, RDX=0x000070000248e4c8
RSP=0x000070000248e400, RBP=0x000070000248e410, RSI=0x00007fe92e80c000, RDI=0x000000019681cc30
R8 =0x0000000000000000, R9 =0x00007fe92a737360, R10=0x00000000240589db, R11=0x00007fe92a700000
R12=0x00007fe92e80c000, R13=0x00007fe9309c5af0, R14=0x00007fe92a500eb0, R15=0x00007fe92a719170
RIP=0x00000001030461c4, EFLAGS=0x0000000000010216, ERR=0x0000000000000004
  TRAPNO=0x000000000000000e

Top of Stack: (sp=0x000070000248e400)
0x000070000248e400:   000070000248e4c8 000070000248e4c8
0x000070000248e410:   000070000248e470 0000000102f55e77
0x000070000248e420:   00007fe92e80c000 0000000000000000
0x000070000248e430:   0000700000000000 0000000000000000
0x000070000248e440:   00007fe92e80c000 00007fe92e80c000
0x000070000248e450:   00007fe92a500eb0 00007fff78051bd0
0x000070000248e460:   0000000000000028 000000000000008c
0x000070000248e470:   000070000248e500 00000001223d6da7
0x000070000248e480:   00000001223da420 00007fe9309c5a50
0x000070000248e490:   000070000248e590 00007fe92e80c1f8
0x000070000248e4a0:   0000000000000000 00007fe9309ba370
0x000070000248e4b0:   00007fe92a712bb0 0000000000000000
0x000070000248e4c0:   00007fe930d496d0 00007fe92c817028
0x000070000248e4d0:   000070000248e520 0000000196fde088
0x000070000248e4e0:   0000000000000000 0000000196fde088
0x000070000248e4f0:   000070000248e5a0 00007fe92e80c000
0x000070000248e500:   000070000248e570 0000000103b9b954
0x000070000248e510:   00000000000001a4 00000007c0000b68
0x000070000248e520:   000070000248e560 00000001031712c0
0x000070000248e530:   000070000248e530 0000000000000000
0x000070000248e540:   000070000248e5a0 0000000196fde348
0x000070000248e550:   0000000000000000 0000000196fde088
0x000070000248e560:   0000000000000000 000070000248e590
0x000070000248e570:   000070000248e5e8 0000000103b8d9d0
0x000070000248e580:   00000006c010a9b8 0000000103b9557b
0x000070000248e590:   000000076abb8a08 000000076abb87c8
0x000070000248e5a0:   000000000000008c 000070000248e5a8
0x000070000248e5b0:   0000000196fac75a 000070000248e618
0x000070000248e5c0:   0000000196fb02d8 00000001970f0048
0x000070000248e5d0:   0000000196fac778 000070000248e590
0x000070000248e5e0:   000070000248e620 000070000248e8f8
0x000070000248e5f0:   0000000103f343a4 0000000000000000 

Instructions: (pc=0x00000001030461c4)
0x00000001030461a4:   89 e5 53 48 83 ec 08 48 85 ff 74 24 48 8b 1f 48
0x00000001030461b4:   85 db 74 1c 48 83 fb 37 74 16 48 8b 03 48 89 df
0x00000001030461c4:   ff 50 10 84 c0 b8 00 00 00 00 48 0f 45 c3 eb 02
0x00000001030461d4:   31 c0 48 83 c4 08 5b 5d c3 90 55 48 89 e5 48 8b 

Register to memory mapping:

RAX=0x000000000000000b is an unknown value
RBX=0x000000019681cc30 is pointing into metadata
RCX=0x0000000103414310: UseMembar+0 in /Library/Internet Plug-Ins/JavaAppletPlugin.plugin/Contents/Home/lib/server/libjvm.dylib at 0x0000000102c00000
RDX=0x000070000248e4c8 is pointing into the stack for thread: 0x00007fe92e80c000
RSP=0x000070000248e400 is pointing into the stack for thread: 0x00007fe92e80c000
RBP=0x000070000248e410 is pointing into the stack for thread: 0x00007fe92e80c000
RSI=0x00007fe92e80c000 is a thread
RDI=0x000000019681cc30 is pointing into metadata
R8 =0x0000000000000000 is an unknown value
R9 =0x00007fe92a737360 is an unknown value
R10=0x00000000240589db is an unknown value
R11=0x00007fe92a700000 is an unknown value
R12=0x00007fe92e80c000 is a thread
R13=0x00007fe9309c5af0 is an unknown value
R14=0x00007fe92a500eb0 is an unknown value
R15=0x00007fe92a719170 is an unknown value


Stack: [0x000070000238f000,0x000070000248f000],  sp=0x000070000248e400,  free space=1021k
Native frames: (J=compiled Java code, j=interpreted, Vv=VM code, C=native code)
V  [libjvm.dylib+0x4461c4]  Method::checked_resolve_jmethod_id(_jmethodID*)+0x22
V  [libjvm.dylib+0x355e77]  jvmti_GetMethodDeclaringClass+0xa1
C  [libprofilerinterface.jnilib+0x3da7]  Java_org_netbeans_lib_profiler_server_system_Stacks_getMethodNamesForJMethodIds+0xf3
j  org.netbeans.lib.profiler.server.system.Stacks.getMethodNamesForJMethodIds(I[I[I)[B+0
j  org.netbeans.lib.profiler.server.ProfilerInterface.getMethodNamesForJMethodIds([I)Lorg/netbeans/lib/profiler/wireprotocol/MethodNamesResponse;+18
J 5627 C1 org.netbeans.lib.profiler.server.ProfilerServer.handleClientCommand(Lorg/netbeans/lib/profiler/wireprotocol/Command;)V (1210 bytes) @ 0x0000000103f343a4 [0x0000000103f32900+0x1aa4]
j  org.netbeans.lib.profiler.server.ProfilerServer.listenToClient()V+48
j  org.netbeans.lib.profiler.server.ProfilerServer.run()V+22
v  ~StubRoutines::call_stub
V  [libjvm.dylib+0x2ea35e]  JavaCalls::call_helper(JavaValue*, methodHandle*, JavaCallArguments*, Thread*)+0x6ae
V  [libjvm.dylib+0x2eaaec]  JavaCalls::call_virtual(JavaValue*, KlassHandle, Symbol*, Symbol*, JavaCallArguments*, Thread*)+0x164
V  [libjvm.dylib+0x2eac98]  JavaCalls::call_virtual(JavaValue*, Handle, KlassHandle, Symbol*, Symbol*, Thread*)+0x4a
V  [libjvm.dylib+0x345215]  thread_entry(JavaThread*, Thread*)+0x7c
V  [libjvm.dylib+0x560b83]  JavaThread::thread_main_inner()+0x9b
V  [libjvm.dylib+0x56227e]  JavaThread::run()+0x1c2
V  [libjvm.dylib+0x482cd6]  java_start(Thread*)+0xf6
C  [libsystem_pthread.dylib+0x3c13]  _pthread_body+0x83
C  [libsystem_pthread.dylib+0x3b90]  _pthread_body+0x0
C  [libsystem_pthread.dylib+0x1375]  thread_start+0xd
C  0x0000000000000000

Java frames: (J=compiled Java code, j=interpreted, Vv=VM code)
j  org.netbeans.lib.profiler.server.system.Stacks.getMethodNamesForJMethodIds(I[I[I)[B+0
j  org.netbeans.lib.profiler.server.ProfilerInterface.getMethodNamesForJMethodIds([I)Lorg/netbeans/lib/profiler/wireprotocol/MethodNamesResponse;+18
J 5627 C1 org.netbeans.lib.profiler.server.ProfilerServer.handleClientCommand(Lorg/netbeans/lib/profiler/wireprotocol/Command;)V (1210 bytes) @ 0x0000000103f343a4 [0x0000000103f32900+0x1aa4]
j  org.netbeans.lib.profiler.server.ProfilerServer.listenToClient()V+48
j  org.netbeans.lib.profiler.server.ProfilerServer.run()V+22
v  ~StubRoutines::call_stub

---------------  P R O C E S S  ---------------

Java Threads: ( => current thread )
  0x00007fe92a906000 JavaThread "RMI TCP Connection(idle)" daemon [_thread_blocked, id=36247, stack(0x0000700001f83000,0x0000700002083000)]
  0x00007fe92b095000 JavaThread "*** Profiler Agent Special Execution Thread 3" daemon [_thread_blocked, id=65115, stack(0x00007000029a4000,0x0000700002aa4000)]
  0x00007fe932288000 JavaThread "RMI TCP Connection(idle)" daemon [_thread_blocked, id=26479, stack(0x0000700002698000,0x0000700002798000)]
  0x00007fe92ac9c000 JavaThread "*** Profiler Agent Special Execution Thread 6" daemon [_thread_blocked, id=41675, stack(0x0000700002595000,0x0000700002695000)]
  0x00007fe92a861800 JavaThread "*** JFluid Monitor thread ***" daemon [_thread_blocked, id=67023, stack(0x0000700002492000,0x0000700002592000)]
=>0x00007fe92e80c000 JavaThread "*** Profiler Agent Communication Thread" daemon [_thread_in_vm, id=66555, stack(0x000070000238f000,0x000070000248f000)]
  0x00007fe92a86d800 JavaThread "RMI TCP Connection(idle)" daemon [_thread_blocked, id=60011, stack(0x000070000228c000,0x000070000238c000)]
  0x00007fe92d020000 JavaThread "RMI TCP Connection(4)-192.168.1.6" daemon [_thread_blocked, id=59627, stack(0x0000700002189000,0x0000700002289000)]
  0x00007fe92d019000 JavaThread "JMX server connection timeout 35" daemon [_thread_blocked, id=40355, stack(0x00007000017e5000,0x00007000018e5000)]
  0x00007fe92c0ab800 JavaThread "RMI TCP Connection(3)-192.168.1.6" daemon [_thread_in_native, id=35955, stack(0x0000700002086000,0x0000700002186000)]
  0x00007fe92c0ab000 JavaThread "RMI Scheduler(0)" daemon [_thread_blocked, id=36479, stack(0x0000700001e80000,0x0000700001f80000)]
  0x00007fe92c05f800 JavaThread "RMI TCP Accept-0" daemon [_thread_in_native, id=63863, stack(0x00007000015d9000,0x00007000016d9000)]
  0x00007fe92b800000 JavaThread "Attach Listener" daemon [_thread_blocked, id=26763, stack(0x00007000014d6000,0x00007000015d6000)]
  0x00007fe92ba87800 JavaThread "TimerQueue" daemon [_thread_blocked, id=60167, stack(0x0000700001cfa000,0x0000700001dfa000)]
  0x00007fe92c17c000 JavaThread "Java2D Disposer" daemon [_thread_blocked, id=57347, stack(0x0000700001bf7000,0x0000700001cf7000)]
  0x00007fe92b97e000 JavaThread "Java2D Queue Flusher" daemon [_thread_blocked, id=52999, stack(0x0000700001af4000,0x0000700001bf4000)]
  0x00007fe92b95e000 JavaThread "DestroyJavaVM" [_thread_blocked, id=5891, stack(0x000070000011a000,0x000070000021a000)]
  0x00007fe92a941800 JavaThread "AWT-EventQueue-0" [_thread_blocked, id=45327, stack(0x00007000019f1000,0x0000700001af1000)]
  0x00007fe92a928800 JavaThread "AWT-Shutdown" [_thread_blocked, id=32019, stack(0x00007000016e2000,0x00007000017e2000)]
  0x00007fe92a92b000 JavaThread "AppKit Thread" daemon [_thread_in_native, id=1295, stack(0x00007fff5db22000,0x00007fff5e322000)]
  0x00007fe92b043800 JavaThread "Service Thread" daemon [_thread_blocked, id=20995, stack(0x00007000012d0000,0x00007000013d0000)]
  0x00007fe92b80d000 JavaThread "C1 CompilerThread3" daemon [_thread_blocked, id=20483, stack(0x00007000011cd000,0x00007000012cd000)]
  0x00007fe92b042800 JavaThread "C2 CompilerThread2" daemon [_thread_blocked, id=19971, stack(0x00007000010ca000,0x00007000011ca000)]
  0x00007fe92b80c800 JavaThread "C2 CompilerThread1" daemon [_thread_blocked, id=19459, stack(0x0000700000fc7000,0x00007000010c7000)]
  0x00007fe92c02f000 JavaThread "C2 CompilerThread0" daemon [_thread_blocked, id=18947, stack(0x0000700000ec4000,0x0000700000fc4000)]
  0x00007fe92a831800 JavaThread "Signal Dispatcher" daemon [_thread_blocked, id=14863, stack(0x0000700000dc1000,0x0000700000ec1000)]
  0x00007fe92b809800 JavaThread "Finalizer" daemon [_thread_blocked, id=14339, stack(0x0000700000c3b000,0x0000700000d3b000)]
  0x00007fe92b809000 JavaThread "Reference Handler" daemon [_thread_blocked, id=13827, stack(0x0000700000b38000,0x0000700000c38000)]

Other Threads:
  0x00007fe92b039800 VMThread [stack: 0x0000700000a35000,0x0000700000b35000] [id=13315]
  0x00007fe92b015800 WatcherThread [stack: 0x00007000013d3000,0x00007000014d3000] [id=21507]

VM state:not at safepoint (normal execution)

VM Mutex/Monitor currently owned by a thread: None

Heap:
 PSYoungGen      total 76800K, used 1041K [0x000000076ab00000, 0x0000000770c80000, 0x00000007c0000000)
  eden space 67072K, 1% used [0x000000076ab00000,0x000000076ac045c8,0x000000076ec80000)
  from space 9728K, 0% used [0x0000000770300000,0x0000000770300000,0x0000000770c80000)
  to   space 16384K, 0% used [0x000000076ec80000,0x000000076ec80000,0x000000076fc80000)
 ParOldGen       total 119808K, used 6765K [0x00000006c0000000, 0x00000006c7500000, 0x000000076ab00000)
  object space 119808K, 5% used [0x00000006c0000000,0x00000006c069b7b0,0x00000006c7500000)
 Metaspace       used 59171K, capacity 59726K, committed 59904K, reserved 1103872K
  class space    used 4340K, capacity 4552K, committed 4608K, reserved 1048576K

Card table byte_map: [0x0000000112f46000,0x0000000113747000] byte_map_base: 0x000000010f946000

Marking Bits: (ParMarkBitMap*) 0x00000001034dde20
 Begin Bits: [0x0000000113c9d000, 0x0000000117c9d000)
 End Bits:   [0x0000000117c9d000, 0x000000011bc9d000)

Polling page: 0x0000000101bd9000

CodeCache: size=245760Kb used=3977Kb max_used=8359Kb free=241782Kb
 bounds [0x0000000103b86000, 0x00000001043c6000, 0x0000000112b86000]
 total_blobs=1800 nmethods=1209 adapters=504
 compilation: enabled

Compilation events (10 events):
Event: 664.795 Thread 0x00007fe92b042800 5835       4       org.netbeans.lib.profiler.server.ProfilerRuntimeObjLiveness::signalObjGC (17 bytes)
Event: 664.795 Thread 0x00007fe92b80d000 nmethod 5833 0x0000000103e217d0 code [0x0000000103e21940, 0x0000000103e21bc8]
Event: 664.796 Thread 0x00007fe92c02f000 5836   !   4       org.netbeans.lib.profiler.server.ProfilerRuntimeMemory::writeObjGCEvent (207 bytes)
Event: 664.798 Thread 0x00007fe92c02f000 nmethod 5836 0x0000000103fe1f10 code [0x0000000103fe2060, 0x0000000103fe23d8]
Event: 664.798 Thread 0x00007fe92c02f000 5838   !   4       java.lang.ref.ReferenceQueue::remove (133 bytes)
Event: 664.799 Thread 0x00007fe92b80c800 nmethod 5834 0x0000000103d12010 code [0x0000000103d12180, 0x0000000103d12608]
Event: 664.799 Thread 0x00007fe92b80c800 5837       4       java.lang.ref.ReferenceQueue::reallyPoll (66 bytes)
Event: 664.800 Thread 0x00007fe92b80c800 nmethod 5837 0x0000000103fe1410 code [0x0000000103fe1560, 0x0000000103fe1678]
Event: 664.803 Thread 0x00007fe92b042800 nmethod 5835 0x0000000103c9cc50 code [0x0000000103c9cde0, 0x0000000103c9d608]
Event: 664.803 Thread 0x00007fe92c02f000 nmethod 5838 0x000000010407a750 code [0x000000010407a8c0, 0x000000010407b088]

GC Heap History (10 events):
Event: 598.732 GC heap before
{Heap before GC invocations=11 (full 5):
 PSYoungGen      total 78336K, used 160K [0x000000076ab00000, 0x0000000770b00000, 0x00000007c0000000)
  eden space 62464K, 0% used [0x000000076ab00000,0x000000076ab00000,0x000000076e800000)
  from space 15872K, 1% used [0x000000076fb80000,0x000000076fba8000,0x0000000770b00000)
  to   space 17920K, 0% used [0x000000076e800000,0x000000076e800000,0x000000076f980000)
 ParOldGen       total 82944K, used 14854K [0x00000006c0000000, 0x00000006c5100000, 0x000000076ab00000)
  object space 82944K, 17% used [0x00000006c0000000,0x00000006c0e81960,0x00000006c5100000)
 Metaspace       used 58946K, capacity 59498K, committed 59712K, reserved 1103872K
  class space    used 4344K, capacity 4558K, committed 4608K, reserved 1048576K
Event: 598.760 GC heap after
Heap after GC invocations=11 (full 5):
 PSYoungGen      total 78336K, used 0K [0x000000076ab00000, 0x0000000770b00000, 0x00000007c0000000)
  eden space 62464K, 0% used [0x000000076ab00000,0x000000076ab00000,0x000000076e800000)
  from space 15872K, 0% used [0x000000076fb80000,0x000000076fb80000,0x0000000770b00000)
  to   space 17920K, 0% used [0x000000076e800000,0x000000076e800000,0x000000076f980000)
 ParOldGen       total 80896K, used 14555K [0x00000006c0000000, 0x00000006c4f00000, 0x000000076ab00000)
  object space 80896K, 17% used [0x00000006c0000000,0x00000006c0e36ff0,0x00000006c4f00000)
 Metaspace       used 58946K, capacity 59498K, committed 59712K, reserved 1103872K
  class space    used 4344K, capacity 4558K, committed 4608K, reserved 1048576K
}
Event: 599.286 GC heap before
{Heap before GC invocations=12 (full 5):
 PSYoungGen      total 78336K, used 4792K [0x000000076ab00000, 0x0000000770b00000, 0x00000007c0000000)
  eden space 62464K, 7% used [0x000000076ab00000,0x000000076afae058,0x000000076e800000)
  from space 15872K, 0% used [0x000000076fb80000,0x000000076fb80000,0x0000000770b00000)
  to   space 17920K, 0% used [0x000000076e800000,0x000000076e800000,0x000000076f980000)
 ParOldGen       total 80896K, used 14555K [0x00000006c0000000, 0x00000006c4f00000, 0x000000076ab00000)
  object space 80896K, 17% used [0x00000006c0000000,0x00000006c0e36ff0,0x00000006c4f00000)
 Metaspace       used 59174K, capacity 59756K, committed 59904K, reserved 1103872K
  class space    used 4345K, capacity 4559K, committed 4608K, reserved 1048576K
Event: 599.289 GC heap after
Heap after GC invocations=12 (full 5):
 PSYoungGen      total 80384K, used 288K [0x000000076ab00000, 0x0000000771400000, 0x00000007c0000000)
  eden space 62464K, 0% used [0x000000076ab00000,0x000000076ab00000,0x000000076e800000)
  from space 17920K, 1% used [0x000000076e800000,0x000000076e848000,0x000000076f980000)
  to   space 17408K, 0% used [0x0000000770300000,0x0000000770300000,0x0000000771400000)
 ParOldGen       total 80896K, used 14555K [0x00000006c0000000, 0x00000006c4f00000, 0x000000076ab00000)
  object space 80896K, 17% used [0x00000006c0000000,0x00000006c0e36ff0,0x00000006c4f00000)
 Metaspace       used 59174K, capacity 59756K, committed 59904K, reserved 1103872K
  class space    used 4345K, capacity 4559K, committed 4608K, reserved 1048576K
}
Event: 599.289 GC heap before
{Heap before GC invocations=13 (full 6):
 PSYoungGen      total 80384K, used 288K [0x000000076ab00000, 0x0000000771400000, 0x00000007c0000000)
  eden space 62464K, 0% used [0x000000076ab00000,0x000000076ab00000,0x000000076e800000)
  from space 17920K, 1% used [0x000000076e800000,0x000000076e848000,0x000000076f980000)
  to   space 17408K, 0% used [0x0000000770300000,0x0000000770300000,0x0000000771400000)
 ParOldGen       total 80896K, used 14555K [0x00000006c0000000, 0x00000006c4f00000, 0x000000076ab00000)
  object space 80896K, 17% used [0x00000006c0000000,0x00000006c0e36ff0,0x00000006c4f00000)
 Metaspace       used 59174K, capacity 59756K, committed 59904K, reserved 1103872K
  class space    used 4345K, capacity 4559K, committed 4608K, reserved 1048576K
Event: 599.316 GC heap after
Heap after GC invocations=13 (full 6):
 PSYoungGen      total 80384K, used 0K [0x000000076ab00000, 0x0000000771400000, 0x00000007c0000000)
  eden space 62464K, 0% used [0x000000076ab00000,0x000000076ab00000,0x000000076e800000)
  from space 17920K, 0% used [0x000000076e800000,0x000000076e800000,0x000000076f980000)
  to   space 17408K, 0% used [0x0000000770300000,0x0000000770300000,0x0000000771400000)
 ParOldGen       total 95744K, used 6357K [0x00000006c0000000, 0x00000006c5d80000, 0x000000076ab00000)
  object space 95744K, 6% used [0x00000006c0000000,0x00000006c06356d8,0x00000006c5d80000)
 Metaspace       used 59166K, capacity 59742K, committed 59904K, reserved 1103872K
  class space    used 4343K, capacity 4555K, committed 4608K, reserved 1048576K
}
Event: 664.255 GC heap before
{Heap before GC invocations=14 (full 6):
 PSYoungGen      total 80384K, used 10246K [0x000000076ab00000, 0x0000000771400000, 0x00000007c0000000)
  eden space 62464K, 16% used [0x000000076ab00000,0x000000076b501aa8,0x000000076e800000)
  from space 17920K, 0% used [0x000000076e800000,0x000000076e800000,0x000000076f980000)
  to   space 17408K, 0% used [0x0000000770300000,0x0000000770300000,0x0000000771400000)
 ParOldGen       total 95744K, used 6357K [0x00000006c0000000, 0x00000006c5d80000, 0x000000076ab00000)
  object space 95744K, 6% used [0x00000006c0000000,0x00000006c06356d8,0x00000006c5d80000)
 Metaspace       used 59185K, capacity 59742K, committed 59904K, reserved 1103872K
  class space    used 4343K, capacity 4555K, committed 4608K, reserved 1048576K
Event: 664.258 GC heap after
Heap after GC invocations=14 (full 6):
 PSYoungGen      total 76800K, used 734K [0x000000076ab00000, 0x0000000770c80000, 0x00000007c0000000)
  eden space 67072K, 0% used [0x000000076ab00000,0x000000076ab00000,0x000000076ec80000)
  from space 9728K, 7% used [0x0000000770300000,0x00000007703b7b10,0x0000000770c80000)
  to   space 16384K, 0% used [0x000000076ec80000,0x000000076ec80000,0x000000076fc80000)
 ParOldGen       total 95744K, used 6357K [0x00000006c0000000, 0x00000006c5d80000, 0x000000076ab00000)
  object space 95744K, 6% used [0x00000006c0000000,0x00000006c06356d8,0x00000006c5d80000)
 Metaspace       used 59185K, capacity 59742K, committed 59904K, reserved 1103872K
  class space    used 4343K, capacity 4555K, committed 4608K, reserved 1048576K
}
Event: 664.258 GC heap before
{Heap before GC invocations=15 (full 7):
 PSYoungGen      total 76800K, used 734K [0x000000076ab00000, 0x0000000770c80000, 0x00000007c0000000)
  eden space 67072K, 0% used [0x000000076ab00000,0x000000076ab00000,0x000000076ec80000)
  from space 9728K, 7% used [0x0000000770300000,0x00000007703b7b10,0x0000000770c80000)
  to   space 16384K, 0% used [0x000000076ec80000,0x000000076ec80000,0x000000076fc80000)
 ParOldGen       total 95744K, used 6357K [0x00000006c0000000, 0x00000006c5d80000, 0x000000076ab00000)
  object space 95744K, 6% used [0x00000006c0000000,0x00000006c06356d8,0x00000006c5d80000)
 Metaspace       used 59185K, capacity 59742K, committed 59904K, reserved 1103872K
  class space    used 4343K, capacity 4555K, committed 4608K, reserved 1048576K
Event: 664.288 GC heap after
Heap after GC invocations=15 (full 7):
 PSYoungGen      total 76800K, used 0K [0x000000076ab00000, 0x0000000770c80000, 0x00000007c0000000)
  eden space 67072K, 0% used [0x000000076ab00000,0x000000076ab00000,0x000000076ec80000)
  from space 9728K, 0% used [0x0000000770300000,0x0000000770300000,0x0000000770c80000)
  to   space 16384K, 0% used [0x000000076ec80000,0x000000076ec80000,0x000000076fc80000)
 ParOldGen       total 119808K, used 6765K [0x00000006c0000000, 0x00000006c7500000, 0x000000076ab00000)
  object space 119808K, 5% used [0x00000006c0000000,0x00000006c069b7b0,0x00000006c7500000)
 Metaspace       used 59171K, capacity 59726K, committed 59904K, reserved 1103872K
  class space    used 4340K, capacity 4552K, committed 4608K, reserved 1048576K
}

Deoptimization events (10 events):
Event: 586.244 Thread 0x00007fe92e80c000 Uncommon trap: reason=bimorphic action=maybe_recompile pc=0x0000000103fedb4c method=java.io.ObjectInputStream$PeekInputStream.peek()I @ 19
Event: 586.454 Thread 0x00007fe92e80c000 Uncommon trap: reason=bimorphic action=maybe_recompile pc=0x0000000103fedb4c method=java.io.ObjectInputStream$PeekInputStream.peek()I @ 19
Event: 586.454 Thread 0x00007fe92e80c000 Uncommon trap: reason=bimorphic action=maybe_recompile pc=0x0000000103ea0350 method=java.io.ObjectInputStream$PeekInputStream.read()I @ 23
Event: 586.454 Thread 0x00007fe92e80c000 Uncommon trap: reason=bimorphic action=maybe_recompile pc=0x0000000103ea0350 method=java.io.ObjectInputStream$PeekInputStream.read()I @ 23
Event: 586.468 Thread 0x00007fe92e80c000 Uncommon trap: reason=unstable_if action=reinterpret pc=0x0000000103fade7c method=java.io.ObjectOutputStream$BlockDataOutputStream.writeBytes(Ljava/lang/String;)V @ 22
Event: 587.113 Thread 0x00007fe92a86e000 Uncommon trap: reason=unstable_if action=reinterpret pc=0x0000000103e28008 method=java.io.ObjectOutputStream$BlockDataOutputStream.writeShort(I)V @ 9
Event: 587.117 Thread 0x00007fe92a86e000 Uncommon trap: reason=unstable_if action=reinterpret pc=0x0000000103fb6928 method=java.io.ObjectOutputStream$BlockDataOutputStream.writeInt(I)V @ 9
Event: 588.118 Thread 0x00007fe92e80c000 Uncommon trap: reason=unstable_if action=reinterpret pc=0x0000000103cd3d64 method=java.io.ObjectInputStream$BlockDataInputStream.readUTFSpan(Ljava/lang/StringBuilder;J)J @ 35
Event: 588.232 Thread 0x00007fe92a86e000 Uncommon trap: reason=unstable_if action=reinterpret pc=0x0000000103cd8d2c method=java.io.BufferedOutputStream.write([BII)V @ 6
Event: 599.064 Thread 0x00007fe92a941800 Uncommon trap: reason=unstable_if action=reinterpret pc=0x0000000103df9718 method=org.netbeans.lib.profiler.server.ProfilerRuntimeMemory.writeObjLivenessStackTraceEvent(CCIJ)V @ 10

Internal exceptions (10 events):
Event: 78.966 Thread 0x00007fe92a941800 Implicit null exception at 0x0000000103ff1b9b to 0x0000000103ff1d75
Event: 255.321 Thread 0x00007fe92c0ab800 Implicit null exception at 0x0000000103ca14dc to 0x0000000103ca155e
Event: 255.334 Thread 0x00007fe92c0ab800 Exception <a 'java/lang/NoSuchMethodError': <clinit>> (0x000000076cd65a68) thrown at [/HUDSON3/workspace/8-2-build-macosx-x86_64/jdk8u66/4988/hotspot/src/share/vm/prims/jni.cpp, line 1591]
Event: 255.338 Thread 0x00007fe92c0ab800 Exception <a 'java/lang/NoSuchMethodError': <clinit>> (0x000000076cd6eed0) thrown at [/HUDSON3/workspace/8-2-build-macosx-x86_64/jdk8u66/4988/hotspot/src/share/vm/prims/jni.cpp, line 1591]
Event: 267.092 Thread 0x00007fe92c0ab800 Exception <a 'java/lang/NoSuchMethodError': <clinit>> (0x000000076ced8ec8) thrown at [/HUDSON3/workspace/8-2-build-macosx-x86_64/jdk8u66/4988/hotspot/src/share/vm/prims/jni.cpp, line 1591]
Event: 267.128 Thread 0x00007fe92c0ab800 Implicit null exception at 0x0000000103fbe8d1 to 0x0000000103fbeab9
Event: 276.786 Thread 0x00007fe92a941800 Implicit null exception at 0x0000000103e25adc to 0x0000000103e25cc9
Event: 442.241 Thread 0x00007fe92b043800 Exception <a 'java/lang/ArrayIndexOutOfBoundsException': 71> (0x000000076ab05a60) thrown at [/HUDSON3/workspace/8-2-build-macosx-x86_64/jdk8u66/4988/hotspot/src/share/vm/interpreter/interpreterRuntime.cpp, line 366]
Event: 442.245 Thread 0x00007fe92b043800 Exception <a 'java/lang/ArrayIndexOutOfBoundsException'> (0x000000076ab11168) thrown at [/HUDSON3/workspace/8-2-build-macosx-x86_64/jdk8u66/4988/hotspot/src/share/vm/runtime/sharedRuntime.cpp, line 605]
Event: 442.245 Thread 0x00007fe92b043800 Exception <a 'java/lang/ArrayIndexOutOfBoundsException'> (0x000000076ab13c58) thrown at [/HUDSON3/workspace/8-2-build-macosx-x86_64/jdk8u66/4988/hotspot/src/share/vm/runtime/sharedRuntime.cpp, line 605]

Events (10 events):
Event: 664.294 Thread 0x00007fe92c02f000 flushing nmethod 0x0000000103cf2050
Event: 664.795 Thread 0x00007fe92b80d000 flushing nmethod 0x0000000103d12010
Event: 664.795 Thread 0x00007fe92b80d000 flushing nmethod 0x0000000103d12c90
Event: 664.795 Thread 0x00007fe92b80d000 flushing nmethod 0x0000000103d43750
Event: 664.798 Thread 0x00007fe92c02f000 flushing nmethod 0x0000000103d5cd10
Event: 664.798 Thread 0x00007fe92c02f000 flushing nmethod 0x0000000103d66c90
Event: 664.803 Thread 0x00007fe92b042800 flushing nmethod 0x0000000103e6e110
Event: 664.803 Thread 0x00007fe92b042800 flushing nmethod 0x0000000103e6e650
Event: 664.803 Thread 0x00007fe92b042800 flushing nmethod 0x0000000103e8f010
Event: 664.803 Thread 0x00007fe92b042800 flushing nmethod 0x0000000103ec4ed0


Dynamic libraries:
0x0000000004ba7000 	/System/Library/Frameworks/Cocoa.framework/Versions/A/Cocoa
0x0000000004ba7000 	/System/Library/Frameworks/Security.framework/Versions/A/Security
0x0000000004ba7000 	/System/Library/Frameworks/ApplicationServices.framework/Versions/A/ApplicationServices
0x0000000004ba7000 	/usr/lib/libz.1.dylib
0x0000000004ba7000 	/usr/lib/libSystem.B.dylib
0x0000000004ba7000 	/usr/lib/libobjc.A.dylib
0x0000000004ba7000 	/System/Library/Frameworks/CoreFoundation.framework/Versions/A/CoreFoundation
0x0000000004ba7000 	/System/Library/Frameworks/Foundation.framework/Versions/C/Foundation
0x0000000004ba7000 	/System/Library/Frameworks/AppKit.framework/Versions/C/AppKit
0x0000000004ba7000 	/System/Library/Frameworks/CoreData.framework/Versions/A/CoreData
0x0000000004ba7000 	/System/Library/PrivateFrameworks/RemoteViewServices.framework/Versions/A/RemoteViewServices
0x0000000004ba7000 	/System/Library/PrivateFrameworks/UIFoundation.framework/Versions/A/UIFoundation
0x0000000004ba7000 	/usr/lib/libScreenReader.dylib
0x0000000004ba7000 	/System/Library/Frameworks/Accelerate.framework/Versions/A/Accelerate
0x0000000004ba7000 	/System/Library/Frameworks/IOSurface.framework/Versions/A/IOSurface
0x0000000004ba7000 	/System/Library/Frameworks/AudioToolbox.framework/Versions/A/AudioToolbox
0x0000000004ba7000 	/System/Library/Frameworks/AudioUnit.framework/Versions/A/AudioUnit
0x0000000004ba7000 	/System/Library/PrivateFrameworks/DataDetectorsCore.framework/Versions/A/DataDetectorsCore
0x0000000004ba7000 	/System/Library/PrivateFrameworks/DesktopServicesPriv.framework/Versions/A/DesktopServicesPriv
0x0000000004ba7000 	/System/Library/Frameworks/Carbon.framework/Versions/A/Frameworks/HIToolbox.framework/Versions/A/HIToolbox
0x0000000004ba7000 	/System/Library/Frameworks/QuartzCore.framework/Versions/A/QuartzCore
0x0000000004ba7000 	/System/Library/Frameworks/Carbon.framework/Versions/A/Frameworks/SpeechRecognition.framework/Versions/A/SpeechRecognition
0x0000000004ba7000 	/usr/lib/libauto.dylib
0x0000000004ba7000 	/usr/lib/libicucore.A.dylib
0x0000000004ba7000 	/usr/lib/libxml2.2.dylib
0x0000000004ba7000 	/System/Library/PrivateFrameworks/CoreUI.framework/Versions/A/CoreUI
0x0000000004ba7000 	/System/Library/Frameworks/CoreAudio.framework/Versions/A/CoreAudio
0x0000000004ba7000 	/System/Library/Frameworks/DiskArbitration.framework/Versions/A/DiskArbitration
0x0000000004ba7000 	/usr/lib/liblangid.dylib
0x0000000004ba7000 	/System/Library/PrivateFrameworks/MultitouchSupport.framework/Versions/A/MultitouchSupport
0x0000000004ba7000 	/System/Library/Frameworks/IOKit.framework/Versions/A/IOKit
0x0000000004ba7000 	/usr/lib/libDiagnosticMessagesClient.dylib
0x0000000004ba7000 	/System/Library/Frameworks/CoreServices.framework/Versions/A/CoreServices
0x0000000004ba7000 	/System/Library/PrivateFrameworks/PerformanceAnalysis.framework/Versions/A/PerformanceAnalysis
0x0000000004ba7000 	/System/Library/PrivateFrameworks/GenerationalStorage.framework/Versions/A/GenerationalStorage
0x0000000004ba7000 	/System/Library/Frameworks/OpenGL.framework/Versions/A/OpenGL
0x0000000004ba7000 	/System/Library/PrivateFrameworks/Sharing.framework/Versions/A/Sharing
0x0000000004ba7000 	/System/Library/Frameworks/CoreGraphics.framework/Versions/A/CoreGraphics
0x0000000004ba7000 	/System/Library/Frameworks/CoreImage.framework/Versions/A/CoreImage
0x0000000004ba7000 	/System/Library/Frameworks/CoreText.framework/Versions/A/CoreText
0x0000000004ba7000 	/System/Library/Frameworks/ImageIO.framework/Versions/A/ImageIO
0x0000000004ba7000 	/System/Library/PrivateFrameworks/Backup.framework/Versions/A/Backup
0x0000000004ba7000 	/usr/lib/libextension.dylib
0x0000000004ba7000 	/usr/lib/libarchive.2.dylib
0x0000000004ba7000 	/System/Library/Frameworks/CFNetwork.framework/Versions/A/CFNetwork
0x0000000004ba7000 	/System/Library/Frameworks/SystemConfiguration.framework/Versions/A/SystemConfiguration
0x0000000004ba7000 	/usr/lib/libCRFSuite.dylib
0x0000000004ba7000 	/usr/lib/libc++.1.dylib
0x0000000004ba7000 	/usr/lib/libc++abi.dylib
0x0000000004ba7000 	/usr/lib/system/libcache.dylib
0x0000000004ba7000 	/usr/lib/system/libcommonCrypto.dylib
0x0000000004ba7000 	/usr/lib/system/libcompiler_rt.dylib
0x0000000004ba7000 	/usr/lib/system/libcopyfile.dylib
0x0000000004ba7000 	/usr/lib/system/libcorecrypto.dylib
0x0000000004ba7000 	/usr/lib/system/libdispatch.dylib
0x0000000004ba7000 	/usr/lib/system/libdyld.dylib
0x0000000004ba7000 	/usr/lib/system/libkeymgr.dylib
0x0000000004ba7000 	/usr/lib/system/liblaunch.dylib
0x0000000004ba7000 	/usr/lib/system/libmacho.dylib
0x0000000004ba7000 	/usr/lib/system/libquarantine.dylib
0x0000000004ba7000 	/usr/lib/system/libremovefile.dylib
0x0000000004ba7000 	/usr/lib/system/libsystem_asl.dylib
0x0000000004ba7000 	/usr/lib/system/libsystem_blocks.dylib
0x0000000004ba7000 	/usr/lib/system/libsystem_c.dylib
0x0000000004ba7000 	/usr/lib/system/libsystem_configuration.dylib
0x0000000004ba7000 	/usr/lib/system/libsystem_coreservices.dylib
0x0000000004ba7000 	/usr/lib/system/libsystem_coretls.dylib
0x0000000004ba7000 	/usr/lib/system/libsystem_dnssd.dylib
0x0000000004ba7000 	/usr/lib/system/libsystem_info.dylib
0x0000000004ba7000 	/usr/lib/system/libsystem_kernel.dylib
0x0000000004ba7000 	/usr/lib/system/libsystem_m.dylib
0x0000000004ba7000 	/usr/lib/system/libsystem_malloc.dylib
0x0000000004ba7000 	/usr/lib/system/libsystem_network.dylib
0x0000000004ba7000 	/usr/lib/system/libsystem_networkextension.dylib
0x0000000004ba7000 	/usr/lib/system/libsystem_notify.dylib
0x0000000004ba7000 	/usr/lib/system/libsystem_platform.dylib
0x0000000004ba7000 	/usr/lib/system/libsystem_pthread.dylib
0x0000000004ba7000 	/usr/lib/system/libsystem_sandbox.dylib
0x0000000004ba7000 	/usr/lib/system/libsystem_secinit.dylib
0x0000000004ba7000 	/usr/lib/system/libsystem_trace.dylib
0x0000000004ba7000 	/usr/lib/system/libunc.dylib
0x0000000004ba7000 	/usr/lib/system/libunwind.dylib
0x0000000004ba7000 	/usr/lib/system/libxpc.dylib
0x0000000004ba7000 	/usr/lib/libenergytrace.dylib
0x0000000004ba7000 	/usr/lib/libbsm.0.dylib
0x0000000004ba7000 	/usr/lib/system/libkxld.dylib
0x0000000004ba7000 	/usr/lib/libxar.1.dylib
0x0000000004ba7000 	/usr/lib/libsqlite3.dylib
0x0000000004ba7000 	/usr/lib/libpam.2.dylib
0x0000000004ba7000 	/usr/lib/libOpenScriptingUtil.dylib
0x0000000004ba7000 	/usr/lib/libbz2.1.0.dylib
0x0000000004ba7000 	/usr/lib/liblzma.5.dylib
0x0000000004ba7000 	/System/Library/Frameworks/CoreServices.framework/Versions/A/Frameworks/FSEvents.framework/Versions/A/FSEvents
0x0000000004ba7000 	/System/Library/Frameworks/CoreServices.framework/Versions/A/Frameworks/CarbonCore.framework/Versions/A/CarbonCore
0x0000000004ba7000 	/System/Library/Frameworks/CoreServices.framework/Versions/A/Frameworks/Metadata.framework/Versions/A/Metadata
0x0000000004ba7000 	/System/Library/Frameworks/CoreServices.framework/Versions/A/Frameworks/OSServices.framework/Versions/A/OSServices
0x0000000004ba7000 	/System/Library/Frameworks/CoreServices.framework/Versions/A/Frameworks/SearchKit.framework/Versions/A/SearchKit
0x0000000004ba7000 	/System/Library/Frameworks/CoreServices.framework/Versions/A/Frameworks/AE.framework/Versions/A/AE
0x0000000004ba7000 	/System/Library/Frameworks/CoreServices.framework/Versions/A/Frameworks/LaunchServices.framework/Versions/A/LaunchServices
0x0000000004ba7000 	/System/Library/Frameworks/CoreServices.framework/Versions/A/Frameworks/DictionaryServices.framework/Versions/A/DictionaryServices
0x0000000004ba7000 	/System/Library/Frameworks/CoreServices.framework/Versions/A/Frameworks/SharedFileList.framework/Versions/A/SharedFileList
0x0000000004ba7000 	/System/Library/Frameworks/NetFS.framework/Versions/A/NetFS
0x0000000004ba7000 	/System/Library/PrivateFrameworks/NetAuth.framework/Versions/A/NetAuth
0x0000000004ba7000 	/System/Library/PrivateFrameworks/login.framework/Versions/A/Frameworks/loginsupport.framework/Versions/A/loginsupport
0x0000000004ba7000 	/System/Library/PrivateFrameworks/TCC.framework/Versions/A/TCC
0x0000000004ba7000 	/usr/lib/libmecabra.dylib
0x0000000004ba7000 	/System/Library/Frameworks/ApplicationServices.framework/Versions/A/Frameworks/ATS.framework/Versions/A/ATS
0x0000000004ba7000 	/System/Library/Frameworks/ApplicationServices.framework/Versions/A/Frameworks/ColorSync.framework/Versions/A/ColorSync
0x0000000004ba7000 	/System/Library/Frameworks/ApplicationServices.framework/Versions/A/Frameworks/HIServices.framework/Versions/A/HIServices
0x0000000004ba7000 	/System/Library/Frameworks/ApplicationServices.framework/Versions/A/Frameworks/LangAnalysis.framework/Versions/A/LangAnalysis
0x0000000004ba7000 	/System/Library/Frameworks/ApplicationServices.framework/Versions/A/Frameworks/PrintCore.framework/Versions/A/PrintCore
0x0000000004ba7000 	/System/Library/Frameworks/ApplicationServices.framework/Versions/A/Frameworks/QD.framework/Versions/A/QD
0x0000000004ba7000 	/System/Library/Frameworks/ApplicationServices.framework/Versions/A/Frameworks/SpeechSynthesis.framework/Versions/A/SpeechSynthesis
0x0000000004ba7000 	/System/Library/Frameworks/Metal.framework/Versions/A/Metal
0x0000000004ba7000 	/System/Library/Frameworks/Accelerate.framework/Versions/A/Frameworks/vImage.framework/Versions/A/vImage
0x0000000004ba7000 	/System/Library/Frameworks/Accelerate.framework/Versions/A/Frameworks/vecLib.framework/Versions/A/vecLib
0x0000000004ba7000 	/System/Library/Frameworks/Accelerate.framework/Versions/A/Frameworks/vecLib.framework/Versions/A/libvDSP.dylib
0x0000000004ba7000 	/System/Library/Frameworks/Accelerate.framework/Versions/A/Frameworks/vecLib.framework/Versions/A/libvMisc.dylib
0x0000000004ba7000 	/System/Library/Frameworks/Accelerate.framework/Versions/A/Frameworks/vecLib.framework/Versions/A/libLAPACK.dylib
0x0000000004ba7000 	/System/Library/Frameworks/Accelerate.framework/Versions/A/Frameworks/vecLib.framework/Versions/A/libBLAS.dylib
0x0000000004ba7000 	/System/Library/Frameworks/Accelerate.framework/Versions/A/Frameworks/vecLib.framework/Versions/A/libLinearAlgebra.dylib
0x0000000004ba7000 	/System/Library/Frameworks/Accelerate.framework/Versions/A/Frameworks/vecLib.framework/Versions/A/libSparseBLAS.dylib
0x0000000004ba7000 	/System/Library/PrivateFrameworks/GPUCompiler.framework/libmetal_timestamp.dylib
0x0000000004ba7000 	/System/Library/Frameworks/OpenGL.framework/Versions/A/Libraries/libCoreFSCache.dylib
0x0000000004ba7000 	/System/Library/PrivateFrameworks/IOAccelerator.framework/Versions/A/IOAccelerator
0x0000000004ba7000 	/System/Library/Frameworks/ApplicationServices.framework/Versions/A/Frameworks/ATS.framework/Versions/A/Resources/libFontParser.dylib
0x0000000004ba7000 	/System/Library/Frameworks/ApplicationServices.framework/Versions/A/Frameworks/ATS.framework/Versions/A/Resources/libFontRegistry.dylib
0x0000000004ba7000 	/System/Library/PrivateFrameworks/AppleVPA.framework/Versions/A/AppleVPA
0x0000000004ba7000 	/System/Library/PrivateFrameworks/AppleJPEG.framework/Versions/A/AppleJPEG
0x0000000004ba7000 	/System/Library/Frameworks/ImageIO.framework/Versions/A/Resources/libJPEG.dylib
0x0000000004ba7000 	/System/Library/Frameworks/ImageIO.framework/Versions/A/Resources/libTIFF.dylib
0x0000000004ba7000 	/System/Library/Frameworks/ImageIO.framework/Versions/A/Resources/libPng.dylib
0x0000000004ba7000 	/System/Library/Frameworks/ImageIO.framework/Versions/A/Resources/libGIF.dylib
0x0000000004ba7000 	/System/Library/Frameworks/ImageIO.framework/Versions/A/Resources/libJP2.dylib
0x0000000004ba7000 	/System/Library/Frameworks/ImageIO.framework/Versions/A/Resources/libRadiance.dylib
0x0000000004ba7000 	/System/Library/Frameworks/CoreVideo.framework/Versions/A/CoreVideo
0x0000000004ba7000 	/System/Library/Frameworks/OpenGL.framework/Versions/A/Libraries/libGLU.dylib
0x0000000004ba7000 	/System/Library/Frameworks/OpenGL.framework/Versions/A/Libraries/libGFXShared.dylib
0x0000000004ba7000 	/System/Library/Frameworks/OpenGL.framework/Versions/A/Libraries/libGL.dylib
0x0000000004ba7000 	/System/Library/Frameworks/OpenGL.framework/Versions/A/Libraries/libGLImage.dylib
0x0000000004ba7000 	/System/Library/Frameworks/OpenGL.framework/Versions/A/Libraries/libCVMSPluginSupport.dylib
0x0000000004ba7000 	/System/Library/Frameworks/OpenGL.framework/Versions/A/Libraries/libCoreVMClient.dylib
0x0000000004ba7000 	/usr/lib/libcups.2.dylib
0x0000000004ba7000 	/System/Library/Frameworks/Kerberos.framework/Versions/A/Kerberos
0x0000000004ba7000 	/System/Library/Frameworks/GSS.framework/Versions/A/GSS
0x0000000004ba7000 	/usr/lib/libresolv.9.dylib
0x0000000004ba7000 	/usr/lib/libiconv.2.dylib
0x0000000004ba7000 	/System/Library/PrivateFrameworks/Heimdal.framework/Versions/A/Heimdal
0x0000000004ba7000 	/usr/lib/libheimdal-asn1.dylib
0x0000000004ba7000 	/System/Library/Frameworks/OpenDirectory.framework/Versions/A/OpenDirectory
0x0000000004ba7000 	/System/Library/PrivateFrameworks/CommonAuth.framework/Versions/A/CommonAuth
0x0000000004ba7000 	/System/Library/Frameworks/OpenDirectory.framework/Versions/A/Frameworks/CFOpenDirectory.framework/Versions/A/CFOpenDirectory
0x0000000004ba7000 	/System/Library/Frameworks/SecurityFoundation.framework/Versions/A/SecurityFoundation
0x0000000004ba7000 	/System/Library/PrivateFrameworks/LanguageModeling.framework/Versions/A/LanguageModeling
0x0000000004ba7000 	/usr/lib/libmarisa.dylib
0x0000000004ba7000 	/usr/lib/libChineseTokenizer.dylib
0x0000000004ba7000 	/usr/lib/libcmph.dylib
0x0000000004ba7000 	/usr/lib/libcompression.dylib
0x0000000004ba7000 	/System/Library/Frameworks/ServiceManagement.framework/Versions/A/ServiceManagement
0x0000000004ba7000 	/usr/lib/libxslt.1.dylib
0x0000000004ba7000 	/System/Library/Frameworks/Carbon.framework/Versions/A/Frameworks/Ink.framework/Versions/A/Ink
0x0000000004ba7000 	/usr/lib/libFosl_dynamic.dylib
0x0000000004ba7000 	/System/Library/PrivateFrameworks/FaceCore.framework/Versions/A/FaceCore
0x0000000004ba7000 	/System/Library/Frameworks/OpenCL.framework/Versions/A/OpenCL
0x0000000004ba7000 	/System/Library/PrivateFrameworks/CrashReporterSupport.framework/Versions/A/CrashReporterSupport
0x0000000004ba7000 	/System/Library/PrivateFrameworks/IconServices.framework/Versions/A/IconServices
0x0000000004ba7000 	/System/Library/PrivateFrameworks/Apple80211.framework/Versions/A/Apple80211
0x0000000004ba7000 	/System/Library/Frameworks/CoreWLAN.framework/Versions/A/CoreWLAN
0x0000000004ba7000 	/System/Library/Frameworks/IOBluetooth.framework/Versions/A/IOBluetooth
0x0000000004ba7000 	/System/Library/PrivateFrameworks/CoreWiFi.framework/Versions/A/CoreWiFi
0x0000000004ba7000 	/System/Library/Frameworks/CoreBluetooth.framework/Versions/A/CoreBluetooth
0x0000000004ba7000 	/System/Library/PrivateFrameworks/ChunkingLibrary.framework/Versions/A/ChunkingLibrary
0x0000000004ba7000 	/System/Library/PrivateFrameworks/DebugSymbols.framework/Versions/A/DebugSymbols
0x0000000004ba7000 	/System/Library/PrivateFrameworks/CoreSymbolication.framework/Versions/A/CoreSymbolication
0x0000000004ba7000 	/System/Library/PrivateFrameworks/Symbolication.framework/Versions/A/Symbolication
0x0000000004ba7000 	/System/Library/PrivateFrameworks/SpeechRecognitionCore.framework/Versions/A/SpeechRecognitionCore
0x000000004782a000 	/System/Library/CoreServices/Encodings/libCyrillicConverter.dylib
0x0000000102c00000 	/Library/Internet Plug-Ins/JavaAppletPlugin.plugin/Contents/Home/lib/server/libjvm.dylib
0x0000000004ba7000 	/usr/lib/libstdc++.6.dylib
0x0000000101b96000 	/Library/Internet Plug-Ins/JavaAppletPlugin.plugin/Contents/Home/lib/libverify.dylib
0x0000000101ba4000 	/Library/Internet Plug-Ins/JavaAppletPlugin.plugin/Contents/Home/lib/libjava.dylib
0x0000000101be3000 	/Library/Internet Plug-Ins/JavaAppletPlugin.plugin/Contents/Home/lib/libzip.dylib
0x000000011ec13000 	/System/Library/Frameworks/JavaVM.framework/Frameworks/JavaRuntimeSupport.framework/JavaRuntimeSupport
0x000000011ec2e000 	/System/Library/Frameworks/JavaVM.framework/Versions/A/Frameworks/JavaNativeFoundation.framework/Versions/A/JavaNativeFoundation
0x0000000101bec000 	/System/Library/Frameworks/JavaVM.framework/Versions/A/JavaVM
0x0000000004ba7000 	/System/Library/Frameworks/Carbon.framework/Versions/A/Carbon
0x000000011ec43000 	/System/Library/PrivateFrameworks/JavaLaunching.framework/Versions/A/JavaLaunching
0x0000000004ba7000 	/System/Library/Frameworks/Carbon.framework/Versions/A/Frameworks/CommonPanels.framework/Versions/A/CommonPanels
0x0000000004ba7000 	/System/Library/Frameworks/Carbon.framework/Versions/A/Frameworks/Help.framework/Versions/A/Help
0x0000000004ba7000 	/System/Library/Frameworks/Carbon.framework/Versions/A/Frameworks/ImageCapture.framework/Versions/A/ImageCapture
0x0000000004ba7000 	/System/Library/Frameworks/Carbon.framework/Versions/A/Frameworks/OpenScripting.framework/Versions/A/OpenScripting
0x0000000004ba7000 	/System/Library/Frameworks/Carbon.framework/Versions/A/Frameworks/Print.framework/Versions/A/Print
0x0000000004ba7000 	/System/Library/Frameworks/Carbon.framework/Versions/A/Frameworks/SecurityHI.framework/Versions/A/SecurityHI
0x0000000120568000 	/Library/Internet Plug-Ins/JavaAppletPlugin.plugin/Contents/Home/lib/libawt.dylib
0x0000000120610000 	/Library/Internet Plug-Ins/JavaAppletPlugin.plugin/Contents/Home/lib/./libmlib_image.dylib
0x00000001206dc000 	/Library/Internet Plug-Ins/JavaAppletPlugin.plugin/Contents/Home/lib/libawt_lwawt.dylib
0x0000000120791000 	/Library/Internet Plug-Ins/JavaAppletPlugin.plugin/Contents/Home/lib/./libosxapp.dylib
0x0000000004ba7000 	/System/Library/Frameworks/ExceptionHandling.framework/Versions/A/ExceptionHandling
0x0000000004ba7000 	/System/Library/PrivateFrameworks/CoreServicesInternal.framework/Versions/A/CoreServicesInternal
0x0000000004ba7000 	/System/Library/Frameworks/CoreGraphics.framework/Versions/A/Resources/libRIP.A.dylib
0x0000000004ba7000 	/System/Library/Frameworks/Accelerate.framework/Versions/A/Frameworks/vImage.framework/Versions/A/Libraries/libCGInterfaces.dylib
0x0000000004ba7000 	/System/Library/Frameworks/CoreGraphics.framework/Versions/A/Resources/libCGXType.A.dylib
0x0000000004ba7000 	/System/Library/Frameworks/OpenCL.framework/Versions/A/Libraries/libcldcpuengine.dylib
0x0000000004ba7000 	/System/Library/PrivateFrameworks/DiskImages.framework/Versions/A/DiskImages
0x0000000004ba7000 	/System/Library/Frameworks/DiscRecording.framework/Versions/A/DiscRecording
0x0000000004ba7000 	/usr/lib/libcsfde.dylib
0x0000000004ba7000 	/usr/lib/libcurl.4.dylib
0x0000000004ba7000 	/System/Library/PrivateFrameworks/MediaKit.framework/Versions/A/MediaKit
0x0000000004ba7000 	/System/Library/PrivateFrameworks/ProtectedCloudStorage.framework/Versions/A/ProtectedCloudStorage
0x0000000004ba7000 	/usr/lib/libCoreStorage.dylib
0x0000000004ba7000 	/System/Library/PrivateFrameworks/EFILogin.framework/Versions/A/EFILogin
0x0000000004ba7000 	/usr/lib/libutil.dylib
0x0000000004ba7000 	/System/Library/PrivateFrameworks/FindMyDevice.framework/Versions/A/FindMyDevice
0x0000000004ba7000 	/System/Library/Frameworks/LDAP.framework/Versions/A/LDAP
0x0000000004ba7000 	/usr/lib/libsasl2.2.dylib
0x0000000004ba7000 	/System/Library/PrivateFrameworks/CoreDaemon.framework/Versions/B/CoreDaemon
0x0000000004ba7000 	/usr/lib/libcrypto.0.9.8.dylib
0x0000000004ba7000 	/System/Library/PrivateFrameworks/AppleSRP.framework/Versions/A/AppleSRP
0x0000000004ba7000 	/System/Library/PrivateFrameworks/TrustEvaluationAgent.framework/Versions/A/TrustEvaluationAgent
0x000000012156b000 	cl_kernels
0x0000000004ba7000 	/System/Library/Frameworks/OpenCL.framework/Versions/A/Libraries/ImageFormats/unorm8_bgra.dylib
0x0000000004ba7000 	/System/Library/Frameworks/OpenCL.framework/Versions/A/Libraries/ImageFormats/unorm8_rgba.dylib
0x0000000004ba7000 	/System/Library/PrivateFrameworks/FamilyControls.framework/Versions/A/FamilyControls
0x0000000004ba7000 	/System/Library/PrivateFrameworks/CommerceKit.framework/Versions/A/Frameworks/CommerceCore.framework/Versions/A/CommerceCore
0x0000000004ba7000 	/System/Library/PrivateFrameworks/SystemAdministration.framework/Versions/A/SystemAdministration
0x0000000004ba7000 	/System/Library/PrivateFrameworks/AppContainer.framework/Versions/A/AppContainer
0x0000000004ba7000 	/System/Library/PrivateFrameworks/SecCodeWrapper.framework/Versions/A/SecCodeWrapper
0x0000000004ba7000 	/System/Library/Frameworks/DirectoryService.framework/Versions/A/DirectoryService
0x0000000004ba7000 	/System/Library/PrivateFrameworks/LoginUIKit.framework/Versions/A/Frameworks/LoginUICore.framework/Versions/A/LoginUICore
0x0000000004ba7000 	/usr/lib/libodfde.dylib
0x0000000123958000 	/Library/Internet Plug-Ins/JavaAppletPlugin.plugin/Contents/Home/lib/libfontmanager.dylib
0x0000000004ba7000 	/System/Library/Frameworks/OpenGL.framework/Versions/A/Resources/GLEngine.bundle/GLEngine
0x0000000004ba7000 	/System/Library/Frameworks/OpenGL.framework/Versions/A/Libraries/libGLProgrammability.dylib
0x00000001239bf000 	/System/Library/Extensions/AppleIntelHD5000GraphicsGLDriver.bundle/Contents/MacOS/AppleIntelHD5000GraphicsGLDriver
0x0000000004ba7000 	/System/Library/PrivateFrameworks/GPUSupport.framework/Versions/A/Libraries/libGPUSupportMercury.dylib
0x0000000004ba7000 	/System/Library/Frameworks/OpenGL.framework/Versions/A/Resources/GLRendererFloat.bundle/GLRendererFloat
0x00000001249b5000 	/Library/Internet Plug-Ins/JavaAppletPlugin.plugin/Contents/Home/lib/libosxui.dylib
0x0000000125928000 	/Library/Internet Plug-Ins/JavaAppletPlugin.plugin/Contents/Home/lib/libnet.dylib
0x00000001256cb000 	/Library/Internet Plug-Ins/JavaAppletPlugin.plugin/Contents/Home/lib/libnio.dylib
0x0000000004ba7000 	/System/Library/Frameworks/ApplicationServices.framework/Versions/A/Frameworks/ATS.framework/Versions/A/Resources/libTrueTypeScaler.dylib
0x000000018ea60000 	/Library/Internet Plug-Ins/JavaAppletPlugin.plugin/Contents/Home/lib/libmanagement.dylib
0x00000001937d4000 	/System/Library/Extensions/AppleIntelHD5000GraphicsMTLDriver.bundle/Contents/MacOS/AppleIntelHD5000GraphicsMTLDriver
0x00000001223ac000 	/Library/Internet Plug-Ins/JavaAppletPlugin.plugin/Contents/Home/lib/libinstrument.dylib
0x00000001223d3000 	/Library/Java/JavaVirtualMachines/jdk1.8.0_66.jdk/Contents/Home/lib/visualvm/profiler/lib/deployed/jdk16/mac/libprofilerinterface.jnilib
0x00000001a1b9f000 	/Library/Internet Plug-Ins/JavaAppletPlugin.plugin/Contents/Home/lib/libdcpr.dylib

VM Arguments:
java_command: /Users/aleksandr/IdeaProjects/Копия SwingLab4/out/artifacts/SwingLab4_jar/SwingLab4.jar
java_class_path (initial): /Users/aleksandr/IdeaProjects/Копия SwingLab4/out/artifacts/SwingLab4_jar/SwingLab4.jar
Launcher Type: SUN_STANDARD

Environment Variables:
PATH=/usr/bin:/bin:/usr/sbin:/sbin
SHELL=/bin/bash

Signal Handlers:
SIGSEGV: [libjvm.dylib+0x5a65d5], sa_mask[0]=11111111011111110111111111111111, sa_flags=SA_ONSTACK|SA_RESTART|SA_SIGINFO
SIGBUS: [libjvm.dylib+0x5a65d5], sa_mask[0]=11111111011111110111111111111111, sa_flags=SA_RESTART|SA_SIGINFO
SIGFPE: [libjvm.dylib+0x4802e8], sa_mask[0]=11111111011111110111111111111111, sa_flags=SA_RESTART|SA_SIGINFO
SIGPIPE: [libjvm.dylib+0x4802e8], sa_mask[0]=11111111011111110111111111111111, sa_flags=SA_RESTART|SA_SIGINFO
SIGXFSZ: [libjvm.dylib+0x4802e8], sa_mask[0]=11111111011111110111111111111111, sa_flags=SA_RESTART|SA_SIGINFO
SIGILL: [libjvm.dylib+0x4802e8], sa_mask[0]=11111111011111110111111111111111, sa_flags=SA_RESTART|SA_SIGINFO
SIGUSR1: SIG_DFL, sa_mask[0]=00000000000000000000000000000000, sa_flags=none
SIGUSR2: [libjvm.dylib+0x47fe06], sa_mask[0]=00000000000000000000000000000000, sa_flags=SA_RESTART|SA_SIGINFO
SIGHUP: [libjvm.dylib+0x47e3dd], sa_mask[0]=11111111011111110111111111111111, sa_flags=SA_RESTART|SA_SIGINFO
SIGINT: [libjvm.dylib+0x47e3dd], sa_mask[0]=11111111011111110111111111111111, sa_flags=SA_RESTART|SA_SIGINFO
SIGTERM: [libjvm.dylib+0x47e3dd], sa_mask[0]=11111111011111110111111111111111, sa_flags=SA_RESTART|SA_SIGINFO
SIGQUIT: [libjvm.dylib+0x47e3dd], sa_mask[0]=11111111011111110111111111111111, sa_flags=SA_RESTART|SA_SIGINFO


---------------  S Y S T E M  ---------------

OS:Bsduname:Darwin 15.2.0 Darwin Kernel Version 15.2.0: Fri Nov 13 19:56:56 PST 2015; root:xnu-3248.20.55~2/RELEASE_X86_64 x86_64
rlimit: STACK 8192k, CORE 0k, NPROC 709, NOFILE 10240, AS infinity
load average:2.20 2.14 2.07

CPU:total 8 (4 cores per cpu, 2 threads per core) family 6 model 70 stepping 1, cmov, cx8, fxsr, mmx, sse, sse2, sse3, ssse3, sse4.1, sse4.2, popcnt, avx, avx2, aes, clmul, erms, lzcnt, ht, tsc, tscinvbit, bmi1, bmi2

Memory: 4k page, physical 16777216k(87004k free)

/proc/meminfo:


vm_info: Java HotSpot(TM) 64-Bit Server VM (25.66-b17) for bsd-amd64 JRE (1.8.0_66-b17), built on Oct  6 2015 16:09:13 by "java_re" with gcc 4.2.1 (Based on Apple Inc. build 5658) (LLVM build 2336.11.00)

time: Mon Jan 18 02:00:52 2016
elapsed time: 665 seconds (0d 0h 11m 5s)

